{"C:\\Users\\s528926\\44563\\node-express-mvc-ejs-start\\spec\\app.spec.js":{"path":"C:\\Users\\s528926\\44563\\node-express-mvc-ejs-start\\spec\\app.spec.js","s":{"1":1,"2":1,"3":1,"4":0,"5":0,"6":0,"7":0,"8":0,"9":0,"10":0,"11":0,"12":0,"13":0,"14":0,"15":0,"16":0,"17":0,"18":0,"19":0,"20":0,"21":0,"22":0,"23":0,"24":0,"25":0,"26":0,"27":0},"b":{},"f":{},"fnMap":{},"statementMap":{"1":{"start":{"line":5,"column":0},"end":{"line":5,"column":34}},"2":{"start":{"line":6,"column":0},"end":{"line":6,"column":41}},"3":{"start":{"line":8,"column":0},"end":{"line":56,"column":2}},"4":{"start":{"line":9,"column":4},"end":{"line":15,"column":6}},"5":{"start":{"line":10,"column":8},"end":{"line":14,"column":10}},"6":{"start":{"line":11,"column":12},"end":{"line":13,"column":14}},"7":{"start":{"line":12,"column":16},"end":{"line":12,"column":53}},"8":{"start":{"line":17,"column":4},"end":{"line":23,"column":6}},"9":{"start":{"line":18,"column":8},"end":{"line":22,"column":10}},"10":{"start":{"line":19,"column":12},"end":{"line":21,"column":14}},"11":{"start":{"line":20,"column":16},"end":{"line":20,"column":53}},"12":{"start":{"line":25,"column":4},"end":{"line":31,"column":6}},"13":{"start":{"line":26,"column":8},"end":{"line":30,"column":10}},"14":{"start":{"line":27,"column":12},"end":{"line":29,"column":14}},"15":{"start":{"line":28,"column":16},"end":{"line":28,"column":53}},"16":{"start":{"line":33,"column":4},"end":{"line":39,"column":6}},"17":{"start":{"line":34,"column":8},"end":{"line":38,"column":10}},"18":{"start":{"line":35,"column":12},"end":{"line":37,"column":14}},"19":{"start":{"line":36,"column":16},"end":{"line":36,"column":53}},"20":{"start":{"line":41,"column":4},"end":{"line":47,"column":6}},"21":{"start":{"line":42,"column":8},"end":{"line":46,"column":10}},"22":{"start":{"line":43,"column":12},"end":{"line":45,"column":14}},"23":{"start":{"line":44,"column":16},"end":{"line":44,"column":53}},"24":{"start":{"line":49,"column":4},"end":{"line":55,"column":6}},"25":{"start":{"line":50,"column":8},"end":{"line":54,"column":10}},"26":{"start":{"line":51,"column":12},"end":{"line":53,"column":14}},"27":{"start":{"line":52,"column":16},"end":{"line":52,"column":53}}},"branchMap":{}},"C:\\Users\\s528926\\44563\\node-express-mvc-ejs-start\\app.js":{"path":"C:\\Users\\s528926\\44563\\node-express-mvc-ejs-start\\app.js","s":{"1":0,"2":0,"3":0,"4":0,"5":0,"6":0,"7":0,"8":0,"9":0,"10":0,"11":0,"12":0,"13":0,"14":0,"15":0,"16":0,"17":0,"18":0,"19":0,"20":0,"21":0,"22":0,"23":0,"24":0,"25":0,"26":0,"27":0,"28":0,"29":0,"30":0,"31":0,"32":0,"33":0,"34":0,"35":0,"36":0,"37":0,"38":0,"39":0,"40":0,"41":0,"42":0,"43":0},"b":{},"f":{},"fnMap":{},"statementMap":{"1":{"start":{"line":13,"column":0},"end":{"line":13,"column":28}},"2":{"start":{"line":14,"column":0},"end":{"line":14,"column":34}},"3":{"start":{"line":15,"column":0},"end":{"line":15,"column":53}},"4":{"start":{"line":16,"column":0},"end":{"line":16,"column":40}},"5":{"start":{"line":17,"column":0},"end":{"line":17,"column":28}},"6":{"start":{"line":18,"column":0},"end":{"line":18,"column":41}},"7":{"start":{"line":19,"column":0},"end":{"line":19,"column":38}},"8":{"start":{"line":20,"column":0},"end":{"line":20,"column":44}},"9":{"start":{"line":21,"column":0},"end":{"line":21,"column":32}},"10":{"start":{"line":22,"column":0},"end":{"line":22,"column":36}},"11":{"start":{"line":23,"column":0},"end":{"line":23,"column":40}},"12":{"start":{"line":24,"column":0},"end":{"line":24,"column":17}},"13":{"start":{"line":25,"column":0},"end":{"line":25,"column":22}},"14":{"start":{"line":29,"column":0},"end":{"line":29,"column":31}},"15":{"start":{"line":31,"column":0},"end":{"line":31,"column":58}},"16":{"start":{"line":34,"column":0},"end":{"line":34,"column":21}},"17":{"start":{"line":37,"column":0},"end":{"line":37,"column":33}},"18":{"start":{"line":38,"column":0},"end":{"line":38,"column":33}},"19":{"start":{"line":41,"column":0},"end":{"line":41,"column":47}},"20":{"start":{"line":44,"column":0},"end":{"line":44,"column":29}},"21":{"start":{"line":45,"column":0},"end":{"line":45,"column":30}},"22":{"start":{"line":48,"column":0},"end":{"line":48,"column":68}},"23":{"start":{"line":51,"column":0},"end":{"line":54,"column":2}},"24":{"start":{"line":52,"column":2},"end":{"line":52,"column":40}},"25":{"start":{"line":53,"column":2},"end":{"line":53,"column":8}},"26":{"start":{"line":57,"column":0},"end":{"line":57,"column":26}},"27":{"start":{"line":58,"column":0},"end":{"line":58,"column":48}},"28":{"start":{"line":59,"column":0},"end":{"line":59,"column":80}},"29":{"start":{"line":60,"column":0},"end":{"line":60,"column":23}},"30":{"start":{"line":61,"column":0},"end":{"line":61,"column":23}},"31":{"start":{"line":63,"column":0},"end":{"line":63,"column":43}},"32":{"start":{"line":64,"column":0},"end":{"line":64,"column":20}},"33":{"start":{"line":65,"column":0},"end":{"line":65,"column":27}},"34":{"start":{"line":67,"column":0},"end":{"line":67,"column":60}},"35":{"start":{"line":67,"column":24},"end":{"line":67,"column":58}},"36":{"start":{"line":70,"column":0},"end":{"line":70,"column":33}},"37":{"start":{"line":73,"column":0},"end":{"line":73,"column":28}},"38":{"start":{"line":74,"column":0},"end":{"line":74,"column":28}},"39":{"start":{"line":75,"column":0},"end":{"line":75,"column":26}},"40":{"start":{"line":77,"column":0},"end":{"line":80,"column":2}},"41":{"start":{"line":78,"column":2},"end":{"line":78,"column":93}},"42":{"start":{"line":79,"column":2},"end":{"line":79,"column":39}},"43":{"start":{"line":82,"column":0},"end":{"line":82,"column":20}}},"branchMap":{}},"C:\\Users\\s528926\\44563\\node-express-mvc-ejs-start\\controllers\\about.js":{"path":"C:\\Users\\s528926\\44563\\node-express-mvc-ejs-start\\controllers\\about.js","s":{"1":0,"2":0,"3":0,"4":0,"5":0,"6":0,"7":0,"8":0,"9":0,"10":0,"11":0,"12":0,"13":0},"b":{},"f":{},"fnMap":{},"statementMap":{"1":{"start":{"line":1,"column":0},"end":{"line":1,"column":34}},"2":{"start":{"line":2,"column":0},"end":{"line":2,"column":28}},"3":{"start":{"line":3,"column":0},"end":{"line":3,"column":41}},"4":{"start":{"line":10,"column":0},"end":{"line":16,"column":2}},"5":{"start":{"line":11,"column":2},"end":{"line":11,"column":39}},"6":{"start":{"line":12,"column":2},"end":{"line":15,"column":6}},"7":{"start":{"line":19,"column":0},"end":{"line":25,"column":2}},"8":{"start":{"line":20,"column":2},"end":{"line":20,"column":39}},"9":{"start":{"line":21,"column":2},"end":{"line":24,"column":6}},"10":{"start":{"line":28,"column":0},"end":{"line":34,"column":2}},"11":{"start":{"line":29,"column":2},"end":{"line":29,"column":39}},"12":{"start":{"line":30,"column":2},"end":{"line":33,"column":6}},"13":{"start":{"line":39,"column":0},"end":{"line":39,"column":20}}},"branchMap":{}},"C:\\Users\\s528926\\44563\\node-express-mvc-ejs-start\\controllers\\account.js":{"path":"C:\\Users\\s528926\\44563\\node-express-mvc-ejs-start\\controllers\\account.js","s":{"1":0,"2":0,"3":0,"4":0,"5":0,"6":0,"7":0,"8":0,"9":0,"10":0,"11":0,"12":0,"13":0,"14":0,"15":0,"16":0,"17":0,"18":0,"19":0,"20":0,"21":0,"22":0,"23":0,"24":0,"25":0,"26":0,"27":0,"28":0,"29":0,"30":0,"31":0,"32":0,"33":0,"34":0,"35":0,"36":0,"37":0,"38":0,"39":0,"40":0,"41":0,"42":0,"43":0,"44":0,"45":0,"46":0,"47":0,"48":0,"49":0,"50":0,"51":0,"52":0,"53":0,"54":0,"55":0,"56":0,"57":0,"58":0,"59":0,"60":0,"61":0,"62":0,"63":0,"64":0,"65":0,"66":0,"67":0,"68":0,"69":0,"70":0,"71":0,"72":0,"73":0,"74":0,"75":0,"76":0,"77":0,"78":0,"79":0,"80":0,"81":0,"82":0,"83":0,"84":0,"85":0,"86":0,"87":0,"88":0,"89":0,"90":0,"91":0,"92":0,"93":0,"94":0,"95":0,"96":0},"b":{"1":[0,0],"2":[0,0],"3":[0,0],"4":[0,0],"5":[0,0],"6":[0,0],"7":[0,0]},"f":{},"fnMap":{},"statementMap":{"1":{"start":{"line":8,"column":0},"end":{"line":8,"column":34}},"2":{"start":{"line":9,"column":0},"end":{"line":9,"column":28}},"3":{"start":{"line":10,"column":0},"end":{"line":10,"column":41}},"4":{"start":{"line":11,"column":0},"end":{"line":11,"column":35}},"5":{"start":{"line":12,"column":0},"end":{"line":12,"column":39}},"6":{"start":{"line":13,"column":0},"end":{"line":13,"column":45}},"7":{"start":{"line":14,"column":0},"end":{"line":14,"column":42}},"8":{"start":{"line":18,"column":0},"end":{"line":22,"column":4}},"9":{"start":{"line":19,"column":4},"end":{"line":19,"column":53}},"10":{"start":{"line":20,"column":4},"end":{"line":20,"column":46}},"11":{"start":{"line":21,"column":4},"end":{"line":21,"column":34}},"12":{"start":{"line":25,"column":0},"end":{"line":32,"column":4}},"13":{"start":{"line":26,"column":4},"end":{"line":26,"column":53}},"14":{"start":{"line":27,"column":4},"end":{"line":27,"column":38}},"15":{"start":{"line":28,"column":4},"end":{"line":28,"column":46}},"16":{"start":{"line":29,"column":4},"end":{"line":29,"column":40}},"17":{"start":{"line":30,"column":4},"end":{"line":30,"column":49}},"18":{"start":{"line":30,"column":17},"end":{"line":30,"column":48}},"19":{"start":{"line":31,"column":4},"end":{"line":31,"column":34}},"20":{"start":{"line":35,"column":0},"end":{"line":37,"column":4}},"21":{"start":{"line":36,"column":4},"end":{"line":36,"column":35}},"22":{"start":{"line":40,"column":0},"end":{"line":50,"column":2}},"23":{"start":{"line":41,"column":2},"end":{"line":41,"column":40}},"24":{"start":{"line":42,"column":2},"end":{"line":42,"column":26}},"25":{"start":{"line":43,"column":2},"end":{"line":43,"column":33}},"26":{"start":{"line":44,"column":2},"end":{"line":49,"column":6}},"27":{"start":{"line":54,"column":0},"end":{"line":67,"column":2}},"28":{"start":{"line":55,"column":2},"end":{"line":55,"column":45}},"29":{"start":{"line":56,"column":2},"end":{"line":56,"column":36}},"30":{"start":{"line":57,"column":2},"end":{"line":57,"column":44}},"31":{"start":{"line":58,"column":2},"end":{"line":58,"column":38}},"32":{"start":{"line":59,"column":2},"end":{"line":59,"column":47}},"33":{"start":{"line":59,"column":15},"end":{"line":59,"column":46}},"34":{"start":{"line":60,"column":2},"end":{"line":60,"column":56}},"35":{"start":{"line":61,"column":2},"end":{"line":66,"column":6}},"36":{"start":{"line":70,"column":0},"end":{"line":83,"column":2}},"37":{"start":{"line":71,"column":2},"end":{"line":71,"column":46}},"38":{"start":{"line":72,"column":2},"end":{"line":72,"column":36}},"39":{"start":{"line":73,"column":2},"end":{"line":73,"column":44}},"40":{"start":{"line":74,"column":2},"end":{"line":74,"column":38}},"41":{"start":{"line":75,"column":2},"end":{"line":75,"column":47}},"42":{"start":{"line":75,"column":15},"end":{"line":75,"column":46}},"43":{"start":{"line":76,"column":2},"end":{"line":76,"column":56}},"44":{"start":{"line":77,"column":2},"end":{"line":82,"column":6}},"45":{"start":{"line":86,"column":0},"end":{"line":99,"column":2}},"46":{"start":{"line":87,"column":2},"end":{"line":87,"column":43}},"47":{"start":{"line":88,"column":2},"end":{"line":88,"column":36}},"48":{"start":{"line":89,"column":2},"end":{"line":89,"column":44}},"49":{"start":{"line":90,"column":2},"end":{"line":90,"column":38}},"50":{"start":{"line":91,"column":2},"end":{"line":91,"column":47}},"51":{"start":{"line":91,"column":15},"end":{"line":91,"column":46}},"52":{"start":{"line":92,"column":2},"end":{"line":92,"column":55}},"53":{"start":{"line":93,"column":2},"end":{"line":98,"column":6}},"54":{"start":{"line":104,"column":0},"end":{"line":118,"column":2}},"55":{"start":{"line":105,"column":2},"end":{"line":105,"column":34}},"56":{"start":{"line":106,"column":2},"end":{"line":106,"column":37}},"57":{"start":{"line":107,"column":2},"end":{"line":107,"column":44}},"58":{"start":{"line":108,"column":2},"end":{"line":108,"column":26}},"59":{"start":{"line":109,"column":2},"end":{"line":109,"column":36}},"60":{"start":{"line":110,"column":2},"end":{"line":110,"column":35}},"61":{"start":{"line":111,"column":2},"end":{"line":111,"column":39}},"62":{"start":{"line":112,"column":2},"end":{"line":112,"column":33}},"63":{"start":{"line":113,"column":2},"end":{"line":113,"column":39}},"64":{"start":{"line":115,"column":2},"end":{"line":115,"column":17}},"65":{"start":{"line":116,"column":2},"end":{"line":116,"column":56}},"66":{"start":{"line":117,"column":2},"end":{"line":117,"column":33}},"67":{"start":{"line":121,"column":0},"end":{"line":135,"column":2}},"68":{"start":{"line":122,"column":2},"end":{"line":122,"column":42}},"69":{"start":{"line":123,"column":2},"end":{"line":123,"column":36}},"70":{"start":{"line":124,"column":2},"end":{"line":124,"column":38}},"71":{"start":{"line":125,"column":2},"end":{"line":125,"column":44}},"72":{"start":{"line":126,"column":2},"end":{"line":126,"column":38}},"73":{"start":{"line":127,"column":2},"end":{"line":127,"column":47}},"74":{"start":{"line":127,"column":15},"end":{"line":127,"column":46}},"75":{"start":{"line":128,"column":2},"end":{"line":128,"column":53}},"76":{"start":{"line":129,"column":2},"end":{"line":129,"column":57}},"77":{"start":{"line":130,"column":2},"end":{"line":130,"column":39}},"78":{"start":{"line":131,"column":2},"end":{"line":131,"column":33}},"79":{"start":{"line":132,"column":2},"end":{"line":132,"column":39}},"80":{"start":{"line":133,"column":2},"end":{"line":133,"column":60}},"81":{"start":{"line":134,"column":2},"end":{"line":134,"column":33}},"82":{"start":{"line":138,"column":0},"end":{"line":153,"column":2}},"83":{"start":{"line":139,"column":2},"end":{"line":139,"column":44}},"84":{"start":{"line":140,"column":2},"end":{"line":140,"column":36}},"85":{"start":{"line":141,"column":2},"end":{"line":141,"column":40}},"86":{"start":{"line":142,"column":2},"end":{"line":142,"column":44}},"87":{"start":{"line":143,"column":2},"end":{"line":143,"column":38}},"88":{"start":{"line":144,"column":2},"end":{"line":144,"column":47}},"89":{"start":{"line":144,"column":15},"end":{"line":144,"column":46}},"90":{"start":{"line":145,"column":2},"end":{"line":151,"column":3}},"91":{"start":{"line":146,"column":4},"end":{"line":146,"column":25}},"92":{"start":{"line":147,"column":4},"end":{"line":147,"column":60}},"93":{"start":{"line":149,"column":4},"end":{"line":149,"column":42}},"94":{"start":{"line":150,"column":4},"end":{"line":150,"column":67}},"95":{"start":{"line":152,"column":2},"end":{"line":152,"column":33}},"96":{"start":{"line":155,"column":0},"end":{"line":155,"column":20}}},"branchMap":{"1":{"line":30,"type":"if","locations":[{"start":{"line":30,"column":4},"end":{"line":30,"column":4}},{"start":{"line":30,"column":4},"end":{"line":30,"column":4}}]},"2":{"line":59,"type":"if","locations":[{"start":{"line":59,"column":2},"end":{"line":59,"column":2}},{"start":{"line":59,"column":2},"end":{"line":59,"column":2}}]},"3":{"line":75,"type":"if","locations":[{"start":{"line":75,"column":2},"end":{"line":75,"column":2}},{"start":{"line":75,"column":2},"end":{"line":75,"column":2}}]},"4":{"line":91,"type":"if","locations":[{"start":{"line":91,"column":2},"end":{"line":91,"column":2}},{"start":{"line":91,"column":2},"end":{"line":91,"column":2}}]},"5":{"line":127,"type":"if","locations":[{"start":{"line":127,"column":2},"end":{"line":127,"column":2}},{"start":{"line":127,"column":2},"end":{"line":127,"column":2}}]},"6":{"line":144,"type":"if","locations":[{"start":{"line":144,"column":2},"end":{"line":144,"column":2}},{"start":{"line":144,"column":2},"end":{"line":144,"column":2}}]},"7":{"line":145,"type":"if","locations":[{"start":{"line":145,"column":2},"end":{"line":145,"column":2}},{"start":{"line":145,"column":2},"end":{"line":145,"column":2}}]}}},"C:\\Users\\s528926\\44563\\node-express-mvc-ejs-start\\controllers\\customer.js":{"path":"C:\\Users\\s528926\\44563\\node-express-mvc-ejs-start\\controllers\\customer.js","s":{"1":0,"2":0,"3":0,"4":0,"5":0,"6":0,"7":0,"8":0,"9":0,"10":0,"11":0,"12":0,"13":0,"14":0,"15":0,"16":0,"17":0,"18":0,"19":0,"20":0,"21":0,"22":0,"23":0,"24":0,"25":0,"26":0,"27":0,"28":0,"29":0,"30":0,"31":0,"32":0,"33":0,"34":0,"35":0,"36":0,"37":0,"38":0,"39":0,"40":0,"41":0,"42":0,"43":0,"44":0,"45":0,"46":0,"47":0,"48":0,"49":0,"50":0,"51":0,"52":0,"53":0,"54":0,"55":0,"56":0,"57":0,"58":0,"59":0,"60":0,"61":0,"62":0,"63":0,"64":0,"65":0,"66":0,"67":0,"68":0,"69":0,"70":0,"71":0,"72":0,"73":0,"74":0,"75":0,"76":0,"77":0,"78":0,"79":0,"80":0,"81":0,"82":0,"83":0,"84":0,"85":0,"86":0,"87":0,"88":0,"89":0,"90":0,"91":0,"92":0,"93":0,"94":0,"95":0,"96":0,"97":0,"98":0,"99":0,"100":0,"101":0,"102":0,"103":0,"104":0,"105":0,"106":0,"107":0,"108":0},"b":{"1":[0,0],"2":[0,0],"3":[0,0],"4":[0,0],"5":[0,0],"6":[0,0],"7":[0,0]},"f":{},"fnMap":{},"statementMap":{"1":{"start":{"line":8,"column":0},"end":{"line":8,"column":34}},"2":{"start":{"line":9,"column":0},"end":{"line":9,"column":28}},"3":{"start":{"line":10,"column":0},"end":{"line":10,"column":41}},"4":{"start":{"line":11,"column":0},"end":{"line":11,"column":35}},"5":{"start":{"line":12,"column":0},"end":{"line":12,"column":39}},"6":{"start":{"line":13,"column":0},"end":{"line":13,"column":46}},"7":{"start":{"line":14,"column":0},"end":{"line":14,"column":43}},"8":{"start":{"line":19,"column":0},"end":{"line":23,"column":2}},"9":{"start":{"line":20,"column":2},"end":{"line":20,"column":51}},"10":{"start":{"line":21,"column":2},"end":{"line":21,"column":45}},"11":{"start":{"line":22,"column":2},"end":{"line":22,"column":32}},"12":{"start":{"line":26,"column":0},"end":{"line":33,"column":2}},"13":{"start":{"line":27,"column":2},"end":{"line":27,"column":51}},"14":{"start":{"line":28,"column":2},"end":{"line":28,"column":36}},"15":{"start":{"line":29,"column":2},"end":{"line":29,"column":45}},"16":{"start":{"line":30,"column":2},"end":{"line":30,"column":38}},"17":{"start":{"line":31,"column":2},"end":{"line":31,"column":47}},"18":{"start":{"line":31,"column":15},"end":{"line":31,"column":46}},"19":{"start":{"line":32,"column":2},"end":{"line":32,"column":32}},"20":{"start":{"line":38,"column":0},"end":{"line":40,"column":2}},"21":{"start":{"line":39,"column":2},"end":{"line":39,"column":34}},"22":{"start":{"line":43,"column":0},"end":{"line":53,"column":2}},"23":{"start":{"line":44,"column":2},"end":{"line":44,"column":40}},"24":{"start":{"line":45,"column":2},"end":{"line":45,"column":26}},"25":{"start":{"line":46,"column":2},"end":{"line":46,"column":33}},"26":{"start":{"line":47,"column":2},"end":{"line":52,"column":6}},"27":{"start":{"line":56,"column":0},"end":{"line":69,"column":2}},"28":{"start":{"line":57,"column":2},"end":{"line":57,"column":45}},"29":{"start":{"line":58,"column":2},"end":{"line":58,"column":36}},"30":{"start":{"line":59,"column":2},"end":{"line":59,"column":45}},"31":{"start":{"line":60,"column":2},"end":{"line":60,"column":38}},"32":{"start":{"line":61,"column":2},"end":{"line":61,"column":47}},"33":{"start":{"line":61,"column":15},"end":{"line":61,"column":46}},"34":{"start":{"line":62,"column":2},"end":{"line":62,"column":56}},"35":{"start":{"line":63,"column":2},"end":{"line":68,"column":6}},"36":{"start":{"line":72,"column":0},"end":{"line":85,"column":2}},"37":{"start":{"line":73,"column":2},"end":{"line":73,"column":46}},"38":{"start":{"line":74,"column":2},"end":{"line":74,"column":36}},"39":{"start":{"line":75,"column":2},"end":{"line":75,"column":45}},"40":{"start":{"line":76,"column":2},"end":{"line":76,"column":38}},"41":{"start":{"line":77,"column":2},"end":{"line":77,"column":47}},"42":{"start":{"line":77,"column":15},"end":{"line":77,"column":46}},"43":{"start":{"line":78,"column":2},"end":{"line":78,"column":56}},"44":{"start":{"line":79,"column":2},"end":{"line":84,"column":6}},"45":{"start":{"line":88,"column":0},"end":{"line":101,"column":2}},"46":{"start":{"line":89,"column":2},"end":{"line":89,"column":43}},"47":{"start":{"line":90,"column":2},"end":{"line":90,"column":36}},"48":{"start":{"line":91,"column":2},"end":{"line":91,"column":45}},"49":{"start":{"line":92,"column":2},"end":{"line":92,"column":38}},"50":{"start":{"line":93,"column":2},"end":{"line":93,"column":47}},"51":{"start":{"line":93,"column":15},"end":{"line":93,"column":46}},"52":{"start":{"line":94,"column":2},"end":{"line":94,"column":55}},"53":{"start":{"line":95,"column":2},"end":{"line":100,"column":6}},"54":{"start":{"line":106,"column":0},"end":{"line":125,"column":2}},"55":{"start":{"line":107,"column":2},"end":{"line":107,"column":34}},"56":{"start":{"line":108,"column":2},"end":{"line":108,"column":37}},"57":{"start":{"line":109,"column":2},"end":{"line":109,"column":45}},"58":{"start":{"line":110,"column":2},"end":{"line":110,"column":26}},"59":{"start":{"line":111,"column":2},"end":{"line":111,"column":36}},"60":{"start":{"line":112,"column":2},"end":{"line":112,"column":35}},"61":{"start":{"line":113,"column":2},"end":{"line":113,"column":29}},"62":{"start":{"line":114,"column":2},"end":{"line":114,"column":29}},"63":{"start":{"line":115,"column":2},"end":{"line":115,"column":31}},"64":{"start":{"line":116,"column":2},"end":{"line":116,"column":33}},"65":{"start":{"line":117,"column":2},"end":{"line":117,"column":33}},"66":{"start":{"line":118,"column":2},"end":{"line":118,"column":27}},"67":{"start":{"line":119,"column":2},"end":{"line":119,"column":29}},"68":{"start":{"line":120,"column":2},"end":{"line":120,"column":25}},"69":{"start":{"line":121,"column":2},"end":{"line":121,"column":33}},"70":{"start":{"line":122,"column":2},"end":{"line":122,"column":17}},"71":{"start":{"line":123,"column":2},"end":{"line":123,"column":57}},"72":{"start":{"line":124,"column":2},"end":{"line":124,"column":34}},"73":{"start":{"line":128,"column":0},"end":{"line":148,"column":2}},"74":{"start":{"line":129,"column":2},"end":{"line":129,"column":42}},"75":{"start":{"line":130,"column":2},"end":{"line":130,"column":36}},"76":{"start":{"line":131,"column":2},"end":{"line":131,"column":38}},"77":{"start":{"line":132,"column":2},"end":{"line":132,"column":45}},"78":{"start":{"line":133,"column":2},"end":{"line":133,"column":38}},"79":{"start":{"line":134,"column":2},"end":{"line":134,"column":47}},"80":{"start":{"line":134,"column":15},"end":{"line":134,"column":46}},"81":{"start":{"line":135,"column":2},"end":{"line":135,"column":53}},"82":{"start":{"line":136,"column":2},"end":{"line":136,"column":57}},"83":{"start":{"line":137,"column":2},"end":{"line":137,"column":29}},"84":{"start":{"line":138,"column":2},"end":{"line":138,"column":29}},"85":{"start":{"line":139,"column":2},"end":{"line":139,"column":31}},"86":{"start":{"line":140,"column":2},"end":{"line":140,"column":33}},"87":{"start":{"line":141,"column":2},"end":{"line":141,"column":33}},"88":{"start":{"line":142,"column":2},"end":{"line":142,"column":27}},"89":{"start":{"line":143,"column":2},"end":{"line":143,"column":29}},"90":{"start":{"line":144,"column":2},"end":{"line":144,"column":25}},"91":{"start":{"line":145,"column":2},"end":{"line":145,"column":33}},"92":{"start":{"line":146,"column":2},"end":{"line":146,"column":61}},"93":{"start":{"line":147,"column":2},"end":{"line":147,"column":34}},"94":{"start":{"line":151,"column":0},"end":{"line":166,"column":2}},"95":{"start":{"line":152,"column":2},"end":{"line":152,"column":44}},"96":{"start":{"line":153,"column":2},"end":{"line":153,"column":36}},"97":{"start":{"line":154,"column":2},"end":{"line":154,"column":40}},"98":{"start":{"line":155,"column":2},"end":{"line":155,"column":45}},"99":{"start":{"line":156,"column":2},"end":{"line":156,"column":38}},"100":{"start":{"line":157,"column":2},"end":{"line":157,"column":47}},"101":{"start":{"line":157,"column":15},"end":{"line":157,"column":46}},"102":{"start":{"line":158,"column":2},"end":{"line":164,"column":3}},"103":{"start":{"line":159,"column":4},"end":{"line":159,"column":25}},"104":{"start":{"line":160,"column":4},"end":{"line":160,"column":60}},"105":{"start":{"line":162,"column":4},"end":{"line":162,"column":42}},"106":{"start":{"line":163,"column":4},"end":{"line":163,"column":67}},"107":{"start":{"line":165,"column":2},"end":{"line":165,"column":34}},"108":{"start":{"line":168,"column":0},"end":{"line":168,"column":20}}},"branchMap":{"1":{"line":31,"type":"if","locations":[{"start":{"line":31,"column":2},"end":{"line":31,"column":2}},{"start":{"line":31,"column":2},"end":{"line":31,"column":2}}]},"2":{"line":61,"type":"if","locations":[{"start":{"line":61,"column":2},"end":{"line":61,"column":2}},{"start":{"line":61,"column":2},"end":{"line":61,"column":2}}]},"3":{"line":77,"type":"if","locations":[{"start":{"line":77,"column":2},"end":{"line":77,"column":2}},{"start":{"line":77,"column":2},"end":{"line":77,"column":2}}]},"4":{"line":93,"type":"if","locations":[{"start":{"line":93,"column":2},"end":{"line":93,"column":2}},{"start":{"line":93,"column":2},"end":{"line":93,"column":2}}]},"5":{"line":134,"type":"if","locations":[{"start":{"line":134,"column":2},"end":{"line":134,"column":2}},{"start":{"line":134,"column":2},"end":{"line":134,"column":2}}]},"6":{"line":157,"type":"if","locations":[{"start":{"line":157,"column":2},"end":{"line":157,"column":2}},{"start":{"line":157,"column":2},"end":{"line":157,"column":2}}]},"7":{"line":158,"type":"if","locations":[{"start":{"line":158,"column":2},"end":{"line":158,"column":2}},{"start":{"line":158,"column":2},"end":{"line":158,"column":2}}]}}},"C:\\Users\\s528926\\44563\\node-express-mvc-ejs-start\\controllers\\order.js":{"path":"C:\\Users\\s528926\\44563\\node-express-mvc-ejs-start\\controllers\\order.js","s":{"1":0,"2":0,"3":0,"4":0,"5":0,"6":0,"7":0,"8":0,"9":0,"10":0,"11":0,"12":0,"13":0,"14":0,"15":0,"16":0,"17":0,"18":0,"19":0,"20":0,"21":0,"22":0,"23":0,"24":0,"25":0,"26":0,"27":0,"28":0,"29":0,"30":0,"31":0,"32":0,"33":0,"34":0,"35":0,"36":0,"37":0,"38":0,"39":0,"40":0,"41":0,"42":0,"43":0,"44":0,"45":0,"46":0,"47":0,"48":0,"49":0,"50":0,"51":0,"52":0,"53":0,"54":0,"55":0,"56":0,"57":0,"58":0,"59":0,"60":0,"61":0,"62":0,"63":0,"64":0,"65":0,"66":0,"67":0,"68":0,"69":0,"70":0,"71":0,"72":0,"73":0,"74":0,"75":0,"76":0,"77":0,"78":0,"79":0,"80":0,"81":0,"82":0,"83":0,"84":0,"85":0,"86":0,"87":0,"88":0,"89":0,"90":0,"91":0,"92":0,"93":0,"94":0,"95":0,"96":0,"97":0,"98":0,"99":0,"100":0},"b":{"1":[0,0],"2":[0,0],"3":[0,0],"4":[0,0],"5":[0,0],"6":[0,0],"7":[0,0]},"f":{},"fnMap":{},"statementMap":{"1":{"start":{"line":8,"column":0},"end":{"line":8,"column":34}},"2":{"start":{"line":9,"column":0},"end":{"line":9,"column":28}},"3":{"start":{"line":10,"column":0},"end":{"line":10,"column":41}},"4":{"start":{"line":11,"column":0},"end":{"line":11,"column":35}},"5":{"start":{"line":12,"column":0},"end":{"line":12,"column":39}},"6":{"start":{"line":13,"column":0},"end":{"line":13,"column":43}},"7":{"start":{"line":14,"column":0},"end":{"line":14,"column":40}},"8":{"start":{"line":19,"column":0},"end":{"line":23,"column":2}},"9":{"start":{"line":20,"column":2},"end":{"line":20,"column":51}},"10":{"start":{"line":21,"column":2},"end":{"line":21,"column":42}},"11":{"start":{"line":22,"column":2},"end":{"line":22,"column":32}},"12":{"start":{"line":26,"column":0},"end":{"line":33,"column":2}},"13":{"start":{"line":27,"column":2},"end":{"line":27,"column":51}},"14":{"start":{"line":28,"column":2},"end":{"line":28,"column":36}},"15":{"start":{"line":29,"column":2},"end":{"line":29,"column":42}},"16":{"start":{"line":30,"column":2},"end":{"line":30,"column":38}},"17":{"start":{"line":31,"column":2},"end":{"line":31,"column":47}},"18":{"start":{"line":31,"column":15},"end":{"line":31,"column":46}},"19":{"start":{"line":32,"column":2},"end":{"line":32,"column":32}},"20":{"start":{"line":38,"column":0},"end":{"line":40,"column":2}},"21":{"start":{"line":39,"column":2},"end":{"line":39,"column":31}},"22":{"start":{"line":43,"column":0},"end":{"line":53,"column":2}},"23":{"start":{"line":44,"column":2},"end":{"line":44,"column":40}},"24":{"start":{"line":45,"column":2},"end":{"line":45,"column":26}},"25":{"start":{"line":46,"column":2},"end":{"line":46,"column":33}},"26":{"start":{"line":47,"column":2},"end":{"line":52,"column":6}},"27":{"start":{"line":56,"column":0},"end":{"line":69,"column":2}},"28":{"start":{"line":57,"column":2},"end":{"line":57,"column":45}},"29":{"start":{"line":58,"column":2},"end":{"line":58,"column":36}},"30":{"start":{"line":59,"column":2},"end":{"line":59,"column":42}},"31":{"start":{"line":60,"column":2},"end":{"line":60,"column":38}},"32":{"start":{"line":61,"column":2},"end":{"line":61,"column":47}},"33":{"start":{"line":61,"column":15},"end":{"line":61,"column":46}},"34":{"start":{"line":62,"column":2},"end":{"line":62,"column":56}},"35":{"start":{"line":63,"column":2},"end":{"line":68,"column":6}},"36":{"start":{"line":72,"column":0},"end":{"line":85,"column":2}},"37":{"start":{"line":73,"column":2},"end":{"line":73,"column":46}},"38":{"start":{"line":74,"column":2},"end":{"line":74,"column":36}},"39":{"start":{"line":75,"column":2},"end":{"line":75,"column":42}},"40":{"start":{"line":76,"column":2},"end":{"line":76,"column":38}},"41":{"start":{"line":77,"column":2},"end":{"line":77,"column":47}},"42":{"start":{"line":77,"column":15},"end":{"line":77,"column":46}},"43":{"start":{"line":78,"column":2},"end":{"line":78,"column":56}},"44":{"start":{"line":79,"column":2},"end":{"line":84,"column":6}},"45":{"start":{"line":88,"column":0},"end":{"line":101,"column":2}},"46":{"start":{"line":89,"column":2},"end":{"line":89,"column":43}},"47":{"start":{"line":90,"column":2},"end":{"line":90,"column":36}},"48":{"start":{"line":91,"column":2},"end":{"line":91,"column":42}},"49":{"start":{"line":92,"column":2},"end":{"line":92,"column":38}},"50":{"start":{"line":93,"column":2},"end":{"line":93,"column":47}},"51":{"start":{"line":93,"column":15},"end":{"line":93,"column":46}},"52":{"start":{"line":94,"column":2},"end":{"line":94,"column":55}},"53":{"start":{"line":95,"column":2},"end":{"line":100,"column":6}},"54":{"start":{"line":106,"column":0},"end":{"line":121,"column":2}},"55":{"start":{"line":107,"column":2},"end":{"line":107,"column":34}},"56":{"start":{"line":108,"column":2},"end":{"line":108,"column":37}},"57":{"start":{"line":109,"column":2},"end":{"line":109,"column":42}},"58":{"start":{"line":110,"column":2},"end":{"line":110,"column":26}},"59":{"start":{"line":111,"column":2},"end":{"line":111,"column":36}},"60":{"start":{"line":112,"column":2},"end":{"line":112,"column":35}},"61":{"start":{"line":113,"column":2},"end":{"line":113,"column":29}},"62":{"start":{"line":114,"column":2},"end":{"line":114,"column":39}},"63":{"start":{"line":115,"column":2},"end":{"line":115,"column":41}},"64":{"start":{"line":116,"column":2},"end":{"line":116,"column":37}},"65":{"start":{"line":117,"column":2},"end":{"line":117,"column":23}},"66":{"start":{"line":118,"column":2},"end":{"line":118,"column":17}},"67":{"start":{"line":119,"column":2},"end":{"line":119,"column":54}},"68":{"start":{"line":120,"column":2},"end":{"line":120,"column":31}},"69":{"start":{"line":124,"column":0},"end":{"line":140,"column":2}},"70":{"start":{"line":125,"column":2},"end":{"line":125,"column":42}},"71":{"start":{"line":126,"column":2},"end":{"line":126,"column":36}},"72":{"start":{"line":127,"column":2},"end":{"line":127,"column":38}},"73":{"start":{"line":128,"column":2},"end":{"line":128,"column":42}},"74":{"start":{"line":129,"column":2},"end":{"line":129,"column":38}},"75":{"start":{"line":130,"column":2},"end":{"line":130,"column":47}},"76":{"start":{"line":130,"column":15},"end":{"line":130,"column":46}},"77":{"start":{"line":131,"column":2},"end":{"line":131,"column":53}},"78":{"start":{"line":132,"column":2},"end":{"line":132,"column":57}},"79":{"start":{"line":133,"column":2},"end":{"line":133,"column":29}},"80":{"start":{"line":134,"column":2},"end":{"line":134,"column":39}},"81":{"start":{"line":135,"column":2},"end":{"line":135,"column":41}},"82":{"start":{"line":136,"column":2},"end":{"line":136,"column":37}},"83":{"start":{"line":137,"column":2},"end":{"line":137,"column":23}},"84":{"start":{"line":138,"column":2},"end":{"line":138,"column":58}},"85":{"start":{"line":139,"column":2},"end":{"line":139,"column":31}},"86":{"start":{"line":143,"column":0},"end":{"line":158,"column":2}},"87":{"start":{"line":144,"column":2},"end":{"line":144,"column":44}},"88":{"start":{"line":145,"column":2},"end":{"line":145,"column":36}},"89":{"start":{"line":146,"column":2},"end":{"line":146,"column":40}},"90":{"start":{"line":147,"column":2},"end":{"line":147,"column":42}},"91":{"start":{"line":148,"column":2},"end":{"line":148,"column":38}},"92":{"start":{"line":149,"column":2},"end":{"line":149,"column":47}},"93":{"start":{"line":149,"column":15},"end":{"line":149,"column":46}},"94":{"start":{"line":150,"column":2},"end":{"line":156,"column":3}},"95":{"start":{"line":151,"column":4},"end":{"line":151,"column":25}},"96":{"start":{"line":152,"column":4},"end":{"line":152,"column":60}},"97":{"start":{"line":154,"column":4},"end":{"line":154,"column":42}},"98":{"start":{"line":155,"column":4},"end":{"line":155,"column":67}},"99":{"start":{"line":157,"column":2},"end":{"line":157,"column":31}},"100":{"start":{"line":160,"column":0},"end":{"line":160,"column":20}}},"branchMap":{"1":{"line":31,"type":"if","locations":[{"start":{"line":31,"column":2},"end":{"line":31,"column":2}},{"start":{"line":31,"column":2},"end":{"line":31,"column":2}}]},"2":{"line":61,"type":"if","locations":[{"start":{"line":61,"column":2},"end":{"line":61,"column":2}},{"start":{"line":61,"column":2},"end":{"line":61,"column":2}}]},"3":{"line":77,"type":"if","locations":[{"start":{"line":77,"column":2},"end":{"line":77,"column":2}},{"start":{"line":77,"column":2},"end":{"line":77,"column":2}}]},"4":{"line":93,"type":"if","locations":[{"start":{"line":93,"column":2},"end":{"line":93,"column":2}},{"start":{"line":93,"column":2},"end":{"line":93,"column":2}}]},"5":{"line":130,"type":"if","locations":[{"start":{"line":130,"column":2},"end":{"line":130,"column":2}},{"start":{"line":130,"column":2},"end":{"line":130,"column":2}}]},"6":{"line":149,"type":"if","locations":[{"start":{"line":149,"column":2},"end":{"line":149,"column":2}},{"start":{"line":149,"column":2},"end":{"line":149,"column":2}}]},"7":{"line":150,"type":"if","locations":[{"start":{"line":150,"column":2},"end":{"line":150,"column":2}},{"start":{"line":150,"column":2},"end":{"line":150,"column":2}}]}}},"C:\\Users\\s528926\\44563\\node-express-mvc-ejs-start\\controllers\\orderLineItem.js":{"path":"C:\\Users\\s528926\\44563\\node-express-mvc-ejs-start\\controllers\\orderLineItem.js","s":{"1":0,"2":0,"3":0,"4":0,"5":0,"6":0,"7":0,"8":0,"9":0,"10":0,"11":0,"12":0,"13":0,"14":0,"15":0,"16":0,"17":0,"18":0,"19":0,"20":0,"21":0,"22":0,"23":0,"24":0,"25":0,"26":0,"27":0,"28":0,"29":0,"30":0,"31":0,"32":0,"33":0,"34":0,"35":0,"36":0,"37":0,"38":0,"39":0,"40":0,"41":0,"42":0,"43":0,"44":0,"45":0,"46":0,"47":0,"48":0,"49":0,"50":0,"51":0,"52":0,"53":0,"54":0,"55":0,"56":0,"57":0,"58":0,"59":0,"60":0,"61":0,"62":0,"63":0,"64":0,"65":0,"66":0,"67":0,"68":0,"69":0,"70":0,"71":0,"72":0,"73":0,"74":0,"75":0,"76":0,"77":0,"78":0,"79":0,"80":0,"81":0,"82":0,"83":0,"84":0,"85":0,"86":0,"87":0,"88":0,"89":0,"90":0,"91":0,"92":0,"93":0,"94":0,"95":0,"96":0,"97":0,"98":0},"b":{"1":[0,0],"2":[0,0],"3":[0,0],"4":[0,0],"5":[0,0],"6":[0,0],"7":[0,0]},"f":{},"fnMap":{},"statementMap":{"1":{"start":{"line":8,"column":0},"end":{"line":8,"column":34}},"2":{"start":{"line":9,"column":0},"end":{"line":9,"column":28}},"3":{"start":{"line":10,"column":0},"end":{"line":10,"column":41}},"4":{"start":{"line":11,"column":0},"end":{"line":11,"column":35}},"5":{"start":{"line":12,"column":0},"end":{"line":12,"column":39}},"6":{"start":{"line":13,"column":0},"end":{"line":13,"column":51}},"7":{"start":{"line":14,"column":0},"end":{"line":14,"column":48}},"8":{"start":{"line":19,"column":0},"end":{"line":23,"column":2}},"9":{"start":{"line":20,"column":2},"end":{"line":20,"column":51}},"10":{"start":{"line":21,"column":2},"end":{"line":21,"column":50}},"11":{"start":{"line":22,"column":2},"end":{"line":22,"column":32}},"12":{"start":{"line":26,"column":0},"end":{"line":33,"column":2}},"13":{"start":{"line":27,"column":2},"end":{"line":27,"column":51}},"14":{"start":{"line":28,"column":2},"end":{"line":28,"column":36}},"15":{"start":{"line":29,"column":2},"end":{"line":29,"column":50}},"16":{"start":{"line":30,"column":2},"end":{"line":30,"column":38}},"17":{"start":{"line":31,"column":2},"end":{"line":31,"column":47}},"18":{"start":{"line":31,"column":15},"end":{"line":31,"column":46}},"19":{"start":{"line":32,"column":2},"end":{"line":32,"column":32}},"20":{"start":{"line":38,"column":0},"end":{"line":40,"column":2}},"21":{"start":{"line":39,"column":2},"end":{"line":39,"column":39}},"22":{"start":{"line":43,"column":0},"end":{"line":53,"column":2}},"23":{"start":{"line":44,"column":2},"end":{"line":44,"column":40}},"24":{"start":{"line":45,"column":2},"end":{"line":45,"column":26}},"25":{"start":{"line":46,"column":2},"end":{"line":46,"column":33}},"26":{"start":{"line":47,"column":2},"end":{"line":52,"column":6}},"27":{"start":{"line":56,"column":0},"end":{"line":69,"column":2}},"28":{"start":{"line":57,"column":2},"end":{"line":57,"column":45}},"29":{"start":{"line":58,"column":2},"end":{"line":58,"column":36}},"30":{"start":{"line":59,"column":2},"end":{"line":59,"column":50}},"31":{"start":{"line":60,"column":2},"end":{"line":60,"column":38}},"32":{"start":{"line":61,"column":2},"end":{"line":61,"column":47}},"33":{"start":{"line":61,"column":15},"end":{"line":61,"column":46}},"34":{"start":{"line":62,"column":2},"end":{"line":62,"column":56}},"35":{"start":{"line":63,"column":2},"end":{"line":68,"column":6}},"36":{"start":{"line":72,"column":0},"end":{"line":85,"column":2}},"37":{"start":{"line":73,"column":2},"end":{"line":73,"column":46}},"38":{"start":{"line":74,"column":2},"end":{"line":74,"column":36}},"39":{"start":{"line":75,"column":2},"end":{"line":75,"column":50}},"40":{"start":{"line":76,"column":2},"end":{"line":76,"column":38}},"41":{"start":{"line":77,"column":2},"end":{"line":77,"column":47}},"42":{"start":{"line":77,"column":15},"end":{"line":77,"column":46}},"43":{"start":{"line":78,"column":2},"end":{"line":78,"column":56}},"44":{"start":{"line":79,"column":2},"end":{"line":84,"column":6}},"45":{"start":{"line":88,"column":0},"end":{"line":101,"column":2}},"46":{"start":{"line":89,"column":2},"end":{"line":89,"column":43}},"47":{"start":{"line":90,"column":2},"end":{"line":90,"column":36}},"48":{"start":{"line":91,"column":2},"end":{"line":91,"column":50}},"49":{"start":{"line":92,"column":2},"end":{"line":92,"column":38}},"50":{"start":{"line":93,"column":2},"end":{"line":93,"column":47}},"51":{"start":{"line":93,"column":15},"end":{"line":93,"column":46}},"52":{"start":{"line":94,"column":2},"end":{"line":94,"column":56}},"53":{"start":{"line":95,"column":2},"end":{"line":100,"column":6}},"54":{"start":{"line":106,"column":0},"end":{"line":120,"column":2}},"55":{"start":{"line":107,"column":2},"end":{"line":107,"column":34}},"56":{"start":{"line":108,"column":2},"end":{"line":108,"column":37}},"57":{"start":{"line":109,"column":2},"end":{"line":109,"column":50}},"58":{"start":{"line":110,"column":2},"end":{"line":110,"column":26}},"59":{"start":{"line":111,"column":2},"end":{"line":111,"column":36}},"60":{"start":{"line":112,"column":2},"end":{"line":112,"column":35}},"61":{"start":{"line":113,"column":2},"end":{"line":113,"column":43}},"62":{"start":{"line":114,"column":2},"end":{"line":114,"column":49}},"63":{"start":{"line":115,"column":2},"end":{"line":115,"column":47}},"64":{"start":{"line":116,"column":2},"end":{"line":116,"column":45}},"65":{"start":{"line":117,"column":2},"end":{"line":117,"column":17}},"66":{"start":{"line":118,"column":2},"end":{"line":118,"column":62}},"67":{"start":{"line":119,"column":2},"end":{"line":119,"column":39}},"68":{"start":{"line":123,"column":0},"end":{"line":138,"column":2}},"69":{"start":{"line":124,"column":2},"end":{"line":124,"column":42}},"70":{"start":{"line":125,"column":2},"end":{"line":125,"column":36}},"71":{"start":{"line":126,"column":2},"end":{"line":126,"column":38}},"72":{"start":{"line":127,"column":2},"end":{"line":127,"column":50}},"73":{"start":{"line":128,"column":2},"end":{"line":128,"column":38}},"74":{"start":{"line":129,"column":2},"end":{"line":129,"column":47}},"75":{"start":{"line":129,"column":15},"end":{"line":129,"column":46}},"76":{"start":{"line":130,"column":2},"end":{"line":130,"column":53}},"77":{"start":{"line":131,"column":2},"end":{"line":131,"column":57}},"78":{"start":{"line":132,"column":2},"end":{"line":132,"column":43}},"79":{"start":{"line":133,"column":2},"end":{"line":133,"column":49}},"80":{"start":{"line":134,"column":2},"end":{"line":134,"column":47}},"81":{"start":{"line":135,"column":2},"end":{"line":135,"column":45}},"82":{"start":{"line":136,"column":2},"end":{"line":136,"column":66}},"83":{"start":{"line":137,"column":2},"end":{"line":137,"column":39}},"84":{"start":{"line":141,"column":0},"end":{"line":156,"column":2}},"85":{"start":{"line":142,"column":2},"end":{"line":142,"column":44}},"86":{"start":{"line":143,"column":2},"end":{"line":143,"column":36}},"87":{"start":{"line":144,"column":2},"end":{"line":144,"column":40}},"88":{"start":{"line":145,"column":2},"end":{"line":145,"column":50}},"89":{"start":{"line":146,"column":2},"end":{"line":146,"column":38}},"90":{"start":{"line":147,"column":2},"end":{"line":147,"column":47}},"91":{"start":{"line":147,"column":15},"end":{"line":147,"column":46}},"92":{"start":{"line":148,"column":2},"end":{"line":154,"column":3}},"93":{"start":{"line":149,"column":4},"end":{"line":149,"column":25}},"94":{"start":{"line":150,"column":4},"end":{"line":150,"column":60}},"95":{"start":{"line":152,"column":4},"end":{"line":152,"column":42}},"96":{"start":{"line":153,"column":4},"end":{"line":153,"column":67}},"97":{"start":{"line":155,"column":2},"end":{"line":155,"column":39}},"98":{"start":{"line":158,"column":0},"end":{"line":158,"column":20}}},"branchMap":{"1":{"line":31,"type":"if","locations":[{"start":{"line":31,"column":2},"end":{"line":31,"column":2}},{"start":{"line":31,"column":2},"end":{"line":31,"column":2}}]},"2":{"line":61,"type":"if","locations":[{"start":{"line":61,"column":2},"end":{"line":61,"column":2}},{"start":{"line":61,"column":2},"end":{"line":61,"column":2}}]},"3":{"line":77,"type":"if","locations":[{"start":{"line":77,"column":2},"end":{"line":77,"column":2}},{"start":{"line":77,"column":2},"end":{"line":77,"column":2}}]},"4":{"line":93,"type":"if","locations":[{"start":{"line":93,"column":2},"end":{"line":93,"column":2}},{"start":{"line":93,"column":2},"end":{"line":93,"column":2}}]},"5":{"line":129,"type":"if","locations":[{"start":{"line":129,"column":2},"end":{"line":129,"column":2}},{"start":{"line":129,"column":2},"end":{"line":129,"column":2}}]},"6":{"line":147,"type":"if","locations":[{"start":{"line":147,"column":2},"end":{"line":147,"column":2}},{"start":{"line":147,"column":2},"end":{"line":147,"column":2}}]},"7":{"line":148,"type":"if","locations":[{"start":{"line":148,"column":2},"end":{"line":148,"column":2}},{"start":{"line":148,"column":2},"end":{"line":148,"column":2}}]}}},"C:\\Users\\s528926\\44563\\node-express-mvc-ejs-start\\controllers\\product.js":{"path":"C:\\Users\\s528926\\44563\\node-express-mvc-ejs-start\\controllers\\product.js","s":{"1":0,"2":0,"3":0,"4":0,"5":0,"6":0,"7":0,"8":0,"9":0,"10":0,"11":0,"12":0,"13":0,"14":0,"15":0,"16":0,"17":0,"18":0,"19":0,"20":0,"21":0,"22":0,"23":0,"24":0,"25":0,"26":0,"27":0,"28":0,"29":0,"30":0,"31":0,"32":0,"33":0,"34":0,"35":0,"36":0,"37":0,"38":0,"39":0,"40":0,"41":0,"42":0,"43":0,"44":0,"45":0,"46":0,"47":0,"48":0,"49":0,"50":0,"51":0,"52":0,"53":0,"54":0,"55":0,"56":0,"57":0,"58":0,"59":0,"60":0,"61":0,"62":0,"63":0,"64":0,"65":0,"66":0,"67":0,"68":0,"69":0,"70":0,"71":0,"72":0,"73":0,"74":0,"75":0,"76":0,"77":0,"78":0,"79":0,"80":0,"81":0,"82":0,"83":0,"84":0,"85":0,"86":0,"87":0,"88":0,"89":0,"90":0,"91":0,"92":0,"93":0,"94":0,"95":0,"96":0},"b":{"1":[0,0],"2":[0,0],"3":[0,0],"4":[0,0],"5":[0,0],"6":[0,0],"7":[0,0]},"f":{},"fnMap":{},"statementMap":{"1":{"start":{"line":8,"column":0},"end":{"line":8,"column":34}},"2":{"start":{"line":9,"column":0},"end":{"line":9,"column":28}},"3":{"start":{"line":10,"column":0},"end":{"line":10,"column":41}},"4":{"start":{"line":11,"column":0},"end":{"line":11,"column":35}},"5":{"start":{"line":12,"column":0},"end":{"line":12,"column":39}},"6":{"start":{"line":13,"column":0},"end":{"line":13,"column":45}},"7":{"start":{"line":14,"column":0},"end":{"line":14,"column":42}},"8":{"start":{"line":19,"column":0},"end":{"line":23,"column":2}},"9":{"start":{"line":20,"column":2},"end":{"line":20,"column":51}},"10":{"start":{"line":21,"column":2},"end":{"line":21,"column":44}},"11":{"start":{"line":22,"column":2},"end":{"line":22,"column":32}},"12":{"start":{"line":26,"column":0},"end":{"line":33,"column":2}},"13":{"start":{"line":27,"column":2},"end":{"line":27,"column":51}},"14":{"start":{"line":28,"column":2},"end":{"line":28,"column":36}},"15":{"start":{"line":29,"column":2},"end":{"line":29,"column":44}},"16":{"start":{"line":30,"column":2},"end":{"line":30,"column":38}},"17":{"start":{"line":31,"column":2},"end":{"line":31,"column":47}},"18":{"start":{"line":31,"column":15},"end":{"line":31,"column":46}},"19":{"start":{"line":32,"column":2},"end":{"line":32,"column":32}},"20":{"start":{"line":38,"column":0},"end":{"line":40,"column":2}},"21":{"start":{"line":39,"column":2},"end":{"line":39,"column":33}},"22":{"start":{"line":43,"column":0},"end":{"line":53,"column":2}},"23":{"start":{"line":44,"column":2},"end":{"line":44,"column":40}},"24":{"start":{"line":45,"column":2},"end":{"line":45,"column":26}},"25":{"start":{"line":46,"column":2},"end":{"line":46,"column":33}},"26":{"start":{"line":47,"column":2},"end":{"line":52,"column":6}},"27":{"start":{"line":56,"column":0},"end":{"line":69,"column":2}},"28":{"start":{"line":57,"column":2},"end":{"line":57,"column":45}},"29":{"start":{"line":58,"column":2},"end":{"line":58,"column":36}},"30":{"start":{"line":59,"column":2},"end":{"line":59,"column":44}},"31":{"start":{"line":60,"column":2},"end":{"line":60,"column":38}},"32":{"start":{"line":61,"column":2},"end":{"line":61,"column":47}},"33":{"start":{"line":61,"column":15},"end":{"line":61,"column":46}},"34":{"start":{"line":62,"column":2},"end":{"line":62,"column":56}},"35":{"start":{"line":63,"column":2},"end":{"line":68,"column":6}},"36":{"start":{"line":72,"column":0},"end":{"line":85,"column":2}},"37":{"start":{"line":73,"column":2},"end":{"line":73,"column":46}},"38":{"start":{"line":74,"column":2},"end":{"line":74,"column":36}},"39":{"start":{"line":75,"column":2},"end":{"line":75,"column":44}},"40":{"start":{"line":76,"column":2},"end":{"line":76,"column":38}},"41":{"start":{"line":77,"column":2},"end":{"line":77,"column":47}},"42":{"start":{"line":77,"column":15},"end":{"line":77,"column":46}},"43":{"start":{"line":78,"column":2},"end":{"line":78,"column":56}},"44":{"start":{"line":79,"column":2},"end":{"line":84,"column":6}},"45":{"start":{"line":88,"column":0},"end":{"line":101,"column":2}},"46":{"start":{"line":89,"column":2},"end":{"line":89,"column":43}},"47":{"start":{"line":90,"column":2},"end":{"line":90,"column":36}},"48":{"start":{"line":91,"column":2},"end":{"line":91,"column":44}},"49":{"start":{"line":92,"column":2},"end":{"line":92,"column":38}},"50":{"start":{"line":93,"column":2},"end":{"line":93,"column":47}},"51":{"start":{"line":93,"column":15},"end":{"line":93,"column":46}},"52":{"start":{"line":94,"column":2},"end":{"line":94,"column":55}},"53":{"start":{"line":95,"column":2},"end":{"line":100,"column":6}},"54":{"start":{"line":106,"column":0},"end":{"line":119,"column":2}},"55":{"start":{"line":107,"column":2},"end":{"line":107,"column":34}},"56":{"start":{"line":108,"column":2},"end":{"line":108,"column":37}},"57":{"start":{"line":109,"column":2},"end":{"line":109,"column":44}},"58":{"start":{"line":110,"column":2},"end":{"line":110,"column":26}},"59":{"start":{"line":111,"column":2},"end":{"line":111,"column":36}},"60":{"start":{"line":112,"column":2},"end":{"line":112,"column":35}},"61":{"start":{"line":113,"column":2},"end":{"line":113,"column":39}},"62":{"start":{"line":114,"column":2},"end":{"line":114,"column":41}},"63":{"start":{"line":115,"column":2},"end":{"line":115,"column":47}},"64":{"start":{"line":116,"column":2},"end":{"line":116,"column":17}},"65":{"start":{"line":117,"column":2},"end":{"line":117,"column":56}},"66":{"start":{"line":118,"column":2},"end":{"line":118,"column":33}},"67":{"start":{"line":122,"column":0},"end":{"line":136,"column":2}},"68":{"start":{"line":123,"column":2},"end":{"line":123,"column":42}},"69":{"start":{"line":124,"column":2},"end":{"line":124,"column":36}},"70":{"start":{"line":125,"column":2},"end":{"line":125,"column":38}},"71":{"start":{"line":126,"column":2},"end":{"line":126,"column":44}},"72":{"start":{"line":127,"column":2},"end":{"line":127,"column":38}},"73":{"start":{"line":128,"column":2},"end":{"line":128,"column":47}},"74":{"start":{"line":128,"column":15},"end":{"line":128,"column":46}},"75":{"start":{"line":129,"column":2},"end":{"line":129,"column":53}},"76":{"start":{"line":130,"column":2},"end":{"line":130,"column":57}},"77":{"start":{"line":131,"column":2},"end":{"line":131,"column":39}},"78":{"start":{"line":132,"column":2},"end":{"line":132,"column":41}},"79":{"start":{"line":133,"column":2},"end":{"line":133,"column":47}},"80":{"start":{"line":134,"column":2},"end":{"line":134,"column":60}},"81":{"start":{"line":135,"column":2},"end":{"line":135,"column":33}},"82":{"start":{"line":139,"column":0},"end":{"line":154,"column":2}},"83":{"start":{"line":140,"column":2},"end":{"line":140,"column":44}},"84":{"start":{"line":141,"column":2},"end":{"line":141,"column":36}},"85":{"start":{"line":142,"column":2},"end":{"line":142,"column":40}},"86":{"start":{"line":143,"column":2},"end":{"line":143,"column":44}},"87":{"start":{"line":144,"column":2},"end":{"line":144,"column":38}},"88":{"start":{"line":145,"column":2},"end":{"line":145,"column":47}},"89":{"start":{"line":145,"column":15},"end":{"line":145,"column":46}},"90":{"start":{"line":146,"column":2},"end":{"line":152,"column":3}},"91":{"start":{"line":147,"column":4},"end":{"line":147,"column":25}},"92":{"start":{"line":148,"column":4},"end":{"line":148,"column":60}},"93":{"start":{"line":150,"column":4},"end":{"line":150,"column":42}},"94":{"start":{"line":151,"column":4},"end":{"line":151,"column":67}},"95":{"start":{"line":153,"column":2},"end":{"line":153,"column":33}},"96":{"start":{"line":156,"column":0},"end":{"line":156,"column":20}}},"branchMap":{"1":{"line":31,"type":"if","locations":[{"start":{"line":31,"column":2},"end":{"line":31,"column":2}},{"start":{"line":31,"column":2},"end":{"line":31,"column":2}}]},"2":{"line":61,"type":"if","locations":[{"start":{"line":61,"column":2},"end":{"line":61,"column":2}},{"start":{"line":61,"column":2},"end":{"line":61,"column":2}}]},"3":{"line":77,"type":"if","locations":[{"start":{"line":77,"column":2},"end":{"line":77,"column":2}},{"start":{"line":77,"column":2},"end":{"line":77,"column":2}}]},"4":{"line":93,"type":"if","locations":[{"start":{"line":93,"column":2},"end":{"line":93,"column":2}},{"start":{"line":93,"column":2},"end":{"line":93,"column":2}}]},"5":{"line":128,"type":"if","locations":[{"start":{"line":128,"column":2},"end":{"line":128,"column":2}},{"start":{"line":128,"column":2},"end":{"line":128,"column":2}}]},"6":{"line":145,"type":"if","locations":[{"start":{"line":145,"column":2},"end":{"line":145,"column":2}},{"start":{"line":145,"column":2},"end":{"line":145,"column":2}}]},"7":{"line":146,"type":"if","locations":[{"start":{"line":146,"column":2},"end":{"line":146,"column":2}},{"start":{"line":146,"column":2},"end":{"line":146,"column":2}}]}}},"C:\\Users\\s528926\\44563\\node-express-mvc-ejs-start\\controllers\\puppy.js":{"path":"C:\\Users\\s528926\\44563\\node-express-mvc-ejs-start\\controllers\\puppy.js","s":{"1":0,"2":0,"3":0,"4":0,"5":0,"6":0,"7":0,"8":0,"9":0,"10":0,"11":0,"12":0,"13":0,"14":0,"15":0,"16":0,"17":0,"18":0,"19":0,"20":0,"21":0,"22":0,"23":0,"24":0,"25":0,"26":0,"27":0,"28":0,"29":0,"30":0,"31":0,"32":0,"33":0,"34":0,"35":0,"36":0,"37":0,"38":0,"39":0,"40":0,"41":0,"42":0,"43":0,"44":0,"45":0,"46":0,"47":0,"48":0,"49":0,"50":0,"51":0,"52":0,"53":0,"54":0,"55":0,"56":0,"57":0,"58":0,"59":0,"60":0,"61":0,"62":0,"63":0,"64":0,"65":0,"66":0,"67":0,"68":0,"69":0,"70":0,"71":0,"72":0,"73":0,"74":0,"75":0,"76":0,"77":0,"78":0,"79":0,"80":0,"81":0,"82":0,"83":0,"84":0,"85":0,"86":0,"87":0,"88":0,"89":0,"90":0,"91":0,"92":0,"93":0,"94":0,"95":0,"96":0,"97":0,"98":0,"99":0,"100":0,"101":0,"102":0,"103":0,"104":0,"105":0,"106":0},"b":{"1":[0,0],"2":[0,0],"3":[0,0],"4":[0,0],"5":[0,0],"6":[0,0],"7":[0,0],"8":[0,0],"9":[0,0]},"f":{},"fnMap":{},"statementMap":{"1":{"start":{"line":1,"column":0},"end":{"line":1,"column":34}},"2":{"start":{"line":2,"column":0},"end":{"line":2,"column":28}},"3":{"start":{"line":3,"column":0},"end":{"line":3,"column":43}},"4":{"start":{"line":4,"column":0},"end":{"line":4,"column":41}},"5":{"start":{"line":5,"column":0},"end":{"line":5,"column":35}},"6":{"start":{"line":6,"column":0},"end":{"line":6,"column":39}},"7":{"start":{"line":7,"column":0},"end":{"line":7,"column":40}},"8":{"start":{"line":12,"column":0},"end":{"line":16,"column":2}},"9":{"start":{"line":13,"column":2},"end":{"line":13,"column":51}},"10":{"start":{"line":14,"column":2},"end":{"line":14,"column":43}},"11":{"start":{"line":15,"column":2},"end":{"line":15,"column":32}},"12":{"start":{"line":19,"column":0},"end":{"line":26,"column":2}},"13":{"start":{"line":20,"column":2},"end":{"line":20,"column":51}},"14":{"start":{"line":21,"column":2},"end":{"line":21,"column":36}},"15":{"start":{"line":22,"column":2},"end":{"line":22,"column":43}},"16":{"start":{"line":23,"column":2},"end":{"line":23,"column":38}},"17":{"start":{"line":24,"column":2},"end":{"line":24,"column":47}},"18":{"start":{"line":24,"column":15},"end":{"line":24,"column":46}},"19":{"start":{"line":25,"column":2},"end":{"line":25,"column":32}},"20":{"start":{"line":31,"column":0},"end":{"line":33,"column":2}},"21":{"start":{"line":32,"column":2},"end":{"line":32,"column":31}},"22":{"start":{"line":36,"column":0},"end":{"line":46,"column":2}},"23":{"start":{"line":37,"column":2},"end":{"line":37,"column":40}},"24":{"start":{"line":38,"column":2},"end":{"line":38,"column":26}},"25":{"start":{"line":39,"column":2},"end":{"line":39,"column":33}},"26":{"start":{"line":40,"column":2},"end":{"line":45,"column":6}},"27":{"start":{"line":49,"column":0},"end":{"line":62,"column":2}},"28":{"start":{"line":50,"column":2},"end":{"line":50,"column":45}},"29":{"start":{"line":51,"column":2},"end":{"line":51,"column":36}},"30":{"start":{"line":52,"column":2},"end":{"line":52,"column":43}},"31":{"start":{"line":53,"column":2},"end":{"line":53,"column":38}},"32":{"start":{"line":54,"column":2},"end":{"line":54,"column":47}},"33":{"start":{"line":54,"column":15},"end":{"line":54,"column":46}},"34":{"start":{"line":55,"column":2},"end":{"line":55,"column":56}},"35":{"start":{"line":56,"column":2},"end":{"line":61,"column":6}},"36":{"start":{"line":65,"column":0},"end":{"line":78,"column":2}},"37":{"start":{"line":66,"column":2},"end":{"line":66,"column":46}},"38":{"start":{"line":67,"column":2},"end":{"line":67,"column":36}},"39":{"start":{"line":68,"column":2},"end":{"line":68,"column":43}},"40":{"start":{"line":69,"column":2},"end":{"line":69,"column":38}},"41":{"start":{"line":70,"column":2},"end":{"line":70,"column":47}},"42":{"start":{"line":70,"column":15},"end":{"line":70,"column":46}},"43":{"start":{"line":71,"column":2},"end":{"line":71,"column":56}},"44":{"start":{"line":72,"column":2},"end":{"line":77,"column":6}},"45":{"start":{"line":81,"column":0},"end":{"line":94,"column":2}},"46":{"start":{"line":82,"column":2},"end":{"line":82,"column":43}},"47":{"start":{"line":83,"column":2},"end":{"line":83,"column":36}},"48":{"start":{"line":84,"column":2},"end":{"line":84,"column":43}},"49":{"start":{"line":85,"column":2},"end":{"line":85,"column":38}},"50":{"start":{"line":86,"column":2},"end":{"line":86,"column":47}},"51":{"start":{"line":86,"column":15},"end":{"line":86,"column":46}},"52":{"start":{"line":87,"column":2},"end":{"line":87,"column":55}},"53":{"start":{"line":88,"column":2},"end":{"line":93,"column":6}},"54":{"start":{"line":99,"column":0},"end":{"line":125,"column":2}},"55":{"start":{"line":100,"column":2},"end":{"line":100,"column":34}},"56":{"start":{"line":101,"column":2},"end":{"line":101,"column":37}},"57":{"start":{"line":102,"column":2},"end":{"line":102,"column":43}},"58":{"start":{"line":103,"column":2},"end":{"line":103,"column":26}},"59":{"start":{"line":104,"column":2},"end":{"line":104,"column":36}},"60":{"start":{"line":105,"column":2},"end":{"line":105,"column":35}},"61":{"start":{"line":106,"column":2},"end":{"line":106,"column":27}},"62":{"start":{"line":107,"column":2},"end":{"line":107,"column":29}},"63":{"start":{"line":108,"column":2},"end":{"line":108,"column":39}},"64":{"start":{"line":109,"column":2},"end":{"line":109,"column":19}},"65":{"start":{"line":110,"column":2},"end":{"line":110,"column":25}},"66":{"start":{"line":111,"column":2},"end":{"line":124,"column":3}},"67":{"start":{"line":112,"column":4},"end":{"line":120,"column":5}},"68":{"start":{"line":113,"column":6},"end":{"line":119,"column":7}},"69":{"start":{"line":121,"column":4},"end":{"line":121,"column":19}},"70":{"start":{"line":122,"column":4},"end":{"line":122,"column":56}},"71":{"start":{"line":123,"column":4},"end":{"line":123,"column":33}},"72":{"start":{"line":128,"column":0},"end":{"line":155,"column":2}},"73":{"start":{"line":129,"column":2},"end":{"line":129,"column":42}},"74":{"start":{"line":130,"column":2},"end":{"line":130,"column":36}},"75":{"start":{"line":131,"column":2},"end":{"line":131,"column":38}},"76":{"start":{"line":132,"column":2},"end":{"line":132,"column":43}},"77":{"start":{"line":133,"column":2},"end":{"line":133,"column":38}},"78":{"start":{"line":134,"column":2},"end":{"line":134,"column":47}},"79":{"start":{"line":134,"column":15},"end":{"line":134,"column":46}},"80":{"start":{"line":135,"column":2},"end":{"line":135,"column":53}},"81":{"start":{"line":136,"column":2},"end":{"line":136,"column":57}},"82":{"start":{"line":137,"column":2},"end":{"line":137,"column":27}},"83":{"start":{"line":138,"column":2},"end":{"line":138,"column":29}},"84":{"start":{"line":139,"column":2},"end":{"line":139,"column":39}},"85":{"start":{"line":140,"column":2},"end":{"line":140,"column":19}},"86":{"start":{"line":141,"column":2},"end":{"line":141,"column":25}},"87":{"start":{"line":142,"column":2},"end":{"line":152,"column":3}},"88":{"start":{"line":143,"column":4},"end":{"line":151,"column":5}},"89":{"start":{"line":144,"column":6},"end":{"line":150,"column":7}},"90":{"start":{"line":153,"column":2},"end":{"line":153,"column":58}},"91":{"start":{"line":154,"column":2},"end":{"line":154,"column":31}},"92":{"start":{"line":158,"column":0},"end":{"line":173,"column":2}},"93":{"start":{"line":159,"column":2},"end":{"line":159,"column":44}},"94":{"start":{"line":160,"column":2},"end":{"line":160,"column":36}},"95":{"start":{"line":161,"column":2},"end":{"line":161,"column":40}},"96":{"start":{"line":162,"column":2},"end":{"line":162,"column":43}},"97":{"start":{"line":163,"column":2},"end":{"line":163,"column":38}},"98":{"start":{"line":164,"column":2},"end":{"line":164,"column":47}},"99":{"start":{"line":164,"column":15},"end":{"line":164,"column":46}},"100":{"start":{"line":165,"column":2},"end":{"line":171,"column":3}},"101":{"start":{"line":166,"column":4},"end":{"line":166,"column":25}},"102":{"start":{"line":167,"column":4},"end":{"line":167,"column":60}},"103":{"start":{"line":169,"column":4},"end":{"line":169,"column":42}},"104":{"start":{"line":170,"column":4},"end":{"line":170,"column":67}},"105":{"start":{"line":172,"column":2},"end":{"line":172,"column":31}},"106":{"start":{"line":175,"column":0},"end":{"line":175,"column":20}}},"branchMap":{"1":{"line":24,"type":"if","locations":[{"start":{"line":24,"column":2},"end":{"line":24,"column":2}},{"start":{"line":24,"column":2},"end":{"line":24,"column":2}}]},"2":{"line":54,"type":"if","locations":[{"start":{"line":54,"column":2},"end":{"line":54,"column":2}},{"start":{"line":54,"column":2},"end":{"line":54,"column":2}}]},"3":{"line":70,"type":"if","locations":[{"start":{"line":70,"column":2},"end":{"line":70,"column":2}},{"start":{"line":70,"column":2},"end":{"line":70,"column":2}}]},"4":{"line":86,"type":"if","locations":[{"start":{"line":86,"column":2},"end":{"line":86,"column":2}},{"start":{"line":86,"column":2},"end":{"line":86,"column":2}}]},"5":{"line":111,"type":"if","locations":[{"start":{"line":111,"column":2},"end":{"line":111,"column":2}},{"start":{"line":111,"column":2},"end":{"line":111,"column":2}}]},"6":{"line":134,"type":"if","locations":[{"start":{"line":134,"column":2},"end":{"line":134,"column":2}},{"start":{"line":134,"column":2},"end":{"line":134,"column":2}}]},"7":{"line":142,"type":"if","locations":[{"start":{"line":142,"column":2},"end":{"line":142,"column":2}},{"start":{"line":142,"column":2},"end":{"line":142,"column":2}}]},"8":{"line":164,"type":"if","locations":[{"start":{"line":164,"column":2},"end":{"line":164,"column":2}},{"start":{"line":164,"column":2},"end":{"line":164,"column":2}}]},"9":{"line":165,"type":"if","locations":[{"start":{"line":165,"column":2},"end":{"line":165,"column":2}},{"start":{"line":165,"column":2},"end":{"line":165,"column":2}}]}}},"C:\\Users\\s528926\\44563\\node-express-mvc-ejs-start\\controllers\\transaction.js":{"path":"C:\\Users\\s528926\\44563\\node-express-mvc-ejs-start\\controllers\\transaction.js","s":{"1":0,"2":0,"3":0,"4":0,"5":0,"6":0,"7":0,"8":0,"9":0,"10":0,"11":0,"12":0,"13":0,"14":0,"15":0,"16":0,"17":0,"18":0,"19":0,"20":0,"21":0,"22":0,"23":0,"24":0,"25":0,"26":0,"27":0,"28":0,"29":0,"30":0,"31":0,"32":0,"33":0,"34":0,"35":0,"36":0,"37":0,"38":0,"39":0,"40":0,"41":0,"42":0,"43":0,"44":0,"45":0,"46":0,"47":0,"48":0,"49":0,"50":0,"51":0,"52":0,"53":0,"54":0,"55":0,"56":0,"57":0,"58":0,"59":0,"60":0,"61":0,"62":0,"63":0,"64":0,"65":0,"66":0,"67":0,"68":0,"69":0,"70":0,"71":0,"72":0,"73":0,"74":0,"75":0,"76":0,"77":0,"78":0,"79":0,"80":0,"81":0,"82":0,"83":0,"84":0,"85":0,"86":0,"87":0,"88":0,"89":0,"90":0,"91":0,"92":0,"93":0,"94":0,"95":0,"96":0,"97":0,"98":0,"99":0,"100":0},"b":{"1":[0,0],"2":[0,0],"3":[0,0],"4":[0,0],"5":[0,0],"6":[0,0],"7":[0,0]},"f":{},"fnMap":{},"statementMap":{"1":{"start":{"line":8,"column":0},"end":{"line":8,"column":34}},"2":{"start":{"line":9,"column":0},"end":{"line":9,"column":28}},"3":{"start":{"line":10,"column":0},"end":{"line":10,"column":41}},"4":{"start":{"line":11,"column":0},"end":{"line":11,"column":35}},"5":{"start":{"line":12,"column":0},"end":{"line":12,"column":39}},"6":{"start":{"line":13,"column":0},"end":{"line":13,"column":49}},"7":{"start":{"line":14,"column":0},"end":{"line":14,"column":46}},"8":{"start":{"line":19,"column":0},"end":{"line":23,"column":2}},"9":{"start":{"line":20,"column":2},"end":{"line":20,"column":51}},"10":{"start":{"line":21,"column":2},"end":{"line":21,"column":48}},"11":{"start":{"line":22,"column":2},"end":{"line":22,"column":32}},"12":{"start":{"line":26,"column":0},"end":{"line":33,"column":2}},"13":{"start":{"line":27,"column":2},"end":{"line":27,"column":51}},"14":{"start":{"line":28,"column":2},"end":{"line":28,"column":36}},"15":{"start":{"line":29,"column":2},"end":{"line":29,"column":48}},"16":{"start":{"line":30,"column":2},"end":{"line":30,"column":38}},"17":{"start":{"line":31,"column":2},"end":{"line":31,"column":47}},"18":{"start":{"line":31,"column":15},"end":{"line":31,"column":46}},"19":{"start":{"line":32,"column":2},"end":{"line":32,"column":32}},"20":{"start":{"line":38,"column":0},"end":{"line":40,"column":2}},"21":{"start":{"line":39,"column":2},"end":{"line":39,"column":37}},"22":{"start":{"line":43,"column":0},"end":{"line":53,"column":2}},"23":{"start":{"line":44,"column":2},"end":{"line":44,"column":40}},"24":{"start":{"line":45,"column":2},"end":{"line":45,"column":26}},"25":{"start":{"line":46,"column":2},"end":{"line":46,"column":33}},"26":{"start":{"line":47,"column":2},"end":{"line":52,"column":6}},"27":{"start":{"line":56,"column":0},"end":{"line":69,"column":2}},"28":{"start":{"line":57,"column":2},"end":{"line":57,"column":45}},"29":{"start":{"line":58,"column":2},"end":{"line":58,"column":36}},"30":{"start":{"line":59,"column":2},"end":{"line":59,"column":48}},"31":{"start":{"line":60,"column":2},"end":{"line":60,"column":38}},"32":{"start":{"line":61,"column":2},"end":{"line":61,"column":47}},"33":{"start":{"line":61,"column":15},"end":{"line":61,"column":46}},"34":{"start":{"line":62,"column":2},"end":{"line":62,"column":56}},"35":{"start":{"line":63,"column":2},"end":{"line":68,"column":6}},"36":{"start":{"line":72,"column":0},"end":{"line":85,"column":2}},"37":{"start":{"line":73,"column":2},"end":{"line":73,"column":46}},"38":{"start":{"line":74,"column":2},"end":{"line":74,"column":36}},"39":{"start":{"line":75,"column":2},"end":{"line":75,"column":48}},"40":{"start":{"line":76,"column":2},"end":{"line":76,"column":38}},"41":{"start":{"line":77,"column":2},"end":{"line":77,"column":47}},"42":{"start":{"line":77,"column":15},"end":{"line":77,"column":46}},"43":{"start":{"line":78,"column":2},"end":{"line":78,"column":56}},"44":{"start":{"line":79,"column":2},"end":{"line":84,"column":6}},"45":{"start":{"line":88,"column":0},"end":{"line":101,"column":2}},"46":{"start":{"line":89,"column":2},"end":{"line":89,"column":43}},"47":{"start":{"line":90,"column":2},"end":{"line":90,"column":36}},"48":{"start":{"line":91,"column":2},"end":{"line":91,"column":48}},"49":{"start":{"line":92,"column":2},"end":{"line":92,"column":38}},"50":{"start":{"line":93,"column":2},"end":{"line":93,"column":47}},"51":{"start":{"line":93,"column":15},"end":{"line":93,"column":46}},"52":{"start":{"line":94,"column":2},"end":{"line":94,"column":56}},"53":{"start":{"line":95,"column":2},"end":{"line":100,"column":6}},"54":{"start":{"line":106,"column":0},"end":{"line":125,"column":2}},"55":{"start":{"line":107,"column":2},"end":{"line":107,"column":34}},"56":{"start":{"line":108,"column":2},"end":{"line":108,"column":37}},"57":{"start":{"line":109,"column":2},"end":{"line":109,"column":48}},"58":{"start":{"line":110,"column":2},"end":{"line":110,"column":26}},"59":{"start":{"line":111,"column":2},"end":{"line":111,"column":36}},"60":{"start":{"line":112,"column":2},"end":{"line":112,"column":35}},"61":{"start":{"line":114,"column":2},"end":{"line":114,"column":57}},"62":{"start":{"line":115,"column":2},"end":{"line":115,"column":53}},"63":{"start":{"line":116,"column":2},"end":{"line":116,"column":27}},"64":{"start":{"line":117,"column":2},"end":{"line":117,"column":45}},"65":{"start":{"line":119,"column":2},"end":{"line":119,"column":51}},"66":{"start":{"line":122,"column":2},"end":{"line":122,"column":17}},"67":{"start":{"line":123,"column":2},"end":{"line":123,"column":60}},"68":{"start":{"line":124,"column":2},"end":{"line":124,"column":37}},"69":{"start":{"line":128,"column":0},"end":{"line":144,"column":2}},"70":{"start":{"line":129,"column":2},"end":{"line":129,"column":42}},"71":{"start":{"line":130,"column":2},"end":{"line":130,"column":36}},"72":{"start":{"line":131,"column":2},"end":{"line":131,"column":38}},"73":{"start":{"line":132,"column":2},"end":{"line":132,"column":48}},"74":{"start":{"line":133,"column":2},"end":{"line":133,"column":38}},"75":{"start":{"line":134,"column":2},"end":{"line":134,"column":47}},"76":{"start":{"line":134,"column":15},"end":{"line":134,"column":46}},"77":{"start":{"line":135,"column":2},"end":{"line":135,"column":53}},"78":{"start":{"line":136,"column":2},"end":{"line":136,"column":57}},"79":{"start":{"line":137,"column":2},"end":{"line":137,"column":27}},"80":{"start":{"line":138,"column":2},"end":{"line":138,"column":45}},"81":{"start":{"line":139,"column":2},"end":{"line":139,"column":57}},"82":{"start":{"line":140,"column":2},"end":{"line":140,"column":51}},"83":{"start":{"line":141,"column":2},"end":{"line":141,"column":53}},"84":{"start":{"line":142,"column":2},"end":{"line":142,"column":64}},"85":{"start":{"line":143,"column":2},"end":{"line":143,"column":37}},"86":{"start":{"line":147,"column":0},"end":{"line":162,"column":2}},"87":{"start":{"line":148,"column":2},"end":{"line":148,"column":44}},"88":{"start":{"line":149,"column":2},"end":{"line":149,"column":36}},"89":{"start":{"line":150,"column":2},"end":{"line":150,"column":40}},"90":{"start":{"line":151,"column":2},"end":{"line":151,"column":48}},"91":{"start":{"line":152,"column":2},"end":{"line":152,"column":38}},"92":{"start":{"line":153,"column":2},"end":{"line":153,"column":47}},"93":{"start":{"line":153,"column":15},"end":{"line":153,"column":46}},"94":{"start":{"line":154,"column":2},"end":{"line":160,"column":3}},"95":{"start":{"line":155,"column":4},"end":{"line":155,"column":25}},"96":{"start":{"line":156,"column":4},"end":{"line":156,"column":60}},"97":{"start":{"line":158,"column":4},"end":{"line":158,"column":42}},"98":{"start":{"line":159,"column":4},"end":{"line":159,"column":67}},"99":{"start":{"line":161,"column":2},"end":{"line":161,"column":37}},"100":{"start":{"line":164,"column":0},"end":{"line":164,"column":20}}},"branchMap":{"1":{"line":31,"type":"if","locations":[{"start":{"line":31,"column":2},"end":{"line":31,"column":2}},{"start":{"line":31,"column":2},"end":{"line":31,"column":2}}]},"2":{"line":61,"type":"if","locations":[{"start":{"line":61,"column":2},"end":{"line":61,"column":2}},{"start":{"line":61,"column":2},"end":{"line":61,"column":2}}]},"3":{"line":77,"type":"if","locations":[{"start":{"line":77,"column":2},"end":{"line":77,"column":2}},{"start":{"line":77,"column":2},"end":{"line":77,"column":2}}]},"4":{"line":93,"type":"if","locations":[{"start":{"line":93,"column":2},"end":{"line":93,"column":2}},{"start":{"line":93,"column":2},"end":{"line":93,"column":2}}]},"5":{"line":134,"type":"if","locations":[{"start":{"line":134,"column":2},"end":{"line":134,"column":2}},{"start":{"line":134,"column":2},"end":{"line":134,"column":2}}]},"6":{"line":153,"type":"if","locations":[{"start":{"line":153,"column":2},"end":{"line":153,"column":2}},{"start":{"line":153,"column":2},"end":{"line":153,"column":2}}]},"7":{"line":154,"type":"if","locations":[{"start":{"line":154,"column":2},"end":{"line":154,"column":2}},{"start":{"line":154,"column":2},"end":{"line":154,"column":2}}]}}},"C:\\Users\\s528926\\44563\\node-express-mvc-ejs-start\\controllers\\user.js":{"path":"C:\\Users\\s528926\\44563\\node-express-mvc-ejs-start\\controllers\\user.js","s":{"1":0,"2":0,"3":0,"4":0,"5":0,"6":0,"7":0,"8":0,"9":0,"10":0,"11":0,"12":0,"13":0,"14":0,"15":0,"16":0,"17":0,"18":0,"19":0,"20":0,"21":0,"22":0,"23":0,"24":0,"25":0,"26":0,"27":0,"28":0,"29":0,"30":0,"31":0,"32":0,"33":0,"34":0,"35":0,"36":0,"37":0,"38":0,"39":0,"40":0,"41":0,"42":0,"43":0,"44":0,"45":0,"46":0,"47":0,"48":0,"49":0,"50":0,"51":0,"52":0,"53":0,"54":0,"55":0,"56":0,"57":0,"58":0,"59":0,"60":0,"61":0,"62":0,"63":0,"64":0,"65":0,"66":0,"67":0,"68":0,"69":0,"70":0,"71":0,"72":0,"73":0,"74":0,"75":0,"76":0,"77":0,"78":0,"79":0,"80":0,"81":0,"82":0,"83":0,"84":0,"85":0,"86":0,"87":0,"88":0,"89":0,"90":0,"91":0,"92":0,"93":0,"94":0,"95":0,"96":0,"97":0,"98":0,"99":0,"100":0},"b":{"1":[0,0],"2":[0,0],"3":[0,0],"4":[0,0],"5":[0,0],"6":[0,0],"7":[0,0]},"f":{},"fnMap":{},"statementMap":{"1":{"start":{"line":8,"column":0},"end":{"line":8,"column":34}},"2":{"start":{"line":9,"column":0},"end":{"line":9,"column":28}},"3":{"start":{"line":10,"column":0},"end":{"line":10,"column":41}},"4":{"start":{"line":11,"column":0},"end":{"line":11,"column":35}},"5":{"start":{"line":12,"column":0},"end":{"line":12,"column":39}},"6":{"start":{"line":13,"column":0},"end":{"line":13,"column":42}},"7":{"start":{"line":14,"column":0},"end":{"line":14,"column":39}},"8":{"start":{"line":19,"column":0},"end":{"line":23,"column":4}},"9":{"start":{"line":20,"column":4},"end":{"line":20,"column":53}},"10":{"start":{"line":21,"column":4},"end":{"line":21,"column":43}},"11":{"start":{"line":22,"column":4},"end":{"line":22,"column":34}},"12":{"start":{"line":26,"column":0},"end":{"line":33,"column":4}},"13":{"start":{"line":27,"column":4},"end":{"line":27,"column":53}},"14":{"start":{"line":28,"column":4},"end":{"line":28,"column":38}},"15":{"start":{"line":29,"column":4},"end":{"line":29,"column":43}},"16":{"start":{"line":30,"column":4},"end":{"line":30,"column":40}},"17":{"start":{"line":31,"column":4},"end":{"line":31,"column":49}},"18":{"start":{"line":31,"column":17},"end":{"line":31,"column":48}},"19":{"start":{"line":32,"column":4},"end":{"line":32,"column":34}},"20":{"start":{"line":38,"column":0},"end":{"line":40,"column":4}},"21":{"start":{"line":39,"column":4},"end":{"line":39,"column":32}},"22":{"start":{"line":43,"column":0},"end":{"line":53,"column":4}},"23":{"start":{"line":44,"column":4},"end":{"line":44,"column":42}},"24":{"start":{"line":45,"column":4},"end":{"line":45,"column":28}},"25":{"start":{"line":46,"column":4},"end":{"line":46,"column":35}},"26":{"start":{"line":47,"column":4},"end":{"line":52,"column":8}},"27":{"start":{"line":56,"column":0},"end":{"line":69,"column":4}},"28":{"start":{"line":57,"column":4},"end":{"line":57,"column":47}},"29":{"start":{"line":58,"column":4},"end":{"line":58,"column":38}},"30":{"start":{"line":59,"column":4},"end":{"line":59,"column":43}},"31":{"start":{"line":60,"column":4},"end":{"line":60,"column":40}},"32":{"start":{"line":61,"column":4},"end":{"line":61,"column":49}},"33":{"start":{"line":61,"column":17},"end":{"line":61,"column":48}},"34":{"start":{"line":62,"column":4},"end":{"line":62,"column":58}},"35":{"start":{"line":63,"column":4},"end":{"line":68,"column":8}},"36":{"start":{"line":72,"column":0},"end":{"line":85,"column":4}},"37":{"start":{"line":73,"column":4},"end":{"line":73,"column":48}},"38":{"start":{"line":74,"column":4},"end":{"line":74,"column":38}},"39":{"start":{"line":75,"column":4},"end":{"line":75,"column":43}},"40":{"start":{"line":76,"column":4},"end":{"line":76,"column":40}},"41":{"start":{"line":77,"column":4},"end":{"line":77,"column":49}},"42":{"start":{"line":77,"column":17},"end":{"line":77,"column":48}},"43":{"start":{"line":78,"column":4},"end":{"line":78,"column":58}},"44":{"start":{"line":79,"column":4},"end":{"line":84,"column":8}},"45":{"start":{"line":88,"column":0},"end":{"line":101,"column":4}},"46":{"start":{"line":89,"column":4},"end":{"line":89,"column":45}},"47":{"start":{"line":90,"column":4},"end":{"line":90,"column":38}},"48":{"start":{"line":91,"column":4},"end":{"line":91,"column":43}},"49":{"start":{"line":92,"column":4},"end":{"line":92,"column":40}},"50":{"start":{"line":93,"column":4},"end":{"line":93,"column":49}},"51":{"start":{"line":93,"column":17},"end":{"line":93,"column":48}},"52":{"start":{"line":94,"column":4},"end":{"line":94,"column":57}},"53":{"start":{"line":95,"column":4},"end":{"line":100,"column":8}},"54":{"start":{"line":106,"column":0},"end":{"line":121,"column":4}},"55":{"start":{"line":107,"column":4},"end":{"line":107,"column":36}},"56":{"start":{"line":108,"column":4},"end":{"line":108,"column":39}},"57":{"start":{"line":109,"column":4},"end":{"line":109,"column":43}},"58":{"start":{"line":110,"column":4},"end":{"line":110,"column":28}},"59":{"start":{"line":111,"column":4},"end":{"line":111,"column":38}},"60":{"start":{"line":112,"column":4},"end":{"line":112,"column":37}},"61":{"start":{"line":113,"column":4},"end":{"line":113,"column":47}},"62":{"start":{"line":114,"column":4},"end":{"line":114,"column":37}},"63":{"start":{"line":115,"column":4},"end":{"line":115,"column":29}},"64":{"start":{"line":116,"column":4},"end":{"line":116,"column":31}},"65":{"start":{"line":117,"column":4},"end":{"line":117,"column":35}},"66":{"start":{"line":118,"column":4},"end":{"line":118,"column":19}},"67":{"start":{"line":119,"column":4},"end":{"line":119,"column":55}},"68":{"start":{"line":120,"column":4},"end":{"line":120,"column":32}},"69":{"start":{"line":124,"column":0},"end":{"line":140,"column":4}},"70":{"start":{"line":125,"column":4},"end":{"line":125,"column":44}},"71":{"start":{"line":126,"column":4},"end":{"line":126,"column":38}},"72":{"start":{"line":127,"column":4},"end":{"line":127,"column":40}},"73":{"start":{"line":128,"column":4},"end":{"line":128,"column":43}},"74":{"start":{"line":129,"column":4},"end":{"line":129,"column":40}},"75":{"start":{"line":130,"column":4},"end":{"line":130,"column":49}},"76":{"start":{"line":130,"column":17},"end":{"line":130,"column":48}},"77":{"start":{"line":131,"column":4},"end":{"line":131,"column":55}},"78":{"start":{"line":132,"column":4},"end":{"line":132,"column":59}},"79":{"start":{"line":133,"column":4},"end":{"line":133,"column":47}},"80":{"start":{"line":134,"column":4},"end":{"line":134,"column":37}},"81":{"start":{"line":135,"column":4},"end":{"line":135,"column":29}},"82":{"start":{"line":136,"column":4},"end":{"line":136,"column":31}},"83":{"start":{"line":137,"column":4},"end":{"line":137,"column":35}},"84":{"start":{"line":138,"column":4},"end":{"line":138,"column":59}},"85":{"start":{"line":139,"column":4},"end":{"line":139,"column":32}},"86":{"start":{"line":143,"column":0},"end":{"line":158,"column":4}},"87":{"start":{"line":144,"column":4},"end":{"line":144,"column":46}},"88":{"start":{"line":145,"column":4},"end":{"line":145,"column":38}},"89":{"start":{"line":146,"column":4},"end":{"line":146,"column":42}},"90":{"start":{"line":147,"column":4},"end":{"line":147,"column":43}},"91":{"start":{"line":148,"column":4},"end":{"line":148,"column":40}},"92":{"start":{"line":149,"column":4},"end":{"line":149,"column":49}},"93":{"start":{"line":149,"column":17},"end":{"line":149,"column":48}},"94":{"start":{"line":150,"column":4},"end":{"line":156,"column":5}},"95":{"start":{"line":151,"column":6},"end":{"line":151,"column":27}},"96":{"start":{"line":152,"column":6},"end":{"line":152,"column":62}},"97":{"start":{"line":154,"column":6},"end":{"line":154,"column":44}},"98":{"start":{"line":155,"column":6},"end":{"line":155,"column":69}},"99":{"start":{"line":157,"column":4},"end":{"line":157,"column":32}},"100":{"start":{"line":160,"column":2},"end":{"line":160,"column":22}}},"branchMap":{"1":{"line":31,"type":"if","locations":[{"start":{"line":31,"column":4},"end":{"line":31,"column":4}},{"start":{"line":31,"column":4},"end":{"line":31,"column":4}}]},"2":{"line":61,"type":"if","locations":[{"start":{"line":61,"column":4},"end":{"line":61,"column":4}},{"start":{"line":61,"column":4},"end":{"line":61,"column":4}}]},"3":{"line":77,"type":"if","locations":[{"start":{"line":77,"column":4},"end":{"line":77,"column":4}},{"start":{"line":77,"column":4},"end":{"line":77,"column":4}}]},"4":{"line":93,"type":"if","locations":[{"start":{"line":93,"column":4},"end":{"line":93,"column":4}},{"start":{"line":93,"column":4},"end":{"line":93,"column":4}}]},"5":{"line":130,"type":"if","locations":[{"start":{"line":130,"column":4},"end":{"line":130,"column":4}},{"start":{"line":130,"column":4},"end":{"line":130,"column":4}}]},"6":{"line":149,"type":"if","locations":[{"start":{"line":149,"column":4},"end":{"line":149,"column":4}},{"start":{"line":149,"column":4},"end":{"line":149,"column":4}}]},"7":{"line":150,"type":"if","locations":[{"start":{"line":150,"column":4},"end":{"line":150,"column":4}},{"start":{"line":150,"column":4},"end":{"line":150,"column":4}}]}}},"C:\\Users\\s528926\\44563\\node-express-mvc-ejs-start\\models\\account.js":{"path":"C:\\Users\\s528926\\44563\\node-express-mvc-ejs-start\\mode
[...]
nd":{"line":4,"column":13875}}]},"160":{"line":4,"type":"binary-expr","locations":[{"start":{"line":4,"column":13854},"end":{"line":4,"column":13867}},{"start":{"line":4,"column":13869},"end":{"line":4,"column":13875}}]},"161":{"line":4,"type":"binary-expr","locations":[{"start":{"line":4,"column":13881},"end":{"line":4,"column":13894}},{"start":{"line":4,"column":13896},"end":{"line":4,"column":13902}}]},"162":{"line":4,"type":"binary-expr","locations":[{"start":{"line":4,"column":13992},"end":{"line":4,"column":14010}},{"start":{"line":4,"column":14012},"end":{"line":4,"column":14030}},{"start":{"line":4,"column":14033},"end":{"line":4,"column":14180}}]},"163":{"line":4,"type":"binary-expr","locations":[{"start":{"line":4,"column":14300},"end":{"line":4,"column":14301}},{"start":{"line":4,"column":14303},"end":{"line":4,"column":14317}}]},"164":{"line":4,"type":"cond-expr","locations":[{"start":{"line":4,"column":14364},"end":{"line":4,"column":14365}},{"start":{"line":4,"column":14366},"end":{"line":4,"column":14370}}]},"165":{"line":4,"type":"binary-expr","locations":[{"start":{"line":4,"column":14366},"end":{"line":4,"column":14367}},{"start":{"line":4,"column":14369},"end":{"line":4,"column":14370}}]},"166":{"line":4,"type":"binary-expr","locations":[{"start":{"line":4,"column":14412},"end":{"line":4,"column":14414}},{"start":{"line":4,"column":14416},"end":{"line":4,"column":14431}},{"start":{"line":4,"column":14434},"end":{"line":4,"column":14476}}]},"167":{"line":4,"type":"binary-expr","locations":[{"start":{"line":4,"column":14492},"end":{"line":4,"column":14493}},{"start":{"line":4,"column":14496},"end":{"line":4,"column":14504}}]},"168":{"line":4,"type":"cond-expr","locations":[{"start":{"line":4,"column":14512},"end":{"line":4,"column":14522}},{"start":{"line":4,"column":14523},"end":{"line":4,"column":14553}}]},"169":{"line":4,"type":"cond-expr","locations":[{"start":{"line":4,"column":14633},"end":{"line":4,"column":14634}},{"start":{"line":4,"column":14635},"end":{"line":4,"column":14639}}]},"170":{"line":4,"type":"binary-expr","locations":[{"start":{"line":4,"column":14635},"end":{"line":4,"column":14636}},{"start":{"line":4,"column":14638},"end":{"line":4,"column":14639}}]},"171":{"line":4,"type":"binary-expr","locations":[{"start":{"line":4,"column":14720},"end":{"line":4,"column":14721}},{"start":{"line":4,"column":14724},"end":{"line":4,"column":14761}}]},"172":{"line":11,"type":"binary-expr","locations":[{"start":{"line":11,"column":39},"end":{"line":11,"column":51}},{"start":{"line":11,"column":53},"end":{"line":11,"column":479}}]},"173":{"line":11,"type":"binary-expr","locations":[{"start":{"line":11,"column":93},"end":{"line":11,"column":112}},{"start":{"line":11,"column":114},"end":{"line":11,"column":126}}]},"174":{"line":11,"type":"binary-expr","locations":[{"start":{"line":11,"column":741},"end":{"line":11,"column":742}},{"start":{"line":11,"column":745},"end":{"line":11,"column":895}}]},"175":{"line":11,"type":"binary-expr","locations":[{"start":{"line":11,"column":796},"end":{"line":11,"column":812}},{"start":{"line":11,"column":814},"end":{"line":11,"column":828}},{"start":{"line":11,"column":830},"end":{"line":11,"column":844}},{"start":{"line":11,"column":846},"end":{"line":11,"column":863}}]},"176":{"line":11,"type":"binary-expr","locations":[{"start":{"line":11,"column":865},"end":{"line":11,"column":881}},{"start":{"line":11,"column":883},"end":{"line":11,"column":895}}]},"177":{"line":11,"type":"if","locations":[{"start":{"line":11,"column":972},"end":{"line":11,"column":972}},{"start":{"line":11,"column":972},"end":{"line":11,"column":972}}]},"178":{"line":11,"type":"binary-expr","locations":[{"start":{"line":11,"column":1558},"end":{"line":11,"column":1570}},{"start":{"line":11,"column":1572},"end":{"line":11,"column":1603}},{"start":{"line":11,"column":1605},"end":{"line":11,"column":1637}}]},"179":{"line":11,"type":"binary-expr","locations":[{"start":{"line":11,"column":1734},"end":{"line":11,"column":1767}},{"start":{"line":11,"column":1769},"end":{"line":11,"column":1770}}]},"180":{"line":11,"type":"binary-expr","locations":[{"start":{"line":11,"column":1914},"end":{"line":11,"column":1915}},{"start":{"line":11,"column":1917},"end":{"line":11,"column":1933}}]},"181":{"line":11,"type":"binary-expr","locations":[{"start":{"line":11,"column":2006},"end":{"line":11,"column":2007}},{"start":{"line":11,"column":2010},"end":{"line":11,"column":2063}}]},"182":{"line":11,"type":"binary-expr","locations":[{"start":{"line":11,"column":2130},"end":{"line":11,"column":2131}},{"start":{"line":11,"column":2133},"end":{"line":11,"column":2163}}]},"183":{"line":11,"type":"cond-expr","locations":[{"start":{"line":11,"column":2182},"end":{"line":11,"column":2198}},{"start":{"line":11,"column":2199},"end":{"line":11,"column":2215}}]},"184":{"line":11,"type":"binary-expr","locations":[{"start":{"line":11,"column":2235},"end":{"line":11,"column":2236}},{"start":{"line":11,"column":2239},"end":{"line":11,"column":2257}}]},"185":{"line":11,"type":"binary-expr","locations":[{"start":{"line":11,"column":2321},"end":{"line":11,"column":2348}},{"start":{"line":11,"column":2350},"end":{"line":11,"column":2351}},{"start":{"line":11,"column":2353},"end":{"line":11,"column":2362}},{"start":{"line":11,"column":2364},"end":{"line":11,"column":2365}}]},"186":{"line":11,"type":"if","locations":[{"start":{"line":11,"column":2410},"end":{"line":11,"column":2410}},{"start":{"line":11,"column":2410},"end":{"line":11,"column":2410}}]},"187":{"line":11,"type":"binary-expr","locations":[{"start":{"line":11,"column":2413},"end":{"line":11,"column":2414}},{"start":{"line":11,"column":2416},"end":{"line":11,"column":2417}},{"start":{"line":11,"column":2419},"end":{"line":11,"column":2424}}]},"188":{"line":11,"type":"if","locations":[{"start":{"line":11,"column":2496},"end":{"line":11,"column":2496}},{"start":{"line":11,"column":2496},"end":{"line":11,"column":2496}}]},"189":{"line":11,"type":"binary-expr","locations":[{"start":{"line":11,"column":2578},"end":{"line":11,"column":2579}},{"start":{"line":11,"column":2582},"end":{"line":11,"column":2624}}]},"190":{"line":11,"type":"cond-expr","locations":[{"start":{"line":11,"column":2615},"end":{"line":11,"column":2621}},{"start":{"line":11,"column":2622},"end":{"line":11,"column":2623}}]},"191":{"line":11,"type":"binary-expr","locations":[{"start":{"line":11,"column":2615},"end":{"line":11,"column":2616}},{"start":{"line":11,"column":2618},"end":{"line":11,"column":2621}}]},"192":{"line":11,"type":"binary-expr","locations":[{"start":{"line":11,"column":2626},"end":{"line":11,"column":2627}},{"start":{"line":11,"column":2630},"end":{"line":11,"column":2672}}]},"193":{"line":11,"type":"cond-expr","locations":[{"start":{"line":11,"column":2663},"end":{"line":11,"column":2669}},{"start":{"line":11,"column":2670},"end":{"line":11,"column":2671}}]},"194":{"line":11,"type":"binary-expr","locations":[{"start":{"line":11,"column":2663},"end":{"line":11,"column":2664}},{"start":{"line":11,"column":2666},"end":{"line":11,"column":2669}}]},"195":{"line":11,"type":"binary-expr","locations":[{"start":{"line":11,"column":2674},"end":{"line":11,"column":2684}},{"start":{"line":11,"column":2687},"end":{"line":11,"column":2688}},{"start":{"line":11,"column":2690},"end":{"line":11,"column":2691}},{"start":{"line":11,"column":2693},"end":{"line":11,"column":2703}},{"start":{"line":11,"column":2705},"end":{"line":11,"column":2715}},{"start":{"line":11,"column":2719},"end":{"line":11,"column":2774}}]},"196":{"line":11,"type":"binary-expr","locations":[{"start":{"line":11,"column":2695},"end":{"line":11,"column":2696}},{"start":{"line":11,"column":2698},"end":{"line":11,"column":2702}}]},"197":{"line":11,"type":"binary-expr","locations":[{"start":{"line":11,"column":2707},"end":{"line":11,"column":2708}},{"start":{"line":11,"column":2710},"end":{"line":11,"column":2714}}]},"198":{"line":11,"type":"binary-expr","locations":[{"start":{"line":11,"column":2719},"end":{"line":11,"column":2729}},{"start":{"line":11,"column":2732},"end":{"line":11,"column":2745}}]},"199":{"line":11,"type":"binary-expr","locations":[{"start":{"line":11,"column":2791},"end":{"line":11,"column":2810}},{"start":{"line":11,"column":2812},"end":{"line":11,"column":2816}},{"start":{"line":11,"column":2818},"end":{"line":11,"column":2837}},{"start":{"line":11,"column":2839},"end":{"line":11,"column":2858}}]},"200":{"line":11,"type":"if","locations":[{"start":{"line":11,"column":2885},"end":{"line":11,"column":2885}},{"start":{"line":11,"column":2885},"end":{"line":11,"column":2885}}]},"201":{"line":11,"type":"cond-expr","locations":[{"start":{"line":11,"column":3031},"end":{"line":11,"column":3053}},{"start":{"line":11,"column":3054},"end":{"line":11,"column":3088}}]},"202":{"line":11,"type":"binary-expr","locations":[{"start":{"line":11,"column":3209},"end":{"line":11,"column":3210}},{"start":{"line":11,"column":3212},"end":{"line":11,"column":3220}},{"start":{"line":11,"column":3222},"end":{"line":11,"column":3223}}]},"203":{"line":11,"type":"binary-expr","locations":[{"start":{"line":11,"column":3326},"end":{"line":11,"column":3328}},{"start":{"line":11,"column":3330},"end":{"line":11,"column":3331}}]},"204":{"line":11,"type":"binary-expr","locations":[{"start":{"line":11,"column":3332},"end":{"line":11,"column":3340}},{"start":{"line":11,"column":3343},"end":{"line":11,"column":3349}}]},"205":{"line":11,"type":"binary-expr","locations":[{"start":{"line":11,"column":3351},"end":{"line":11,"column":3352}},{"start":{"line":11,"column":3355},"end":{"line":11,"column":3358}}]},"206":{"line":11,"type":"cond-expr","locations":[{"start":{"line":11,"column":3396},"end":{"line":11,"column":3412}},{"start":{"line":11,"column":3415},"end":{"line":11,"column":3490}}]},"207":{"line":11,"type":"binary-expr","locations":[{"start":{"line":11,"column":3417},"end":{"line":11,"column":3447}},{"start":{"line":11,"column":3449},"end":{"line":11,"column":3458}}]},"208":{"line":11,"type":"binary-expr","locations":[{"start":{"line":11,"column":3466},"end":{"line":11,"column":3475}},{"start":{"line":11,"column":3477},"end":{"line":11,"column":3489}}]},"209":{"line":11,"type":"binary-expr","locations":[{"start":{"line":11,"column":3545},"end":{"line":11,"column":3549}},{"start":{"line":11,"column":3551},"end":{"line":11,"column":3796}}]},"210":{"line":11,"type":"binary-expr","locations":[{"start":{"line":11,"column":3565},"end":{"line":11,"column":3600}},{"start":{"line":11,"column":3602},"end":{"line":11,"column":3611}},{"start":{"line":11,"column":3613},"end":{"line":11,"column":3618}}]},"211":{"line":11,"type":"binary-expr","locations":[{"start":{"line":11,"column":3668},"end":{"line":11,"column":3689}},{"start":{"line":11,"column":3691},"end":{"line":11,"column":3728}}]},"212":{"line":11,"type":"binary-expr","locations":[{"start":{"line":11,"column":3714},"end":{"line":11,"column":3723}},{"start":{"line":11,"column":3725},"end":{"line":11,"column":3727}}]},"213":{"line":11,"type":"binary-expr","locations":[{"start":{"line":11,"column":3734},"end":{"line":11,"column":3755}},{"start":{"line":11,"column":3757},"end":{"line":11,"column":3794}}]},"214":{"line":11,"type":"binary-expr","locations":[{"start":{"line":11,"column":3780},"end":{"line":11,"column":3789}},{"start":{"line":11,"column":3791},"end":{"line":11,"column":3793}}]},"215":{"line":11,"type":"if","locations":[{"start":{"line":11,"column":3815},"end":{"line":11,"column":3815}},{"start":{"line":11,"column":3815},"end":{"line":11,"column":3815}}]},"216":{"line":11,"type":"binary-expr","locations":[{"start":{"line":11,"column":4007},"end":{"line":11,"column":4012}},{"start":{"line":11,"column":4014},"end":{"line":11,"column":4048}}]},"217":{"line":11,"type":"binary-expr","locations":[{"start":{"line":11,"column":4049},"end":{"line":11,"column":4050}},{"start":{"line":11,"column":4052},"end":{"line":11,"column":4053}},{"start":{"line":11,"column":4055},"end":{"line":11,"column":4060}},{"start":{"line":11,"column":4063},"end":{"line":11,"column":4312}}]},"218":{"line":11,"type":"cond-expr","locations":[{"start":{"line":11,"column":4102},"end":{"line":11,"column":4140}},{"start":{"line":11,"column":4142},"end":{"line":11,"column":4312}}]},"219":{"line":11,"type":"binary-expr","locations":[{"start":{"line":11,"column":4063},"end":{"line":11,"column":4075}},{"start":{"line":11,"column":4077},"end":{"line":11,"column":4100}}]},"220":{"line":11,"type":"binary-expr","locations":[{"start":{"line":11,"column":4143},"end":{"line":11,"column":4171}},{"start":{"line":11,"column":4173},"end":{"line":11,"column":4175}},{"start":{"line":11,"column":4177},"end":{"line":11,"column":4232}},{"start":{"line":11,"column":4236},"end":{"line":11,"column":4311}}]},"221":{"line":11,"type":"binary-expr","locations":[{"start":{"line":11,"column":4236},"end":{"line":11,"column":4259}},{"start":{"line":11,"column":4262},"end":{"line":11,"column":4285}}]},"222":{"line":11,"type":"cond-expr","locations":[{"start":{"line":11,"column":4368},"end":{"line":11,"column":4401}},{"start":{"line":11,"column":4402},"end":{"line":11,"column":4444}}]},"223":{"line":11,"type":"binary-expr","locations":[{"start":{"line":11,"column":4402},"end":{"line":11,"column":4415}},{"start":{"line":11,"column":4417},"end":{"line":11,"column":4444}}]}}},"C:\\Users\\s528926\\44563\\node-express-mvc-ejs-start\\routes\\index.js":{"path":"C:\\Users\\s528926\\44563\\node-express-mvc-ejs-start\\routes\\index.js","s":{"1":0,"2":0,"3":0,"4":0,"5":0,"6":0,"7":0,"8":0,"9":0,"10":0,"11":0,"12":0,"13":0,"14":0,"15":0,"16":0,"17":0,"18":0},"b":{},"f":{},"fnMap":{},"statementMap":{"1":{"start":{"line":10,"column":0},"end":{"line":10,"column":34}},"2":{"start":{"line":11,"column":0},"end":{"line":11,"column":41}},"3":{"start":{"line":13,"column":0},"end":{"line":13,"column":26}},"4":{"start":{"line":14,"column":0},"end":{"line":14,"column":31}},"5":{"start":{"line":17,"column":0},"end":{"line":20,"column":2}},"6":{"start":{"line":18,"column":2},"end":{"line":18,"column":27}},"7":{"start":{"line":19,"column":2},"end":{"line":19,"column":51}},"8":{"start":{"line":23,"column":0},"end":{"line":23,"column":56}},"9":{"start":{"line":24,"column":0},"end":{"line":24,"column":62}},"10":{"start":{"line":25,"column":0},"end":{"line":25,"column":56}},"11":{"start":{"line":26,"column":0},"end":{"line":26,"column":72}},"12":{"start":{"line":27,"column":0},"end":{"line":27,"column":60}},"13":{"start":{"line":28,"column":0},"end":{"line":28,"column":56}},"14":{"start":{"line":29,"column":0},"end":{"line":29,"column":54}},"15":{"start":{"line":30,"column":0},"end":{"line":30,"column":68}},"16":{"start":{"line":31,"column":0},"end":{"line":31,"column":60}},"17":{"start":{"line":33,"column":0},"end":{"line":33,"column":24}},"18":{"start":{"line":34,"column":0},"end":{"line":34,"column":23}}},"branchMap":{}},"C:\\Users\\s528926\\44563\\node-express-mvc-ejs-start\\utils\\logger.js":{"path":"C:\\Users\\s528926\\44563\\node-express-mvc-ejs-start\\utils\\logger.js","s":{"1":0,"2":0,"3":0,"4":0,"5":0,"6":0,"7":0,"8":0},"b":{"1":[0,0]},"f":{},"fnMap":{},"statementMap":{"1":{"start":{"line":1,"column":0},"end":{"line":1,"column":34}},"2":{"start":{"line":2,"column":0},"end":{"line":2,"column":24}},"3":{"start":{"line":3,"column":0},"end":{"line":3,"column":28}},"4":{"start":{"line":5,"column":0},"end":{"line":5,"column":21}},"5":{"start":{"line":7,"column":0},"end":{"line":9,"column":1}},"6":{"start":{"line":8,"column":2},"end":{"line":8,"column":22}},"7":{"start":{"line":11,"column":0},"end":{"line":22,"column":2}},"8":{"start":{"line":24,"column":0},"end":{"line":24,"column":23}}},"branchMap":{"1":{"line":7,"type":"if","locations":[{"start":{"line":7,"column":0},"end":{"line":7,"column":0}},{"start":{"line":7,"column":0},"end":{"line":7,"column":0}}]}}},"C:\\Users\\s528926\\44563\\node-express-mvc-ejs-start\\utils\\seeder.js":{"path":"C:\\Users\\s528926\\44563\\node-express-mvc-ejs-start\\utils\\seeder.js","s":{"1":0,"2":0,"3":0,"4":0,"5":0,"6":0,"7":0,"8":0,"9":0,"10":0,"11":0,"12":0,"13":0,"14":0,"15":0,"16":0,"17":0,"18":0,"19":0,"20":0,"21":0,"22":0,"23":0,"24":0,"25":0,"26":0,"27":0,"28":0,"29":0,"30":0,"31":0,"32":0,"33":0,"34":0,"35":0,"36":0,"37":0,"38":0,"39":0,"40":0,"41":0,"42":0,"43":0,"44":0,"45":0,"46":0,"47":0,"48":0,"49":0,"50":0,"51":0,"52":0},"b":{},"f":{},"fnMap":{},"statementMap":{"1":{"start":{"line":2,"column":0},"end":{"line":2,"column":33}},"2":{"start":{"line":3,"column":0},"end":{"line":3,"column":41}},"3":{"start":{"line":7,"column":0},"end":{"line":7,"column":57}},"4":{"start":{"line":8,"column":0},"end":{"line":8,"column":51}},"5":{"start":{"line":9,"column":0},"end":{"line":9,"column":49}},"6":{"start":{"line":10,"column":0},"end":{"line":10,"column":45}},"7":{"start":{"line":11,"column":0},"end":{"line":11,"column":61}},"8":{"start":{"line":12,"column":0},"end":{"line":12,"column":47}},"9":{"start":{"line":13,"column":0},"end":{"line":13,"column":43}},"10":{"start":{"line":14,"column":0},"end":{"line":14,"column":49}},"11":{"start":{"line":19,"column":0},"end":{"line":118,"column":1}},"12":{"start":{"line":20,"column":2},"end":{"line":20,"column":27}},"13":{"start":{"line":21,"column":2},"end":{"line":21,"column":15}},"14":{"start":{"line":25,"column":2},"end":{"line":25,"column":32}},"15":{"start":{"line":26,"column":2},"end":{"line":26,"column":29}},"16":{"start":{"line":29,"column":2},"end":{"line":29,"column":32}},"17":{"start":{"line":33,"column":2},"end":{"line":33,"column":53}},"18":{"start":{"line":34,"column":2},"end":{"line":34,"column":68}},"19":{"start":{"line":38,"column":2},"end":{"line":38,"column":31}},"20":{"start":{"line":39,"column":2},"end":{"line":39,"column":28}},"21":{"start":{"line":42,"column":2},"end":{"line":42,"column":30}},"22":{"start":{"line":46,"column":2},"end":{"line":46,"column":29}},"23":{"start":{"line":47,"column":2},"end":{"line":47,"column":26}},"24":{"start":{"line":50,"column":2},"end":{"line":50,"column":26}},"25":{"start":{"line":53,"column":2},"end":{"line":53,"column":44}},"26":{"start":{"line":54,"column":2},"end":{"line":54,"column":62}},"27":{"start":{"line":58,"column":2},"end":{"line":58,"column":37}},"28":{"start":{"line":59,"column":2},"end":{"line":59,"column":34}},"29":{"start":{"line":62,"column":2},"end":{"line":62,"column":42}},"30":{"start":{"line":65,"column":2},"end":{"line":65,"column":68}},"31":{"start":{"line":66,"column":2},"end":{"line":66,"column":78}},"32":{"start":{"line":70,"column":2},"end":{"line":70,"column":30}},"33":{"start":{"line":71,"column":2},"end":{"line":71,"column":27}},"34":{"start":{"line":74,"column":2},"end":{"line":74,"column":28}},"35":{"start":{"line":77,"column":2},"end":{"line":77,"column":47}},"36":{"start":{"line":78,"column":2},"end":{"line":78,"column":64}},"37":{"start":{"line":81,"column":2},"end":{"line":81,"column":28}},"38":{"start":{"line":82,"column":2},"end":{"line":82,"column":25}},"39":{"start":{"line":85,"column":2},"end":{"line":85,"column":24}},"40":{"start":{"line":88,"column":2},"end":{"line":88,"column":41}},"41":{"start":{"line":89,"column":2},"end":{"line":89,"column":60}},"42":{"start":{"line":93,"column":2},"end":{"line":93,"column":35}},"43":{"start":{"line":94,"column":2},"end":{"line":94,"column":32}},"44":{"start":{"line":97,"column":2},"end":{"line":97,"column":38}},"45":{"start":{"line":100,"column":2},"end":{"line":100,"column":62}},"46":{"start":{"line":101,"column":2},"end":{"line":101,"column":73}},"47":{"start":{"line":104,"column":2},"end":{"line":104,"column":31}},"48":{"start":{"line":105,"column":2},"end":{"line":105,"column":28}},"49":{"start":{"line":108,"column":2},"end":{"line":108,"column":30}},"50":{"start":{"line":112,"column":2},"end":{"line":112,"column":50}},"51":{"start":{"line":113,"column":2},"end":{"line":113,"column":66}},"52":{"start":{"line":117,"column":2},"end":{"line":117,"column":56}}},"branchMap":{}}}