TN:
SF:C:\Users\s528926\44563\node-express-mvc-ejs-start\spec\app.spec.js
FNF:0
FNH:0
DA:5,1
DA:6,1
DA:8,1
DA:9,0
DA:10,0
DA:11,0
DA:12,0
DA:17,0
DA:18,0
DA:19,0
DA:20,0
DA:25,0
DA:26,0
DA:27,0
DA:28,0
DA:33,0
DA:34,0
DA:35,0
DA:36,0
DA:41,0
DA:42,0
DA:43,0
DA:44,0
DA:49,0
DA:50,0
DA:51,0
DA:52,0
LF:27
LH:3
BRF:0
BRH:0
end_of_record
TN:
SF:C:\Users\s528926\44563\node-express-mvc-ejs-start\app.js
FNF:0
FNH:0
DA:13,0
DA:14,0
DA:15,0
DA:16,0
DA:17,0
DA:18,0
DA:19,0
DA:20,0
DA:21,0
DA:22,0
DA:23,0
DA:24,0
DA:25,0
DA:29,0
DA:31,0
DA:34,0
DA:37,0
DA:38,0
DA:41,0
DA:44,0
DA:45,0
DA:48,0
DA:51,0
DA:52,0
DA:53,0
DA:57,0
DA:58,0
DA:59,0
DA:60,0
DA:61,0
DA:63,0
DA:64,0
DA:65,0
DA:67,0
DA:70,0
DA:73,0
DA:74,0
DA:75,0
DA:77,0
DA:78,0
DA:79,0
DA:82,0
LF:42
LH:0
BRF:0
BRH:0
end_of_record
TN:
SF:C:\Users\s528926\44563\node-express-mvc-ejs-start\controllers\about.js
FNF:0
FNH:0
DA:1,0
DA:2,0
DA:3,0
DA:10,0
DA:11,0
DA:12,0
DA:19,0
DA:20,0
DA:21,0
DA:28,0
DA:29,0
DA:30,0
DA:39,0
LF:13
LH:0
BRF:0
BRH:0
end_of_record
TN:
SF:C:\Users\s528926\44563\node-express-mvc-ejs-start\controllers\account.js
FNF:0
FNH:0
DA:8,0
DA:9,0
DA:10,0
DA:11,0
DA:12,0
DA:13,0
DA:14,0
DA:18,0
DA:19,0
DA:20,0
DA:21,0
DA:25,0
DA:26,0
DA:27,0
DA:28,0
DA:29,0
DA:30,0
DA:31,0
DA:35,0
DA:36,0
DA:40,0
DA:41,0
DA:42,0
DA:43,0
DA:44,0
DA:54,0
DA:55,0
DA:56,0
DA:57,0
DA:58,0
DA:59,0
DA:60,0
DA:61,0
DA:70,0
DA:71,0
DA:72,0
DA:73,0
DA:74,0
DA:75,0
DA:76,0
DA:77,0
DA:86,0
DA:87,0
DA:88,0
DA:89,0
DA:90,0
DA:91,0
DA:92,0
DA:93,0
DA:104,0
DA:105,0
DA:106,0
DA:107,0
DA:108,0
DA:109,0
DA:110,0
DA:111,0
DA:112,0
DA:113,0
DA:115,0
DA:116,0
DA:117,0
DA:121,0
DA:122,0
DA:123,0
DA:124,0
DA:125,0
DA:126,0
DA:127,0
DA:128,0
DA:129,0
DA:130,0
DA:131,0
DA:132,0
DA:133,0
DA:134,0
DA:138,0
DA:139,0
DA:140,0
DA:141,0
DA:142,0
DA:143,0
DA:144,0
DA:145,0
DA:146,0
DA:147,0
DA:149,0
DA:150,0
DA:152,0
DA:155,0
LF:90
LH:0
BRDA:30,1,0,0
BRDA:30,1,1,0
BRDA:59,2,0,0
BRDA:59,2,1,0
BRDA:75,3,0,0
BRDA:75,3,1,0
BRDA:91,4,0,0
BRDA:91,4,1,0
BRDA:127,5,0,0
BRDA:127,5,1,0
BRDA:144,6,0,0
BRDA:144,6,1,0
BRDA:145,7,0,0
BRDA:145,7,1,0
BRF:14
BRH:0
end_of_record
TN:
SF:C:\Users\s528926\44563\node-express-mvc-ejs-start\controllers\customer.js
FNF:0
FNH:0
DA:8,0
DA:9,0
DA:10,0
DA:11,0
DA:12,0
DA:13,0
DA:14,0
DA:19,0
DA:20,0
DA:21,0
DA:22,0
DA:26,0
DA:27,0
DA:28,0
DA:29,0
DA:30,0
DA:31,0
DA:32,0
DA:38,0
DA:39,0
DA:43,0
DA:44,0
DA:45,0
DA:46,0
DA:47,0
DA:56,0
DA:57,0
DA:58,0
DA:59,0
DA:60,0
DA:61,0
DA:62,0
DA:63,0
DA:72,0
DA:73,0
DA:74,0
DA:75,0
DA:76,0
DA:77,0
DA:78,0
DA:79,0
DA:88,0
DA:89,0
DA:90,0
DA:91,0
DA:92,0
DA:93,0
DA:94,0
DA:95,0
DA:106,0
DA:107,0
DA:108,0
DA:109,0
DA:110,0
DA:111,0
DA:112,0
DA:113,0
DA:114,0
DA:115,0
DA:116,0
DA:117,0
DA:118,0
DA:119,0
DA:120,0
DA:121,0
DA:122,0
DA:123,0
DA:124,0
DA:128,0
DA:129,0
DA:130,0
DA:131,0
DA:132,0
DA:133,0
DA:134,0
DA:135,0
DA:136,0
DA:137,0
DA:138,0
DA:139,0
DA:140,0
DA:141,0
DA:142,0
DA:143,0
DA:144,0
DA:145,0
DA:146,0
DA:147,0
DA:151,0
DA:152,0
DA:153,0
DA:154,0
DA:155,0
DA:156,0
DA:157,0
DA:158,0
DA:159,0
DA:160,0
DA:162,0
DA:163,0
DA:165,0
DA:168,0
LF:102
LH:0
BRDA:31,1,0,0
BRDA:31,1,1,0
BRDA:61,2,0,0
BRDA:61,2,1,0
BRDA:77,3,0,0
BRDA:77,3,1,0
BRDA:93,4,0,0
BRDA:93,4,1,0
BRDA:134,5,0,0
BRDA:134,5,1,0
BRDA:157,6,0,0
BRDA:157,6,1,0
BRDA:158,7,0,0
BRDA:158,7,1,0
BRF:14
BRH:0
end_of_record
TN:
SF:C:\Users\s528926\44563\node-express-mvc-ejs-start\controllers\order.js
FNF:0
FNH:0
DA:8,0
DA:9,0
DA:10,0
DA:11,0
DA:12,0
DA:13,0
DA:14,0
DA:19,0
DA:20,0
DA:21,0
DA:22,0
DA:26,0
DA:27,0
DA:28,0
DA:29,0
DA:30,0
DA:31,0
DA:32,0
DA:38,0
DA:39,0
DA:43,0
DA:44,0
DA:45,0
DA:46,0
DA:47,0
DA:56,0
DA:57,0
DA:58,0
DA:59,0
DA:60,0
DA:61,0
DA:62,0
DA:63,0
DA:72,0
DA:73,0
DA:74,0
DA:75,0
DA:76,0
DA:77,0
DA:78,0
DA:79,0
DA:88,0
DA:89,0
DA:90,0
DA:91,0
DA:92,0
DA:93,0
DA:94,0
DA:95,0
DA:106,0
DA:107,0
DA:108,0
DA:109,0
DA:110,0
DA:111,0
DA:112,0
DA:113,0
DA:114,0
DA:115,0
DA:116,0
DA:117,0
DA:118,0
DA:119,0
DA:120,0
DA:124,0
DA:125,0
DA:126,0
DA:127,0
DA:128,0
DA:129,0
DA:130,0
DA:131,0
DA:132,0
DA:133,0
DA:134,0
DA:135,0
DA:136,0
DA:137,0
DA:138,0
DA:139,0
DA:143,0
DA:144,0
DA:145,0
DA:146,0
DA:147,0
DA:148,0
DA:149,0
DA:150,0
DA:151,0
DA:152,0
DA:154,0
DA:155,0
DA:157,0
DA:160,0
LF:94
LH:0
BRDA:31,1,0,0
BRDA:31,1,1,0
BRDA:61,2,0,0
BRDA:61,2,1,0
BRDA:77,3,0,0
BRDA:77,3,1,0
BRDA:93,4,0,0
BRDA:93,4,1,0
BRDA:130,5,0,0
BRDA:130,5,1,0
BRDA:149,6,0,0
BRDA:149,6,1,0
BRDA:150,7,0,0
BRDA:150,7,1,0
BRF:14
BRH:0
end_of_record
TN:
SF:C:\Users\s528926\44563\node-express-mvc-ejs-start\controllers\orderLineItem.js
FNF:0
FNH:0
DA:8,0
DA:9,0
DA:10,0
DA:11,0
DA:12,0
DA:13,0
DA:14,0
DA:19,0
DA:20,0
DA:21,0
DA:22,0
DA:26,0
DA:27,0
DA:28,0
DA:29,0
DA:30,0
DA:31,0
DA:32,0
DA:38,0
DA:39,0
DA:43,0
DA:44,0
DA:45,0
DA:46,0
DA:47,0
DA:56,0
DA:57,0
DA:58,0
DA:59,0
DA:60,0
DA:61,0
DA:62,0
DA:63,0
DA:72,0
DA:73,0
DA:74,0
DA:75,0
DA:76,0
DA:77,0
DA:78,0
DA:79,0
DA:88,0
DA:89,0
DA:90,0
DA:91,0
DA:92,0
DA:93,0
DA:94,0
DA:95,0
DA:106,0
DA:107,0
DA:108,0
DA:109,0
DA:110,0
DA:111,0
DA:112,0
DA:113,0
DA:114,0
DA:115,0
DA:116,0
DA:117,0
DA:118,0
DA:119,0
DA:123,0
DA:124,0
DA:125,0
DA:126,0
DA:127,0
DA:128,0
DA:129,0
DA:130,0
DA:131,0
DA:132,0
DA:133,0
DA:134,0
DA:135,0
DA:136,0
DA:137,0
DA:141,0
DA:142,0
DA:143,0
DA:144,0
DA:145,0
DA:146,0
DA:147,0
DA:148,0
DA:149,0
DA:150,0
DA:152,0
DA:153,0
DA:155,0
DA:158,0
LF:92
LH:0
BRDA:31,1,0,0
BRDA:31,1,1,0
BRDA:61,2,0,0
BRDA:61,2,1,0
BRDA:77,3,0,0
BRDA:77,3,1,0
BRDA:93,4,0,0
BRDA:93,4,1,0
BRDA:129,5,0,0
BRDA:129,5,1,0
BRDA:147,6,0,0
BRDA:147,6,1,0
BRDA:148,7,0,0
BRDA:148,7,1,0
BRF:14
BRH:0
end_of_record
TN:
SF:C:\Users\s528926\44563\node-express-mvc-ejs-start\controllers\product.js
FNF:0
FNH:0
DA:8,0
DA:9,0
DA:10,0
DA:11,0
DA:12,0
DA:13,0
DA:14,0
DA:19,0
DA:20,0
DA:21,0
DA:22,0
DA:26,0
DA:27,0
DA:28,0
DA:29,0
DA:30,0
DA:31,0
DA:32,0
DA:38,0
DA:39,0
DA:43,0
DA:44,0
DA:45,0
DA:46,0
DA:47,0
DA:56,0
DA:57,0
DA:58,0
DA:59,0
DA:60,0
DA:61,0
DA:62,0
DA:63,0
DA:72,0
DA:73,0
DA:74,0
DA:75,0
DA:76,0
DA:77,0
DA:78,0
DA:79,0
DA:88,0
DA:89,0
DA:90,0
DA:91,0
DA:92,0
DA:93,0
DA:94,0
DA:95,0
DA:106,0
DA:107,0
DA:108,0
DA:109,0
DA:110,0
DA:111,0
DA:112,0
DA:113,0
DA:114,0
DA:115,0
DA:116,0
DA:117,0
DA:118,0
DA:122,0
DA:123,0
DA:124,0
DA:125,0
DA:126,0
DA:127,0
DA:128,0
DA:129,0
DA:130,0
DA:131,0
DA:132,0
DA:133,0
DA:134,0
DA:135,0
DA:139,0
DA:140,0
DA:141,0
DA:142,0
DA:143,0
DA:144,0
DA:145,0
DA:146,0
DA:147,0
DA:148,0
DA:150,0
DA:151,0
DA:153,0
DA:156,0
LF:90
LH:0
BRDA:31,1,0,0
BRDA:31,1,1,0
BRDA:61,2,0,0
BRDA:61,2,1,0
BRDA:77,3,0,0
BRDA:77,3,1,0
BRDA:93,4,0,0
BRDA:93,4,1,0
BRDA:128,5,0,0
BRDA:128,5,1,0
BRDA:145,6,0,0
BRDA:145,6,1,0
BRDA:146,7,0,0
BRDA:146,7,1,0
BRF:14
BRH:0
end_of_record
TN:
SF:C:\Users\s528926\44563\node-express-mvc-ejs-start\controllers\puppy.js
FNF:0
FNH:0
DA:1,0
DA:2,0
DA:3,0
DA:4,0
DA:5,0
DA:6,0
DA:7,0
DA:12,0
DA:13,0
DA:14,0
DA:15,0
DA:19,0
DA:20,0
DA:21,0
DA:22,0
DA:23,0
DA:24,0
DA:25,0
DA:31,0
DA:32,0
DA:36,0
DA:37,0
DA:38,0
DA:39,0
DA:40,0
DA:49,0
DA:50,0
DA:51,0
DA:52,0
DA:53,0
DA:54,0
DA:55,0
DA:56,0
DA:65,0
DA:66,0
DA:67,0
DA:68,0
DA:69,0
DA:70,0
DA:71,0
DA:72,0
DA:81,0
DA:82,0
DA:83,0
DA:84,0
DA:85,0
DA:86,0
DA:87,0
DA:88,0
DA:99,0
DA:100,0
DA:101,0
DA:102,0
DA:103,0
DA:104,0
DA:105,0
DA:106,0
DA:107,0
DA:108,0
DA:109,0
DA:110,0
DA:111,0
DA:112,0
DA:113,0
DA:121,0
DA:122,0
DA:123,0
DA:128,0
DA:129,0
DA:130,0
DA:131,0
DA:132,0
DA:133,0
DA:134,0
DA:135,0
DA:136,0
DA:137,0
DA:138,0
DA:139,0
DA:140,0
DA:141,0
DA:142,0
DA:143,0
DA:144,0
DA:153,0
DA:154,0
DA:158,0
DA:159,0
DA:160,0
DA:161,0
DA:162,0
DA:163,0
DA:164,0
DA:165,0
DA:166,0
DA:167,0
DA:169,0
DA:170,0
DA:172,0
DA:175,0
LF:100
LH:0
BRDA:24,1,0,0
BRDA:24,1,1,0
BRDA:54,2,0,0
BRDA:54,2,1,0
BRDA:70,3,0,0
BRDA:70,3,1,0
BRDA:86,4,0,0
BRDA:86,4,1,0
BRDA:111,5,0,0
BRDA:111,5,1,0
BRDA:134,6,0,0
BRDA:134,6,1,0
BRDA:142,7,0,0
BRDA:142,7,1,0
BRDA:164,8,0,0
BRDA:164,8,1,0
BRDA:165,9,0,0
BRDA:165,9,1,0
BRF:18
BRH:0
end_of_record
TN:
SF:C:\Users\s528926\44563\node-express-mvc-ejs-start\controllers\transaction.js
FNF:0
FNH:0
DA:8,0
DA:9,0
DA:10,0
DA:11,0
DA:12,0
DA:13,0
DA:14,0
DA:19,0
DA:20,0
DA:21,0
DA:22,0
DA:26,0
DA:27,0
DA:28,0
DA:29,0
DA:30,0
DA:31,0
DA:32,0
DA:38,0
DA:39,0
DA:43,0
DA:44,0
DA:45,0
DA:46,0
DA:47,0
DA:56,0
DA:57,0
DA:58,0
DA:59,0
DA:60,0
DA:61,0
DA:62,0
DA:63,0
DA:72,0
DA:73,0
DA:74,0
DA:75,0
DA:76,0
DA:77,0
DA:78,0
DA:79,0
DA:88,0
DA:89,0
DA:90,0
DA:91,0
DA:92,0
DA:93,0
DA:94,0
DA:95,0
DA:106,0
DA:107,0
DA:108,0
DA:109,0
DA:110,0
DA:111,0
DA:112,0
DA:114,0
DA:115,0
DA:116,0
DA:117,0
DA:119,0
DA:122,0
DA:123,0
DA:124,0
DA:128,0
DA:129,0
DA:130,0
DA:131,0
DA:132,0
DA:133,0
DA:134,0
DA:135,0
DA:136,0
DA:137,0
DA:138,0
DA:139,0
DA:140,0
DA:141,0
DA:142,0
DA:143,0
DA:147,0
DA:148,0
DA:149,0
DA:150,0
DA:151,0
DA:152,0
DA:153,0
DA:154,0
DA:155,0
DA:156,0
DA:158,0
DA:159,0
DA:161,0
DA:164,0
LF:94
LH:0
BRDA:31,1,0,0
BRDA:31,1,1,0
BRDA:61,2,0,0
BRDA:61,2,1,0
BRDA:77,3,0,0
BRDA:77,3,1,0
BRDA:93,4,0,0
BRDA:93,4,1,0
BRDA:134,5,0,0
BRDA:134,5,1,0
BRDA:153,6,0,0
BRDA:153,6,1,0
BRDA:154,7,0,0
BRDA:154,7,1,0
BRF:14
BRH:0
end_of_record
TN:
SF:C:\Users\s528926\44563\node-express-mvc-ejs-start\controllers\user.js
FNF:0
FNH:0
DA:8,0
DA:9,0
DA:10,0
DA:11,0
DA:12,0
DA:13,0
DA:14,0
DA:19,0
DA:20,0
DA:21,0
DA:22,0
DA:26,0
DA:27,0
DA:28,0
DA:29,0
DA:30,0
DA:31,0
DA:32,0
DA:38,0
DA:39,0
DA:43,0
DA:44,0
DA:45,0
DA:46,0
DA:47,0
DA:56,0
DA:57,0
DA:58,0
DA:59,0
DA:60,0
DA:61,0
DA:62,0
DA:63,0
DA:72,0
DA:73,0
DA:74,0
DA:75,0
DA:76,0
DA:77,0
DA:78,0
DA:79,0
DA:88,0
DA:89,0
DA:90,0
DA:91,0
DA:92,0
DA:93,0
DA:94,0
DA:95,0
DA:106,0
DA:107,0
DA:108,0
DA:109,0
DA:110,0
DA:111,0
DA:112,0
DA:113,0
DA:114,0
DA:115,0
DA:116,0
DA:117,0
DA:118,0
DA:119,0
DA:120,0
DA:124,0
DA:125,0
DA:126,0
DA:127,0
DA:128,0
DA:129,0
DA:130,0
DA:131,0
DA:132,0
DA:133,0
DA:134,0
DA:135,0
DA:136,0
DA:137,0
DA:138,0
DA:139,0
DA:143,0
DA:144,0
DA:145,0
DA:146,0
DA:147,0
DA:148,0
DA:149,0
DA:150,0
DA:151,0
DA:152,0
DA:154,0
DA:155,0
DA:157,0
DA:160,0
LF:94
LH:0
BRDA:31,1,0,0
BRDA:31,1,1,0
BRDA:61,2,0,0
BRDA:61,2,1,0
BRDA:77,3,0,0
BRDA:77,3,1,0
BRDA:93,4,0,0
BRDA:93,4,1,0
BRDA:130,5,0,0
BRDA:130,5,1,0
BRDA:149,6,0,0
BRDA:149,6,1,0
BRDA:150,7,0,0
BRDA:150,7,1,0
BRF:14
BRH:0
end_of_record
TN:
SF:C:\Users\s528926\44563\node-express-mvc-ejs-start\models\account.js
FNF:0
FNH:0
DA:6,0
DA:8,0
DA:14,0
LF:3
LH:0
BRF:0
BRH:0
end_of_record
TN:
SF:C:\Users\s528926\44563\node-express-mvc-ejs-start\models\category.js
FNF:0
FNH:0
DA:10,0
DA:12,0
DA:19,0
LF:3
LH:0
BRF:0
BRH:0
end_of_record
TN:
SF:C:\Users\s528926\44563\node-express-mvc-ejs-start\models\customer.js
FNF:0
FNH:0
DA:10,0
DA:12,0
DA:25,0
LF:3
LH:0
BRF:0
BRH:0
end_of_record
TN:
SF:C:\Users\s528926\44563\node-express-mvc-ejs-start\models\developers.js
FNF:0
FNH:0
DA:4,0
DA:6,0
DA:15,0
LF:3
LH:0
BRF:0
BRH:0
end_of_record
TN:
SF:C:\Users\s528926\44563\node-express-mvc-ejs-start\models\order.js
FNF:0
FNH:0
DA:10,0
DA:12,0
DA:22,0
LF:3
LH:0
BRF:0
BRH:0
end_of_record
TN:
SF:C:\Users\s528926\44563\node-express-mvc-ejs-start\models\orderLineItem.js
FNF:0
FNH:0
DA:10,0
DA:12,0
DA:20,0
LF:3
LH:0
BRF:0
BRH:0
end_of_record
TN:
SF:C:\Users\s528926\44563\node-express-mvc-ejs-start\models\product.js
FNF:0
FNH:0
DA:10,0
DA:14,0
DA:23,0
LF:3
LH:0
BRF:0
BRH:0
end_of_record
TN:
SF:C:\Users\s528926\44563\node-express-mvc-ejs-start\models\puppy.js
FNF:0
FNH:0
DA:1,0
DA:3,0
DA:43,0
LF:3
LH:0
BRF:0
BRH:0
end_of_record
TN:
SF:C:\Users\s528926\44563\node-express-mvc-ejs-start\models\transaction.js
FNF:0
FNH:0
DA:1,0
DA:3,0
DA:34,0
LF:3
LH:0
BRF:0
BRH:0
end_of_record
TN:
SF:C:\Users\s528926\44563\node-express-mvc-ejs-start\models\user.js
FNF:0
FNH:0
DA:1,0
DA:3,0
DA:12,0
LF:3
LH:0
BRF:0
BRH:0
end_of_record
TN:
SF:C:\Users\s528926\44563\node-express-mvc-ejs-start\public\js\main.js
FNF:0
FNH:0
LF:0
LH:0
BRF:0
BRH:0
end_of_record
TN:
SF:C:\Users\s528926\44563\node-express-mvc-ejs-start\public\js\vendor\bootstrap.min.js
FN:6,(anonymous_1)
FN:6,(anonymous_2)
FN:6,b
FN:6,(anonymous_4)
FN:6,(anonymous_5)
FN:6,(anonymous_6)
FN:6,(anonymous_7)
FN:6,(anonymous_8)
FN:6,(anonymous_9)
FN:6,b
FN:6,(anonymous_11)
FN:6,(anonymous_12)
FN:6,(anonymous_13)
FN:6,c
FN:6,(anonymous_15)
FN:6,(anonymous_16)
FN:6,b
FN:6,(anonymous_18)
FN:6,(anonymous_19)
FN:6,(anonymous_20)
FN:6,(anonymous_21)
FN:6,(anonymous_22)
FN:6,(anonymous_23)
FN:6,(anonymous_24)
FN:6,(anonymous_25)
FN:6,(anonymous_26)
FN:6,b
FN:6,(anonymous_28)
FN:6,(anonymous_29)
FN:6,(anonymous_30)
FN:6,(anonymous_31)
FN:6,(anonymous_32)
FN:6,(anonymous_33)
FN:6,(anonymous_34)
FN:6,(anonymous_35)
FN:6,(anonymous_36)
FN:6,(anonymous_37)
FN:6,(anonymous_38)
FN:6,(anonymous_39)
FN:6,(anonymous_40)
FN:6,(anonymous_41)
FN:6,(anonymous_42)
FN:6,(anonymous_43)
FN:6,(anonymous_44)
FN:6,(anonymous_45)
FN:6,(anonymous_46)
FN:6,b
FN:6,c
FN:6,(anonymous_49)
FN:6,(anonymous_50)
FN:6,(anonymous_51)
FN:6,(anonymous_52)
FN:6,(anonymous_53)
FN:6,(anonymous_54)
FN:6,(anonymous_55)
FN:6,(anonymous_56)
FN:6,(anonymous_57)
FN:6,(anonymous_58)
FN:6,(anonymous_59)
FN:6,(anonymous_60)
FN:6,(anonymous_61)
FN:6,(anonymous_62)
FN:6,b
FN:6,(anonymous_64)
FN:6,c
FN:6,d
FN:6,(anonymous_67)
FN:6,(anonymous_68)
FN:6,(anonymous_69)
FN:6,(anonymous_70)
FN:6,(anonymous_71)
FN:6,(anonymous_72)
FN:6,(anonymous_73)
FN:6,b
FN:6,(anonymous_75)
FN:6,(anonymous_76)
FN:6,(anonymous_77)
FN:6,(anonymous_78)
FN:6,(anonymous_79)
FN:6,(anonymous_80)
FN:6,(anonymous_81)
FN:6,(anonymous_82)
FN:6,(anonymous_83)
FN:6,(anonymous_84)
FN:6,(anonymous_85)
FN:6,(anonymous_86)
FN:6,(anonymous_87)
FN:6,(anonymous_88)
FN:6,(anonymous_89)
FN:6,(anonymous_90)
FN:6,(anonymous_91)
FN:6,(anonymous_92)
FN:6,(anonymous_93)
FN:6,(anonymous_94)
FN:6,(anonymous_95)
FN:6,(anonymous_96)
FN:6,(anonymous_97)
FN:6,(anonymous_98)
FN:6,(anonymous_99)
FN:6,(anonymous_100)
FN:6,(anonymous_101)
FN:6,(anonymous_102)
FN:6,(anonymous_103)
FN:6,(anonymous_104)
FN:6,(anonymous_105)
FN:6,(anonymous_106)
FN:6,b
FN:6,(anonymous_108)
FN:6,(anonymous_109)
FN:6,(anonymous_110)
FN:6,(anonymous_111)
FN:6,(anonymous_112)
FN:6,(anonymous_113)
FN:6,(anonymous_114)
FN:6,(anonymous_115)
FN:6,(anonymous_116)
FN:6,(anonymous_117)
FN:6,(anonymous_118)
FN:6,(anonymous_119)
FN:6,(anonymous_120)
FN:6,(anonymous_121)
FN:6,(anonymous_122)
FN:6,(anonymous_123)
FN:6,(anonymous_124)
FN:6,(anonymous_125)
FN:6,d
FN:6,(anonymous_127)
FN:6,(anonymous_128)
FN:6,(anonymous_129)
FN:6,(anonymous_130)
FN:6,(anonymous_131)
FN:6,(anonymous_132)
FN:6,(anonymous_133)
FN:6,(anonymous_134)
FN:6,(anonymous_135)
FN:6,(anonymous_136)
FN:6,(anonymous_137)
FN:6,(anonymous_138)
FN:6,(anonymous_139)
FN:6,(anonymous_140)
FN:6,(anonymous_141)
FN:6,(anonymous_142)
FN:6,(anonymous_143)
FN:6,b
FN:6,(anonymous_145)
FN:6,(anonymous_146)
FN:6,(anonymous_147)
FN:6,(anonymous_148)
FN:6,(anonymous_149)
FN:6,(anonymous_150)
FN:6,(anonymous_151)
FN:6,(anonymous_152)
FN:6,(anonymous_153)
FN:6,(anonymous_154)
FN:6,b
FN:6,c
FN:6,(anonymous_157)
FN:6,(anonymous_158)
FN:6,(anonymous_159)
FN:6,(anonymous_160)
FN:6,(anonymous_161)
FN:6,(anonymous_162)
FN:6,(anonymous_163)
FN:6,(anonymous_164)
FN:6,(anonymous_165)
FN:6,(anonymous_166)
FN:6,(anonymous_167)
FN:6,(anonymous_168)
FN:6,(anonymous_169)
FN:6,b
FN:6,(anonymous_171)
FN:6,(anonymous_172)
FN:6,(anonymous_173)
FN:6,(anonymous_174)
FN:7,(anonymous_175)
FN:7,f
FN:7,(anonymous_177)
FN:7,(anonymous_178)
FN:7,(anonymous_179)
FN:7,b
FN:7,(anonymous_181)
FN:7,(anonymous_182)
FN:7,(anonymous_183)
FN:7,(anonymous_184)
FN:7,(anonymous_185)
FN:7,(anonymous_186)
FN:7,(anonymous_187)
FN:7,(anonymous_188)
FN:7,(anonymous_189)
FNF:189
FNH:0
FNDA:0,(anonymous_1)
FNDA:0,(anonymous_2)
FNDA:0,b
FNDA:0,(anonymous_4)
FNDA:0,(anonymous_5)
FNDA:0,(anonymous_6)
FNDA:0,(anonymous_7)
FNDA:0,(anonymous_8)
FNDA:0,(anonymous_9)
FNDA:0,b
FNDA:0,(anonymous_11)
FNDA:0,(anonymous_12)
FNDA:0,(anonymous_13)
FNDA:0,c
FNDA:0,(anonymous_15)
FNDA:0,(anonymous_16)
FNDA:0,b
FNDA:0,(anonymous_18)
FNDA:0,(anonymous_19)
FNDA:0,(anonymous_20)
FNDA:0,(anonymous_21)
FNDA:0,(anonymous_22)
FNDA:0,(anonymous_23)
FNDA:0,(anonymous_24)
FNDA:0,(anonymous_25)
FNDA:0,(anonymous_26)
FNDA:0,b
FNDA:0,(anonymous_28)
FNDA:0,(anonymous_29)
FNDA:0,(anonymous_30)
FNDA:0,(anonymous_31)
FNDA:0,(anonymous_32)
FNDA:0,(anonymous_33)
FNDA:0,(anonymous_34)
FNDA:0,(anonymous_35)
FNDA:0,(anonymous_36)
FNDA:0,(anonymous_37)
FNDA:0,(anonymous_38)
FNDA:0,(anonymous_39)
FNDA:0,(anonymous_40)
FNDA:0,(anonymous_41)
FNDA:0,(anonymous_42)
FNDA:0,(anonymous_43)
FNDA:0,(anonymous_44)
FNDA:0,(anonymous_45)
FNDA:0,(anonymous_46)
FNDA:0,b
FNDA:0,c
FNDA:0,(anonymous_49)
FNDA:0,(anonymous_50)
FNDA:0,(anonymous_51)
FNDA:0,(anonymous_52)
FNDA:0,(anonymous_53)
FNDA:0,(anonymous_54)
FNDA:0,(anonymous_55)
FNDA:0,(anonymous_56)
FNDA:0,(anonymous_57)
FNDA:0,(anonymous_58)
FNDA:0,(anonymous_59)
FNDA:0,(anonymous_60)
FNDA:0,(anonymous_61)
FNDA:0,(anonymous_62)
FNDA:0,b
FNDA:0,(anonymous_64)
FNDA:0,c
FNDA:0,d
FNDA:0,(anonymous_67)
FNDA:0,(anonymous_68)
FNDA:0,(anonymous_69)
FNDA:0,(anonymous_70)
FNDA:0,(anonymous_71)
FNDA:0,(anonymous_72)
FNDA:0,(anonymous_73)
FNDA:0,b
FNDA:0,(anonymous_75)
FNDA:0,(anonymous_76)
FNDA:0,(anonymous_77)
FNDA:0,(anonymous_78)
FNDA:0,(anonymous_79)
FNDA:0,(anonymous_80)
FNDA:0,(anonymous_81)
FNDA:0,(anonymous_82)
FNDA:0,(anonymous_83)
FNDA:0,(anonymous_84)
FNDA:0,(anonymous_85)
FNDA:0,(anonymous_86)
FNDA:0,(anonymous_87)
FNDA:0,(anonymous_88)
FNDA:0,(anonymous_89)
FNDA:0,(anonymous_90)
FNDA:0,(anonymous_91)
FNDA:0,(anonymous_92)
FNDA:0,(anonymous_93)
FNDA:0,(anonymous_94)
FNDA:0,(anonymous_95)
FNDA:0,(anonymous_96)
FNDA:0,(anonymous_97)
FNDA:0,(anonymous_98)
FNDA:0,(anonymous_99)
FNDA:0,(anonymous_100)
FNDA:0,(anonymous_101)
FNDA:0,(anonymous_102)
FNDA:0,(anonymous_103)
FNDA:0,(anonymous_104)
FNDA:0,(anonymous_105)
FNDA:0,(anonymous_106)
FNDA:0,b
FNDA:0,(anonymous_108)
FNDA:0,(anonymous_109)
FNDA:0,(anonymous_110)
FNDA:0,(anonymous_111)
FNDA:0,(anonymous_112)
FNDA:0,(anonymous_113)
FNDA:0,(anonymous_114)
FNDA:0,(anonymous_115)
FNDA:0,(anonymous_116)
FNDA:0,(anonymous_117)
FNDA:0,(anonymous_118)
FNDA:0,(anonymous_119)
FNDA:0,(anonymous_120)
FNDA:0,(anonymous_121)
FNDA:0,(anonymous_122)
FNDA:0,(anonymous_123)
FNDA:0,(anonymous_124)
FNDA:0,(anonymous_125)
FNDA:0,d
FNDA:0,(anonymous_127)
FNDA:0,(anonymous_128)
FNDA:0,(anonymous_129)
FNDA:0,(anonymous_130)
FNDA:0,(anonymous_131)
FNDA:0,(anonymous_132)
FNDA:0,(anonymous_133)
FNDA:0,(anonymous_134)
FNDA:0,(anonymous_135)
FNDA:0,(anonymous_136)
FNDA:0,(anonymous_137)
FNDA:0,(anonymous_138)
FNDA:0,(anonymous_139)
FNDA:0,(anonymous_140)
FNDA:0,(anonymous_141)
FNDA:0,(anonymous_142)
FNDA:0,(anonymous_143)
FNDA:0,b
FNDA:0,(anonymous_145)
FNDA:0,(anonymous_146)
FNDA:0,(anonymous_147)
FNDA:0,(anonymous_148)
FNDA:0,(anonymous_149)
FNDA:0,(anonymous_150)
FNDA:0,(anonymous_151)
FNDA:0,(anonymous_152)
FNDA:0,(anonymous_153)
FNDA:0,(anonymous_154)
FNDA:0,b
FNDA:0,c
FNDA:0,(anonymous_157)
FNDA:0,(anonymous_158)
FNDA:0,(anonymous_159)
FNDA:0,(anonymous_160)
FNDA:0,(anonymous_161)
FNDA:0,(anonymous_162)
FNDA:0,(anonymous_163)
FNDA:0,(anonymous_164)
FNDA:0,(anonymous_165)
FNDA:0,(anonymous_166)
FNDA:0,(anonymous_167)
FNDA:0,(anonymous_168)
FNDA:0,(anonymous_169)
FNDA:0,b
FNDA:0,(anonymous_171)
FNDA:0,(anonymous_172)
FNDA:0,(anonymous_173)
FNDA:0,(anonymous_174)
FNDA:0,(anonymous_175)
FNDA:0,f
FNDA:0,(anonymous_177)
FNDA:0,(anonymous_178)
FNDA:0,(anonymous_179)
FNDA:0,b
FNDA:0,(anonymous_181)
FNDA:0,(anonymous_182)
FNDA:0,(anonymous_183)
FNDA:0,(anonymous_184)
FNDA:0,(anonymous_185)
FNDA:0,(anonymous_186)
FNDA:0,(anonymous_187)
FNDA:0,(anonymous_188)
FNDA:0,(anonymous_189)
DA:6,0
DA:7,0
LF:2
LH:0
BRDA:6,1,0,0
BRDA:6,1,1,0
BRDA:6,2,0,0
BRDA:6,2,1,0
BRDA:6,3,0,0
BRDA:6,3,1,0
BRDA:6,3,2,0
BRDA:6,3,3,0
BRDA:6,3,4,0
BRDA:6,4,0,0
BRDA:6,4,1,0
BRDA:6,5,0,0
BRDA:6,5,1,0
BRDA:6,6,0,0
BRDA:6,6,1,0
BRDA:6,7,0,0
BRDA:6,7,1,0
BRDA:6,8,0,0
BRDA:6,8,1,0
BRDA:6,9,0,0
BRDA:6,9,1,0
BRDA:6,10,0,0
BRDA:6,10,1,0
BRDA:6,11,0,0
BRDA:6,11,1,0
BRDA:6,12,0,0
BRDA:6,12,1,0
BRDA:6,13,0,0
BRDA:6,13,1,0
BRDA:6,14,0,0
BRDA:6,14,1,0
BRDA:6,15,0,0
BRDA:6,15,1,0
BRDA:6,16,0,0
BRDA:6,16,1,0
BRDA:6,17,0,0
BRDA:6,17,1,0
BRDA:6,18,0,0
BRDA:6,18,1,0
BRDA:6,19,0,0
BRDA:6,19,1,0
BRDA:6,20,0,0
BRDA:6,20,1,0
BRDA:6,21,0,0
BRDA:6,21,1,0
BRDA:6,22,0,0
BRDA:6,22,1,0
BRDA:6,23,0,0
BRDA:6,23,1,0
BRDA:6,24,0,0
BRDA:6,24,1,0
BRDA:6,25,0,0
BRDA:6,25,1,0
BRDA:6,26,0,0
BRDA:6,26,1,0
BRDA:6,27,0,0
BRDA:6,27,1,0
BRDA:6,28,0,0
BRDA:6,28,1,0
BRDA:6,29,0,0
BRDA:6,29,1,0
BRDA:6,30,0,0
BRDA:6,30,1,0
BRDA:6,31,0,0
BRDA:6,31,1,0
BRDA:6,32,0,0
BRDA:6,32,1,0
BRDA:6,33,0,0
BRDA:6,33,1,0
BRDA:6,34,0,0
BRDA:6,34,1,0
BRDA:6,35,0,0
BRDA:6,35,1,0
BRDA:6,36,0,0
BRDA:6,36,1,0
BRDA:6,37,0,0
BRDA:6,37,1,0
BRDA:6,38,0,0
BRDA:6,38,1,0
BRDA:6,39,0,0
BRDA:6,39,1,0
BRDA:6,40,0,0
BRDA:6,40,1,0
BRDA:6,40,2,0
BRDA:6,41,0,0
BRDA:6,41,1,0
BRDA:6,42,0,0
BRDA:6,42,1,0
BRDA:6,42,2,0
BRDA:6,43,0,0
BRDA:6,43,1,0
BRDA:6,44,0,0
BRDA:6,44,1,0
BRDA:6,45,0,0
BRDA:6,45,1,0
BRDA:6,45,2,0
BRDA:6,46,0,0
BRDA:6,46,1,0
BRDA:6,47,0,0
BRDA:6,47,1,0
BRDA:6,48,0,0
BRDA:6,48,1,0
BRDA:6,49,0,0
BRDA:6,49,1,0
BRDA:6,50,0,0
BRDA:6,50,1,0
BRDA:6,51,0,0
BRDA:6,51,1,0
BRDA:6,52,0,0
BRDA:6,52,1,0
BRDA:6,53,0,0
BRDA:6,53,1,0
BRDA:6,54,0,0
BRDA:6,54,1,0
BRDA:6,54,2,0
BRDA:6,55,0,0
BRDA:6,55,1,0
BRDA:6,56,0,0
BRDA:6,56,1,0
BRDA:6,57,0,0
BRDA:6,57,1,0
BRDA:6,58,0,0
BRDA:6,58,1,0
BRDA:6,59,0,0
BRDA:6,59,1,0
BRDA:6,60,0,0
BRDA:6,60,1,0
BRDA:6,61,0,0
BRDA:6,61,1,0
BRDA:6,62,0,0
BRDA:6,62,1,0
BRDA:6,63,0,0
BRDA:6,63,1,0
BRDA:6,64,0,0
BRDA:6,64,1,0
BRDA:6,65,0,0
BRDA:6,65,1,0
BRDA:6,66,0,0
BRDA:6,66,1,0
BRDA:6,67,0,0
BRDA:6,67,1,0
BRDA:6,68,0,0
BRDA:6,68,1,0
BRDA:6,69,0,0
BRDA:6,69,1,0
BRDA:6,70,0,0
BRDA:6,70,1,0
BRDA:6,70,2,0
BRDA:6,71,0,0
BRDA:6,71,1,0
BRDA:6,72,0,0
BRDA:6,72,1,0
BRDA:6,73,0,0
BRDA:6,73,1,0
BRDA:6,74,0,0
BRDA:6,74,1,0
BRDA:6,74,2,0
BRDA:6,75,0,0
BRDA:6,75,1,0
BRDA:6,76,0,0
BRDA:6,76,1,0
BRDA:6,76,2,0
BRDA:6,76,3,0
BRDA:6,77,0,0
BRDA:6,77,1,0
BRDA:6,78,0,0
BRDA:6,78,1,0
BRDA:6,79,0,0
BRDA:6,79,1,0
BRDA:6,80,0,0
BRDA:6,80,1,0
BRDA:6,81,0,0
BRDA:6,81,1,0
BRDA:6,82,0,0
BRDA:6,82,1,0
BRDA:6,83,0,0
BRDA:6,83,1,0
BRDA:6,84,0,0
BRDA:6,84,1,0
BRDA:6,85,0,0
BRDA:6,85,1,0
BRDA:6,86,0,0
BRDA:6,86,1,0
BRDA:6,86,2,0
BRDA:6,87,0,0
BRDA:6,87,1,0
BRDA:6,88,0,0
BRDA:6,88,1,0
BRDA:6,89,0,0
BRDA:6,89,1,0
BRDA:6,89,2,0
BRDA:6,90,0,0
BRDA:6,90,1,0
BRDA:6,91,0,0
BRDA:6,91,1,0
BRDA:6,92,0,0
BRDA:6,92,1,0
BRDA:6,93,0,0
BRDA:6,93,1,0
BRDA:6,94,0,0
BRDA:6,94,1,0
BRDA:6,95,0,0
BRDA:6,95,1,0
BRDA:6,96,0,0
BRDA:6,96,1,0
BRDA:6,97,0,0
BRDA:6,97,1,0
BRDA:6,98,0,0
BRDA:6,98,1,0
BRDA:6,99,0,0
BRDA:6,99,1,0
BRDA:6,99,2,0
BRDA:6,100,0,0
BRDA:6,100,1,0
BRDA:6,101,0,0
BRDA:6,101,1,0
BRDA:6,102,0,0
BRDA:6,102,1,0
BRDA:6,103,0,0
BRDA:6,103,1,0
BRDA:6,103,2,0
BRDA:6,104,0,0
BRDA:6,104,1,0
BRDA:6,105,0,0
BRDA:6,105,1,0
BRDA:6,106,0,0
BRDA:6,106,1,0
BRDA:6,107,0,0
BRDA:6,107,1,0
BRDA:6,108,0,0
BRDA:6,108,1,0
BRDA:6,109,0,0
BRDA:6,109,1,0
BRDA:6,110,0,0
BRDA:6,110,1,0
BRDA:6,111,0,0
BRDA:6,111,1,0
BRDA:6,111,2,0
BRDA:6,112,0,0
BRDA:6,112,1,0
BRDA:6,113,0,0
BRDA:6,113,1,0
BRDA:6,114,0,0
BRDA:6,114,1,0
BRDA:6,115,0,0
BRDA:6,115,1,0
BRDA:6,116,0,0
BRDA:6,116,1,0
BRDA:6,117,0,0
BRDA:6,117,1,0
BRDA:6,117,2,0
BRDA:6,117,3,0
BRDA:6,118,0,0
BRDA:6,118,1,0
BRDA:6,119,0,0
BRDA:6,119,1,0
BRDA:6,120,0,0
BRDA:6,120,1,0
BRDA:6,120,2,0
BRDA:6,121,0,0
BRDA:6,121,1,0
BRDA:6,121,2,0
BRDA:6,122,0,0
BRDA:6,122,1,0
BRDA:6,123,0,0
BRDA:6,123,1,0
BRDA:6,124,0,0
BRDA:6,124,1,0
BRDA:6,125,0,0
BRDA:6,125,1,0
BRDA:6,126,0,0
BRDA:6,126,1,0
BRDA:6,127,0,0
BRDA:6,127,1,0
BRDA:6,128,0,0
BRDA:6,128,1,0
BRDA:6,129,0,0
BRDA:6,129,1,0
BRDA:6,129,2,0
BRDA:6,130,0,0
BRDA:6,130,1,0
BRDA:6,131,0,0
BRDA:6,131,1,0
BRDA:6,132,0,0
BRDA:6,132,1,0
BRDA:6,133,0,0
BRDA:6,133,1,0
BRDA:6,134,0,0
BRDA:6,134,1,0
BRDA:6,135,0,0
BRDA:6,135,1,0
BRDA:6,136,0,0
BRDA:6,136,1,0
BRDA:6,136,2,0
BRDA:6,137,0,0
BRDA:6,137,1,0
BRDA:6,138,0,0
BRDA:6,138,1,0
BRDA:6,139,0,0
BRDA:6,139,1,0
BRDA:6,139,2,0
BRDA:6,140,0,0
BRDA:6,140,1,0
BRDA:6,141,0,0
BRDA:6,141,1,0
BRDA:6,142,0,0
BRDA:6,142,1,0
BRDA:6,143,0,0
BRDA:6,143,1,0
BRDA:6,144,0,0
BRDA:6,144,1,0
BRDA:6,145,0,0
BRDA:6,145,1,0
BRDA:6,146,0,0
BRDA:6,146,1,0
BRDA:6,147,0,0
BRDA:6,147,1,0
BRDA:6,148,0,0
BRDA:6,148,1,0
BRDA:6,149,0,0
BRDA:6,149,1,0
BRDA:6,150,0,0
BRDA:6,150,1,0
BRDA:6,151,0,0
BRDA:6,151,1,0
BRDA:6,152,0,0
BRDA:6,152,1,0
BRDA:6,153,0,0
BRDA:6,153,1,0
BRDA:6,154,0,0
BRDA:6,154,1,0
BRDA:6,155,0,0
BRDA:6,155,1,0
BRDA:6,156,0,0
BRDA:6,156,1,0
BRDA:6,157,0,0
BRDA:6,157,1,0
BRDA:6,158,0,0
BRDA:6,158,1,0
BRDA:6,159,0,0
BRDA:6,159,1,0
BRDA:6,160,0,0
BRDA:6,160,1,0
BRDA:6,161,0,0
BRDA:6,161,1,0
BRDA:6,162,0,0
BRDA:6,162,1,0
BRDA:6,163,0,0
BRDA:6,163,1,0
BRDA:6,164,0,0
BRDA:6,164,1,0
BRDA:6,165,0,0
BRDA:6,165,1,0
BRDA:6,166,0,0
BRDA:6,166,1,0
BRDA:6,167,0,0
BRDA:6,167,1,0
BRDA:6,168,0,0
BRDA:6,168,1,0
BRDA:6,168,2,0
BRDA:6,169,0,0
BRDA:6,169,1,0
BRDA:6,170,0,0
BRDA:6,170,1,0
BRDA:6,171,0,0
BRDA:6,171,1,0
BRDA:6,172,0,0
BRDA:6,172,1,0
BRDA:6,173,0,0
BRDA:6,173,1,0
BRDA:6,174,0,0
BRDA:6,174,1,0
BRDA:6,175,0,0
BRDA:6,175,1,0
BRDA:6,176,0,0
BRDA:6,176,1,0
BRDA:6,176,2,0
BRDA:6,177,0,0
BRDA:6,177,1,0
BRDA:6,178,0,0
BRDA:6,178,1,0
BRDA:6,179,0,0
BRDA:6,179,1,0
BRDA:6,180,0,0
BRDA:6,180,1,0
BRDA:6,181,0,0
BRDA:6,181,1,0
BRDA:6,182,0,0
BRDA:6,182,1,0
BRDA:6,183,0,0
BRDA:6,183,1,0
BRDA:6,184,0,0
BRDA:6,184,1,0
BRDA:6,185,0,0
BRDA:6,185,1,0
BRDA:6,186,0,0
BRDA:6,186,1,0
BRDA:6,187,0,0
BRDA:6,187,1,0
BRDA:6,188,0,0
BRDA:6,188,1,0
BRDA:6,189,0,0
BRDA:6,189,1,0
BRDA:6,189,2,0
BRDA:6,190,0,0
BRDA:6,190,1,0
BRDA:6,191,0,0
BRDA:6,191,1,0
BRDA:6,192,0,0
BRDA:6,192,1,0
BRDA:6,193,0,0
BRDA:6,193,1,0
BRDA:6,194,0,0
BRDA:6,194,1,0
BRDA:6,194,2,0
BRDA:6,195,0,0
BRDA:6,195,1,0
BRDA:6,196,0,0
BRDA:6,196,1,0
BRDA:6,197,0,0
BRDA:6,197,1,0
BRDA:6,198,0,0
BRDA:6,198,1,0
BRDA:6,199,0,0
BRDA:6,199,1,0
BRDA:6,200,0,0
BRDA:6,200,1,0
BRDA:6,201,0,0
BRDA:6,201,1,0
BRDA:6,202,0,0
BRDA:6,202,1,0
BRDA:6,203,0,0
BRDA:6,203,1,0
BRDA:6,204,0,0
BRDA:6,204,1,0
BRDA:6,205,0,0
BRDA:6,205,1,0
BRDA:6,206,0,0
BRDA:6,206,1,0
BRDA:6,207,0,0
BRDA:6,207,1,0
BRDA:6,208,0,0
BRDA:6,208,1,0
BRDA:6,209,0,0
BRDA:6,209,1,0
BRDA:6,210,0,0
BRDA:6,210,1,0
BRDA:6,211,0,0
BRDA:6,211,1,0
BRDA:6,212,0,0
BRDA:6,212,1,0
BRDA:6,213,0,0
BRDA:6,213,1,0
BRDA:6,214,0,0
BRDA:6,214,1,0
BRDA:6,215,0,0
BRDA:6,215,1,0
BRDA:6,216,0,0
BRDA:6,216,1,0
BRDA:6,217,0,0
BRDA:6,217,1,0
BRDA:6,218,0,0
BRDA:6,218,1,0
BRDA:6,219,0,0
BRDA:6,219,1,0
BRDA:6,220,0,0
BRDA:6,220,1,0
BRDA:6,221,0,0
BRDA:6,221,1,0
BRDA:6,222,0,0
BRDA:6,222,1,0
BRDA:6,223,0,0
BRDA:6,223,1,0
BRDA:6,224,0,0
BRDA:6,224,1,0
BRDA:6,225,0,0
BRDA:6,225,1,0
BRDA:6,226,0,0
BRDA:6,226,1,0
BRDA:6,227,0,0
BRDA:6,227,1,0
BRDA:6,228,0,0
BRDA:6,228,1,0
BRDA:6,228,2,0
BRDA:6,229,0,0
BRDA:6,229,1,0
BRDA:6,230,0,0
BRDA:6,230,1,0
BRDA:6,231,0,0
BRDA:6,231,1,0
BRDA:6,232,0,0
BRDA:6,232,1,0
BRDA:6,233,0,0
BRDA:6,233,1,0
BRDA:6,234,0,0
BRDA:6,234,1,0
BRDA:6,235,0,0
BRDA:6,235,1,0
BRDA:6,236,0,0
BRDA:6,236,1,0
BRDA:6,237,0,0
BRDA:6,237,1,0
BRDA:6,238,0,0
BRDA:6,238,1,0
BRDA:6,239,0,0
BRDA:6,239,1,0
BRDA:6,240,0,0
BRDA:6,240,1,0
BRDA:6,240,2,0
BRDA:6,241,0,0
BRDA:6,241,1,0
BRDA:6,242,0,0
BRDA:6,242,1,0
BRDA:6,243,0,0
BRDA:6,243,1,0
BRDA:6,244,0,0
BRDA:6,244,1,0
BRDA:6,245,0,0
BRDA:6,245,1,0
BRDA:6,246,0,0
BRDA:6,246,1,0
BRDA:6,247,0,0
BRDA:6,247,1,0
BRDA:6,248,0,0
BRDA:6,248,1,0
BRDA:6,249,0,0
BRDA:6,249,1,0
BRDA:6,250,0,0
BRDA:6,250,1,0
BRDA:6,251,0,0
BRDA:6,251,1,0
BRDA:6,252,0,0
BRDA:6,252,1,0
BRDA:6,252,2,0
BRDA:6,253,0,0
BRDA:6,253,1,0
BRDA:6,254,0,0
BRDA:6,254,1,0
BRDA:6,255,0,0
BRDA:6,255,1,0
BRDA:6,256,0,0
BRDA:6,256,1,0
BRDA:6,257,0,0
BRDA:6,257,1,0
BRDA:6,258,0,0
BRDA:6,258,1,0
BRDA:6,259,0,0
BRDA:6,259,1,0
BRDA:6,260,0,0
BRDA:6,260,1,0
BRDA:6,261,0,0
BRDA:6,261,1,0
BRDA:6,262,0,0
BRDA:6,262,1,0
BRDA:6,263,0,0
BRDA:6,263,1,0
BRDA:6,264,0,0
BRDA:6,264,1,0
BRDA:6,265,0,0
BRDA:6,265,1,0
BRDA:6,266,0,0
BRDA:6,266,1,0
BRDA:6,267,0,0
BRDA:6,267,1,0
BRDA:6,267,2,0
BRDA:6,268,0,0
BRDA:6,268,1,0
BRDA:6,269,0,0
BRDA:6,269,1,0
BRDA:6,270,0,0
BRDA:6,270,1,0
BRDA:6,271,0,0
BRDA:6,271,1,0
BRDA:6,272,0,0
BRDA:6,272,1,0
BRDA:6,273,0,0
BRDA:6,273,1,0
BRDA:6,274,0,0
BRDA:6,274,1,0
BRDA:6,275,0,0
BRDA:6,275,1,0
BRDA:6,276,0,0
BRDA:6,276,1,0
BRDA:6,277,0,0
BRDA:6,277,1,0
BRDA:6,278,0,0
BRDA:6,278,1,0
BRDA:6,279,0,0
BRDA:6,279,1,0
BRDA:6,280,0,0
BRDA:6,280,1,0
BRDA:6,281,0,0
BRDA:6,281,1,0
BRDA:6,282,0,0
BRDA:6,282,1,0
BRDA:6,283,0,0
BRDA:6,283,1,0
BRDA:6,284,0,0
BRDA:6,284,1,0
BRDA:6,285,0,0
BRDA:6,285,1,0
BRDA:6,286,0,0
BRDA:6,286,1,0
BRDA:6,287,0,0
BRDA:6,287,1,0
BRDA:6,288,0,0
BRDA:6,288,1,0
BRDA:6,289,0,0
BRDA:6,289,1,0
BRDA:6,290,0,0
BRDA:6,290,1,0
BRDA:6,291,0,0
BRDA:6,291,1,0
BRDA:6,292,0,0
BRDA:6,292,1,0
BRDA:6,292,2,0
BRDA:6,292,3,0
BRDA:6,292,4,0
BRDA:6,293,0,0
BRDA:6,293,1,0
BRDA:6,294,0,0
BRDA:6,294,1,0
BRDA:6,295,0,0
BRDA:6,295,1,0
BRDA:6,296,0,0
BRDA:6,296,1,0
BRDA:6,297,0,0
BRDA:6,297,1,0
BRDA:6,298,0,0
BRDA:6,298,1,0
BRDA:6,298,2,0
BRDA:6,298,3,0
BRDA:6,298,4,0
BRDA:6,299,0,0
BRDA:6,299,1,0
BRDA:6,300,0,0
BRDA:6,300,1,0
BRDA:6,301,0,0
BRDA:6,301,1,0
BRDA:6,302,0,0
BRDA:6,302,1,0
BRDA:6,303,0,0
BRDA:6,303,1,0
BRDA:6,304,0,0
BRDA:6,304,1,0
BRDA:6,305,0,0
BRDA:6,305,1,0
BRDA:6,306,0,0
BRDA:6,306,1,0
BRDA:7,307,0,0
BRDA:7,307,1,0
BRDA:7,308,0,0
BRDA:7,308,1,0
BRDA:7,309,0,0
BRDA:7,309,1,0
BRDA:7,310,0,0
BRDA:7,310,1,0
BRDA:7,310,2,0
BRDA:7,310,3,0
BRDA:7,310,4,0
BRDA:7,311,0,0
BRDA:7,311,1,0
BRDA:7,312,0,0
BRDA:7,312,1,0
BRDA:7,313,0,0
BRDA:7,313,1,0
BRDA:7,314,0,0
BRDA:7,314,1,0
BRDA:7,315,0,0
BRDA:7,315,1,0
BRDA:7,316,0,0
BRDA:7,316,1,0
BRDA:7,317,0,0
BRDA:7,317,1,0
BRDA:7,318,0,0
BRDA:7,318,1,0
BRDA:7,319,0,0
BRDA:7,319,1,0
BRDA:7,320,0,0
BRDA:7,320,1,0
BRDA:7,321,0,0
BRDA:7,321,1,0
BRDA:7,322,0,0
BRDA:7,322,1,0
BRDA:7,323,0,0
BRDA:7,323,1,0
BRDA:7,324,0,0
BRDA:7,324,1,0
BRDA:7,325,0,0
BRDA:7,325,1,0
BRDA:7,326,0,0
BRDA:7,326,1,0
BRDA:7,327,0,0
BRDA:7,327,1,0
BRDA:7,328,0,0
BRDA:7,328,1,0
BRDA:7,329,0,0
BRDA:7,329,1,0
BRDA:7,330,0,0
BRDA:7,330,1,0
BRDA:7,331,0,0
BRDA:7,331,1,0
BRDA:7,332,0,0
BRDA:7,332,1,0
BRDA:7,333,0,0
BRDA:7,333,1,0
BRDA:7,334,0,0
BRDA:7,334,1,0
BRDA:7,335,0,0
BRDA:7,335,1,0
BRDA:7,336,0,0
BRDA:7,336,1,0
BRDA:7,337,0,0
BRDA:7,337,1,0
BRDA:7,338,0,0
BRDA:7,338,1,0
BRDA:7,339,0,0
BRDA:7,339,1,0
BRDA:7,340,0,0
BRDA:7,340,1,0
BRDA:7,341,0,0
BRDA:7,341,1,0
BRDA:7,342,0,0
BRDA:7,342,1,0
BRF:724
BRH:0
end_of_record
TN:
SF:C:\Users\s528926\44563\node-express-mvc-ejs-start\public\js\vendor\jquery-1.11.2.min.js
FN:2,(anonymous_1)
FN:2,(anonymous_2)
FN:2,(anonymous_3)
FN:2,(anonymous_4)
FN:2,(anonymous_5)
FN:2,(anonymous_6)
FN:2,(anonymous_7)
FN:2,(anonymous_8)
FN:2,(anonymous_9)
FN:2,(anonymous_10)
FN:2,(anonymous_11)
FN:2,(anonymous_12)
FN:2,(anonymous_13)
FN:2,(anonymous_14)
FN:2,(anonymous_15)
FN:2,(anonymous_16)
FN:2,(anonymous_17)
FN:2,(anonymous_18)
FN:2,(anonymous_19)
FN:2,(anonymous_20)
FN:2,(anonymous_21)
FN:2,(anonymous_22)
FN:2,(anonymous_23)
FN:2,(anonymous_24)
FN:2,(anonymous_25)
FN:2,(anonymous_26)
FN:2,(anonymous_27)
FN:2,(anonymous_28)
FN:2,(anonymous_29)
FN:2,(anonymous_30)
FN:2,(anonymous_31)
FN:2,(anonymous_32)
FN:2,(anonymous_33)
FN:2,(anonymous_34)
FN:2,(anonymous_35)
FN:2,(anonymous_36)
FN:2,(anonymous_37)
FN:2,(anonymous_38)
FN:2,(anonymous_39)
FN:2,(anonymous_40)
FN:2,(anonymous_41)
FN:2,r
FN:2,(anonymous_43)
FN:2,(anonymous_44)
FN:2,(anonymous_45)
FN:2,(anonymous_46)
FN:2,(anonymous_47)
FN:2,(anonymous_48)
FN:2,(anonymous_49)
FN:2,gb
FN:2,hb
FN:2,b
FN:2,ib
FN:2,jb
FN:2,kb
FN:2,lb
FN:2,mb
FN:2,(anonymous_58)
FN:2,nb
FN:2,(anonymous_60)
FN:2,ob
FN:2,(anonymous_62)
FN:2,(anonymous_63)
FN:2,pb
FN:2,(anonymous_65)
FN:2,(anonymous_66)
FN:2,(anonymous_67)
FN:2,(anonymous_68)
FN:2,(anonymous_69)
FN:2,(anonymous_70)
FN:2,(anonymous_71)
FN:2,(anonymous_72)
FN:2,(anonymous_73)
FN:2,(anonymous_74)
FN:2,(anonymous_75)
FN:2,(anonymous_76)
FN:2,(anonymous_77)
FN:2,(anonymous_78)
FN:2,(anonymous_79)
FN:2,(anonymous_80)
FN:2,(anonymous_81)
FN:2,(anonymous_82)
FN:2,(anonymous_83)
FN:2,(anonymous_84)
FN:2,(anonymous_85)
FN:2,(anonymous_86)
FN:2,(anonymous_87)
FN:2,(anonymous_88)
FN:2,(anonymous_89)
FN:2,(anonymous_90)
FN:2,(anonymous_91)
FN:2,(anonymous_92)
FN:2,(anonymous_93)
FN:2,(anonymous_94)
FN:2,(anonymous_95)
FN:2,(anonymous_96)
FN:2,(anonymous_97)
FN:2,(anonymous_98)
FN:2,(anonymous_99)
FN:2,(anonymous_100)
FN:2,(anonymous_101)
FN:2,(anonymous_102)
FN:2,(anonymous_103)
FN:2,(anonymous_104)
FN:2,(anonymous_105)
FN:2,(anonymous_106)
FN:2,(anonymous_107)
FN:2,(anonymous_108)
FN:2,(anonymous_109)
FN:2,(anonymous_110)
FN:2,(anonymous_111)
FN:2,(anonymous_112)
FN:2,(anonymous_113)
FN:2,(anonymous_114)
FN:2,(anonymous_115)
FN:2,(anonymous_116)
FN:2,(anonymous_117)
FN:2,(anonymous_118)
FN:2,(anonymous_119)
FN:2,(anonymous_120)
FN:2,(anonymous_121)
FN:2,(anonymous_122)
FN:2,(anonymous_123)
FN:2,(anonymous_124)
FN:2,(anonymous_125)
FN:2,(anonymous_126)
FN:2,(anonymous_127)
FN:2,(anonymous_128)
FN:2,(anonymous_129)
FN:2,(anonymous_130)
FN:2,(anonymous_131)
FN:2,(anonymous_132)
FN:2,(anonymous_133)
FN:2,(anonymous_134)
FN:2,(anonymous_135)
FN:2,(anonymous_136)
FN:2,qb
FN:2,(anonymous_138)
FN:2,rb
FN:2,sb
FN:2,(anonymous_141)
FN:2,(anonymous_142)
FN:2,tb
FN:2,(anonymous_144)
FN:2,ub
FN:2,vb
FN:2,wb
FN:2,(anonymous_148)
FN:2,xb
FN:2,yb
FN:2,(anonymous_151)
FN:2,(anonymous_152)
FN:2,(anonymous_153)
FN:2,(anonymous_154)
FN:2,(anonymous_155)
FN:2,(anonymous_156)
FN:2,(anonymous_157)
FN:2,(anonymous_158)
FN:2,(anonymous_159)
FN:2,(anonymous_160)
FN:2,w
FN:2,(anonymous_162)
FN:2,(anonymous_163)
FN:2,(anonymous_164)
FN:2,(anonymous_165)
FN:2,(anonymous_166)
FN:2,(anonymous_167)
FN:2,(anonymous_168)
FN:2,(anonymous_169)
FN:2,(anonymous_170)
FN:2,(anonymous_171)
FN:2,(anonymous_172)
FN:2,(anonymous_173)
FN:2,(anonymous_174)
FN:2,(anonymous_175)
FN:2,(anonymous_176)
FN:2,(anonymous_177)
FN:2,(anonymous_178)
FN:2,(anonymous_179)
FN:2,(anonymous_180)
FN:2,D
FN:2,(anonymous_182)
FN:2,(anonymous_183)
FN:2,(anonymous_184)
FN:2,(anonymous_185)
FN:2,(anonymous_186)
FN:2,(anonymous_187)
FN:2,(anonymous_188)
FN:2,(anonymous_189)
FN:2,(anonymous_190)
FN:2,(anonymous_191)
FN:2,(anonymous_192)
FN:2,(anonymous_193)
FN:2,(anonymous_194)
FN:2,(anonymous_195)
FN:2,G
FN:2,(anonymous_197)
FN:2,(anonymous_198)
FN:2,(anonymous_199)
FN:2,(anonymous_200)
FN:2,f
FN:2,(anonymous_202)
FN:2,(anonymous_203)
FN:2,(anonymous_204)
FN:2,(anonymous_205)
FN:2,(anonymous_206)
FN:2,(anonymous_207)
FN:2,(anonymous_208)
FN:2,(anonymous_209)
FN:2,(anonymous_210)
FN:2,(anonymous_211)
FN:2,(anonymous_212)
FN:2,(anonymous_213)
FN:2,(anonymous_214)
FN:2,(anonymous_215)
FN:2,(anonymous_216)
FN:2,(anonymous_217)
FN:2,(anonymous_218)
FN:2,(anonymous_219)
FN:2,(anonymous_220)
FN:2,(anonymous_221)
FN:2,(anonymous_222)
FN:2,(anonymous_223)
FN:2,(anonymous_224)
FN:2,(anonymous_225)
FN:2,(anonymous_226)
FN:2,(anonymous_227)
FN:2,(anonymous_228)
FN:2,(anonymous_229)
FN:2,(anonymous_230)
FN:2,I
FN:2,J
FN:2,(anonymous_233)
FN:2,e
FN:2,(anonymous_235)
FN:2,(anonymous_236)
FN:2,(anonymous_237)
FN:2,O
FN:2,P
FN:3,Q
FN:3,R
FN:3,(anonymous_242)
FN:3,(anonymous_243)
FN:3,(anonymous_244)
FN:3,(anonymous_245)
FN:3,(anonymous_246)
FN:3,(anonymous_247)
FN:3,(anonymous_248)
FN:3,(anonymous_249)
FN:3,(anonymous_250)
FN:3,(anonymous_251)
FN:3,(anonymous_252)
FN:3,(anonymous_253)
FN:3,(anonymous_254)
FN:3,(anonymous_255)
FN:3,(anonymous_256)
FN:3,(anonymous_257)
FN:3,(anonymous_258)
FN:3,(anonymous_259)
FN:3,(anonymous_260)
FN:3,(anonymous_261)
FN:3,(anonymous_262)
FN:3,(anonymous_263)
FN:3,(anonymous_264)
FN:3,(anonymous_265)
FN:3,(anonymous_266)
FN:3,(anonymous_267)
FN:3,(anonymous_268)
FN:3,(anonymous_269)
FN:3,ab
FN:3,bb
FN:3,cb
FN:3,(anonymous_273)
FN:3,(anonymous_274)
FN:3,(anonymous_275)
FN:3,(anonymous_276)
FN:3,(anonymous_277)
FN:3,(anonymous_278)
FN:3,(anonymous_279)
FN:3,(anonymous_280)
FN:3,(anonymous_281)
FN:3,(anonymous_282)
FN:3,(anonymous_283)
FN:3,(anonymous_284)
FN:3,(anonymous_285)
FN:3,(anonymous_286)
FN:3,(anonymous_287)
FN:3,(anonymous_288)
FN:3,(anonymous_289)
FN:3,(anonymous_290)
FN:3,(anonymous_291)
FN:3,(anonymous_292)
FN:3,(anonymous_293)
FN:3,(anonymous_294)
FN:3,(anonymous_295)
FN:3,(anonymous_296)
FN:3,(anonymous_297)
FN:3,(anonymous_298)
FN:3,(anonymous_299)
FN:3,(anonymous_300)
FN:3,(anonymous_301)
FN:3,(anonymous_302)
FN:3,(anonymous_303)
FN:3,(anonymous_304)
FN:3,(anonymous_305)
FN:3,(anonymous_306)
FN:3,(anonymous_307)
FN:3,(anonymous_308)
FN:3,(anonymous_309)
FN:3,(anonymous_310)
FN:3,(anonymous_311)
FN:3,(anonymous_312)
FN:3,(anonymous_313)
FN:3,(anonymous_314)
FN:3,(anonymous_315)
FN:3,(anonymous_316)
FN:3,(anonymous_317)
FN:3,(anonymous_318)
FN:3,(anonymous_319)
FN:3,(anonymous_320)
FN:3,db
FN:3,ub
FN:3,vb
FN:3,wb
FN:3,xb
FN:3,yb
FN:3,zb
FN:3,Ab
FN:3,Bb
FN:3,(anonymous_330)
FN:3,(anonymous_331)
FN:3,(anonymous_332)
FN:3,(anonymous_333)
FN:3,(anonymous_334)
FN:3,(anonymous_335)
FN:3,(anonymous_336)
FN:3,(anonymous_337)
FN:3,(anonymous_338)
FN:3,(anonymous_339)
FN:3,(anonymous_340)
FN:3,(anonymous_341)
FN:3,(anonymous_342)
FN:3,(anonymous_343)
FN:3,(anonymous_344)
FN:3,(anonymous_345)
FN:3,(anonymous_346)
FN:3,(anonymous_347)
FN:3,(anonymous_348)
FN:3,(anonymous_349)
FN:3,(anonymous_350)
FN:3,(anonymous_351)
FN:3,(anonymous_352)
FN:3,(anonymous_353)
FN:3,(anonymous_354)
FN:3,(anonymous_355)
FN:3,Eb
FN:3,Fb
FN:3,(anonymous_358)
FN:3,(anonymous_359)
FN:3,(anonymous_360)
FN:3,(anonymous_361)
FN:3,(anonymous_362)
FN:3,(anonymous_363)
FN:3,Lb
FN:3,(anonymous_365)
FN:3,(anonymous_366)
FN:3,(anonymous_367)
FN:3,(anonymous_368)
FN:3,(anonymous_369)
FN:3,(anonymous_370)
FN:3,i
FN:3,(anonymous_372)
FN:3,Ub
FN:3,Vb
FN:3,Wb
FN:3,Xb
FN:3,Yb
FN:3,(anonymous_378)
FN:3,(anonymous_379)
FN:3,(anonymous_380)
FN:3,(anonymous_381)
FN:3,(anonymous_382)
FN:3,(anonymous_383)
FN:3,(anonymous_384)
FN:3,(anonymous_385)
FN:3,(anonymous_386)
FN:3,(anonymous_387)
FN:3,(anonymous_388)
FN:3,(anonymous_389)
FN:3,(anonymous_390)
FN:3,(anonymous_391)
FN:3,(anonymous_392)
FN:3,(anonymous_393)
FN:3,(anonymous_394)
FN:3,(anonymous_395)
FN:3,Zb
FN:4,(anonymous_397)
FN:4,(anonymous_398)
FN:4,(anonymous_399)
FN:4,(anonymous_400)
FN:4,(anonymous_401)
FN:4,(anonymous_402)
FN:4,(anonymous_403)
FN:4,(anonymous_404)
FN:4,(anonymous_405)
FN:4,fc
FN:4,(anonymous_407)
FN:4,gc
FN:4,hc
FN:4,ic
FN:4,(anonymous_411)
FN:4,(anonymous_412)
FN:4,(anonymous_413)
FN:4,(anonymous_414)
FN:4,(anonymous_415)
FN:4,(anonymous_416)
FN:4,jc
FN:4,kc
FN:4,(anonymous_419)
FN:4,(anonymous_420)
FN:4,(anonymous_421)
FN:4,(anonymous_422)
FN:4,(anonymous_423)
FN:4,(anonymous_424)
FN:4,(anonymous_425)
FN:4,(anonymous_426)
FN:4,(anonymous_427)
FN:4,(anonymous_428)
FN:4,(anonymous_429)
FN:4,(anonymous_430)
FN:4,(anonymous_431)
FN:4,(anonymous_432)
FN:4,(anonymous_433)
FN:4,(anonymous_434)
FN:4,(anonymous_435)
FN:4,(anonymous_436)
FN:4,(anonymous_437)
FN:4,(anonymous_438)
FN:4,(anonymous_439)
FN:4,(anonymous_440)
FN:4,(anonymous_441)
FN:4,(anonymous_442)
FN:4,(anonymous_443)
FN:4,(anonymous_444)
FN:4,(anonymous_445)
FN:4,(anonymous_446)
FN:4,(anonymous_447)
FN:4,(anonymous_448)
FN:4,(anonymous_449)
FN:4,(anonymous_450)
FN:4,(anonymous_451)
FN:4,(anonymous_452)
FN:4,(anonymous_453)
FN:4,(anonymous_454)
FN:4,(anonymous_455)
FN:4,(anonymous_456)
FN:4,(anonymous_457)
FN:4,(anonymous_458)
FN:4,(anonymous_459)
FN:4,(anonymous_460)
FN:4,(anonymous_461)
FN:4,(anonymous_462)
FN:4,(anonymous_463)
FN:4,(anonymous_464)
FN:4,(anonymous_465)
FN:4,(anonymous_466)
FN:4,(anonymous_467)
FN:4,(anonymous_468)
FN:4,(anonymous_469)
FN:4,(anonymous_470)
FN:4,(anonymous_471)
FN:4,(anonymous_472)
FN:4,(anonymous_473)
FN:4,(anonymous_474)
FN:4,(anonymous_475)
FN:4,(anonymous_476)
FN:4,(anonymous_477)
FN:4,(anonymous_478)
FN:4,(anonymous_479)
FN:4,(anonymous_480)
FN:4,(anonymous_481)
FN:4,(anonymous_482)
FN:4,(anonymous_483)
FN:4,(anonymous_484)
FN:4,(anonymous_485)
FN:4,(anonymous_486)
FN:4,(anonymous_487)
FN:4,(anonymous_488)
FN:4,(anonymous_489)
FN:4,(anonymous_490)
FN:4,(anonymous_491)
FN:4,(anonymous_492)
FN:4,(anonymous_493)
FN:4,(anonymous_494)
FN:4,(anonymous_495)
FN:4,(anonymous_496)
FN:4,(anonymous_497)
FN:4,(anonymous_498)
FN:4,(anonymous_499)
FN:4,(anonymous_500)
FN:4,(anonymous_501)
FN:4,Lc
FN:4,(anonymous_503)
FN:4,Mc
FN:4,g
FN:4,(anonymous_506)
FN:4,Nc
FN:4,Oc
FN:4,Pc
FN:4,(anonymous_510)
FN:4,(anonymous_511)
FN:4,(anonymous_512)
FN:4,(anonymous_513)
FN:4,(anonymous_514)
FN:4,(anonymous_515)
FN:4,(anonymous_516)
FN:4,(anonymous_517)
FN:4,(anonymous_518)
FN:4,x
FN:4,(anonymous_520)
FN:4,(anonymous_521)
FN:4,(anonymous_522)
FN:4,(anonymous_523)
FN:4,(anonymous_524)
FN:4,(anonymous_525)
FN:4,(anonymous_526)
FN:4,(anonymous_527)
FN:4,(anonymous_528)
FN:4,(anonymous_529)
FN:4,(anonymous_530)
FN:4,(anonymous_531)
FN:4,(anonymous_532)
FN:4,(anonymous_533)
FN:4,(anonymous_534)
FN:4,(anonymous_535)
FN:4,(anonymous_536)
FN:4,Vc
FN:4,(anonymous_538)
FN:4,(anonymous_539)
FN:4,(anonymous_540)
FN:4,(anonymous_541)
FN:4,(anonymous_542)
FN:4,(anonymous_543)
FN:4,(anonymous_544)
FN:4,(anonymous_545)
FN:4,(anonymous_546)
FN:4,(anonymous_547)
FN:4,(anonymous_548)
FN:4,(anonymous_549)
FN:4,(anonymous_550)
FN:4,(anonymous_551)
FN:4,(anonymous_552)
FN:4,(anonymous_553)
FN:4,Zc
FN:4,$c
FN:4,(anonymous_556)
FN:4,(anonymous_557)
FN:4,(anonymous_558)
FN:4,(anonymous_559)
FN:4,(anonymous_560)
FN:4,(anonymous_561)
FN:4,(anonymous_562)
FN:4,(anonymous_563)
FN:4,(anonymous_564)
FN:4,(anonymous_565)
FN:4,(anonymous_566)
FN:4,(anonymous_567)
FN:4,(anonymous_568)
FN:4,(anonymous_569)
FN:4,(anonymous_570)
FN:4,(anonymous_571)
FN:4,(anonymous_572)
FN:4,(anonymous_573)
FN:4,(anonymous_574)
FN:4,dd
FN:4,(anonymous_576)
FN:4,(anonymous_577)
FN:4,(anonymous_578)
FN:4,(anonymous_579)
FN:4,(anonymous_580)
FN:4,(anonymous_581)
FN:4,(anonymous_582)
FN:4,(anonymous_583)
FN:4,(anonymous_584)
FN:4,(anonymous_585)
FN:4,(anonymous_586)
FN:4,(anonymous_587)
FN:4,(anonymous_588)
FN:4,(anonymous_589)
FN:4,(anonymous_590)
FN:4,(anonymous_591)
FN:4,(anonymous_592)
FN:4,(anonymous_593)
FNF:593
FNH:0
FNDA:0,(anonymous_1)
FNDA:0,(anonymous_2)
FNDA:0,(anonymous_3)
FNDA:0,(anonymous_4)
FNDA:0,(anonymous_5)
FNDA:0,(anonymous_6)
FNDA:0,(anonymous_7)
FNDA:0,(anonymous_8)
FNDA:0,(anonymous_9)
FNDA:0,(anonymous_10)
FNDA:0,(anonymous_11)
FNDA:0,(anonymous_12)
FNDA:0,(anonymous_13)
FNDA:0,(anonymous_14)
FNDA:0,(anonymous_15)
FNDA:0,(anonymous_16)
FNDA:0,(anonymous_17)
FNDA:0,(anonymous_18)
FNDA:0,(anonymous_19)
FNDA:0,(anonymous_20)
FNDA:0,(anonymous_21)
FNDA:0,(anonymous_22)
FNDA:0,(anonymous_23)
FNDA:0,(anonymous_24)
FNDA:0,(anonymous_25)
FNDA:0,(anonymous_26)
FNDA:0,(anonymous_27)
FNDA:0,(anonymous_28)
FNDA:0,(anonymous_29)
FNDA:0,(anonymous_30)
FNDA:0,(anonymous_31)
FNDA:0,(anonymous_32)
FNDA:0,(anonymous_33)
FNDA:0,(anonymous_34)
FNDA:0,(anonymous_35)
FNDA:0,(anonymous_36)
FNDA:0,(anonymous_37)
FNDA:0,(anonymous_38)
FNDA:0,(anonymous_39)
FNDA:0,(anonymous_40)
FNDA:0,(anonymous_41)
FNDA:0,r
FNDA:0,(anonymous_43)
FNDA:0,(anonymous_44)
FNDA:0,(anonymous_45)
FNDA:0,(anonymous_46)
FNDA:0,(anonymous_47)
FNDA:0,(anonymous_48)
FNDA:0,(anonymous_49)
FNDA:0,gb
FNDA:0,hb
FNDA:0,b
FNDA:0,ib
FNDA:0,jb
FNDA:0,kb
FNDA:0,lb
FNDA:0,mb
FNDA:0,(anonymous_58)
FNDA:0,nb
FNDA:0,(anonymous_60)
FNDA:0,ob
FNDA:0,(anonymous_62)
FNDA:0,(anonymous_63)
FNDA:0,pb
FNDA:0,(anonymous_65)
FNDA:0,(anonymous_66)
FNDA:0,(anonymous_67)
FNDA:0,(anonymous_68)
FNDA:0,(anonymous_69)
FNDA:0,(anonymous_70)
FNDA:0,(anonymous_71)
FNDA:0,(anonymous_72)
FNDA:0,(anonymous_73)
FNDA:0,(anonymous_74)
FNDA:0,(anonymous_75)
FNDA:0,(anonymous_76)
FNDA:0,(anonymous_77)
FNDA:0,(anonymous_78)
FNDA:0,(anonymous_79)
FNDA:0,(anonymous_80)
FNDA:0,(anonymous_81)
FNDA:0,(anonymous_82)
FNDA:0,(anonymous_83)
FNDA:0,(anonymous_84)
FNDA:0,(anonymous_85)
FNDA:0,(anonymous_86)
FNDA:0,(anonymous_87)
FNDA:0,(anonymous_88)
FNDA:0,(anonymous_89)
FNDA:0,(anonymous_90)
FNDA:0,(anonymous_91)
FNDA:0,(anonymous_92)
FNDA:0,(anonymous_93)
FNDA:0,(anonymous_94)
FNDA:0,(anonymous_95)
FNDA:0,(anonymous_96)
FNDA:0,(anonymous_97)
FNDA:0,(anonymous_98)
FNDA:0,(anonymous_99)
FNDA:0,(anonymous_100)
FNDA:0,(anonymous_101)
FNDA:0,(anonymous_102)
FNDA:0,(anonymous_103)
FNDA:0,(anonymous_104)
FNDA:0,(anonymous_105)
FNDA:0,(anonymous_106)
FNDA:0,(anonymous_107)
FNDA:0,(anonymous_108)
FNDA:0,(anonymous_109)
FNDA:0,(anonymous_110)
FNDA:0,(anonymous_111)
FNDA:0,(anonymous_112)
FNDA:0,(anonymous_113)
FNDA:0,(anonymous_114)
FNDA:0,(anonymous_115)
FNDA:0,(anonymous_116)
FNDA:0,(anonymous_117)
FNDA:0,(anonymous_118)
FNDA:0,(anonymous_119)
FNDA:0,(anonymous_120)
FNDA:0,(anonymous_121)
FNDA:0,(anonymous_122)
FNDA:0,(anonymous_123)
FNDA:0,(anonymous_124)
FNDA:0,(anonymous_125)
FNDA:0,(anonymous_126)
FNDA:0,(anonymous_127)
FNDA:0,(anonymous_128)
FNDA:0,(anonymous_129)
FNDA:0,(anonymous_130)
FNDA:0,(anonymous_131)
FNDA:0,(anonymous_132)
FNDA:0,(anonymous_133)
FNDA:0,(anonymous_134)
FNDA:0,(anonymous_135)
FNDA:0,(anonymous_136)
FNDA:0,qb
FNDA:0,(anonymous_138)
FNDA:0,rb
FNDA:0,sb
FNDA:0,(anonymous_141)
FNDA:0,(anonymous_142)
FNDA:0,tb
FNDA:0,(anonymous_144)
FNDA:0,ub
FNDA:0,vb
FNDA:0,wb
FNDA:0,(anonymous_148)
FNDA:0,xb
FNDA:0,yb
FNDA:0,(anonymous_151)
FNDA:0,(anonymous_152)
FNDA:0,(anonymous_153)
FNDA:0,(anonymous_154)
FNDA:0,(anonymous_155)
FNDA:0,(anonymous_156)
FNDA:0,(anonymous_157)
FNDA:0,(anonymous_158)
FNDA:0,(anonymous_159)
FNDA:0,(anonymous_160)
FNDA:0,w
FNDA:0,(anonymous_162)
FNDA:0,(anonymous_163)
FNDA:0,(anonymous_164)
FNDA:0,(anonymous_165)
FNDA:0,(anonymous_166)
FNDA:0,(anonymous_167)
FNDA:0,(anonymous_168)
FNDA:0,(anonymous_169)
FNDA:0,(anonymous_170)
FNDA:0,(anonymous_171)
FNDA:0,(anonymous_172)
FNDA:0,(anonymous_173)
FNDA:0,(anonymous_174)
FNDA:0,(anonymous_175)
FNDA:0,(anonymous_176)
FNDA:0,(anonymous_177)
FNDA:0,(anonymous_178)
FNDA:0,(anonymous_179)
FNDA:0,(anonymous_180)
FNDA:0,D
FNDA:0,(anonymous_182)
FNDA:0,(anonymous_183)
FNDA:0,(anonymous_184)
FNDA:0,(anonymous_185)
FNDA:0,(anonymous_186)
FNDA:0,(anonymous_187)
FNDA:0,(anonymous_188)
FNDA:0,(anonymous_189)
FNDA:0,(anonymous_190)
FNDA:0,(anonymous_191)
FNDA:0,(anonymous_192)
FNDA:0,(anonymous_193)
FNDA:0,(anonymous_194)
FNDA:0,(anonymous_195)
FNDA:0,G
FNDA:0,(anonymous_197)
FNDA:0,(anonymous_198)
FNDA:0,(anonymous_199)
FNDA:0,(anonymous_200)
FNDA:0,f
FNDA:0,(anonymous_202)
FNDA:0,(anonymous_203)
FNDA:0,(anonymous_204)
FNDA:0,(anonymous_205)
FNDA:0,(anonymous_206)
FNDA:0,(anonymous_207)
FNDA:0,(anonymous_208)
FNDA:0,(anonymous_209)
FNDA:0,(anonymous_210)
FNDA:0,(anonymous_211)
FNDA:0,(anonymous_212)
FNDA:0,(anonymous_213)
FNDA:0,(anonymous_214)
FNDA:0,(anonymous_215)
FNDA:0,(anonymous_216)
FNDA:0,(anonymous_217)
FNDA:0,(anonymous_218)
FNDA:0,(anonymous_219)
FNDA:0,(anonymous_220)
FNDA:0,(anonymous_221)
FNDA:0,(anonymous_222)
FNDA:0,(anonymous_223)
FNDA:0,(anonymous_224)
FNDA:0,(anonymous_225)
FNDA:0,(anonymous_226)
FNDA:0,(anonymous_227)
FNDA:0,(anonymous_228)
FNDA:0,(anonymous_229)
FNDA:0,(anonymous_230)
FNDA:0,I
FNDA:0,J
FNDA:0,(anonymous_233)
FNDA:0,e
FNDA:0,(anonymous_235)
FNDA:0,(anonymous_236)
FNDA:0,(anonymous_237)
FNDA:0,O
FNDA:0,P
FNDA:0,Q
FNDA:0,R
FNDA:0,(anonymous_242)
FNDA:0,(anonymous_243)
FNDA:0,(anonymous_244)
FNDA:0,(anonymous_245)
FNDA:0,(anonymous_246)
FNDA:0,(anonymous_247)
FNDA:0,(anonymous_248)
FNDA:0,(anonymous_249)
FNDA:0,(anonymous_250)
FNDA:0,(anonymous_251)
FNDA:0,(anonymous_252)
FNDA:0,(anonymous_253)
FNDA:0,(anonymous_254)
FNDA:0,(anonymous_255)
FNDA:0,(anonymous_256)
FNDA:0,(anonymous_257)
FNDA:0,(anonymous_258)
FNDA:0,(anonymous_259)
FNDA:0,(anonymous_260)
FNDA:0,(anonymous_261)
FNDA:0,(anonymous_262)
FNDA:0,(anonymous_263)
FNDA:0,(anonymous_264)
FNDA:0,(anonymous_265)
FNDA:0,(anonymous_266)
FNDA:0,(anonymous_267)
FNDA:0,(anonymous_268)
FNDA:0,(anonymous_269)
FNDA:0,ab
FNDA:0,bb
FNDA:0,cb
FNDA:0,(anonymous_273)
FNDA:0,(anonymous_274)
FNDA:0,(anonymous_275)
FNDA:0,(anonymous_276)
FNDA:0,(anonymous_277)
FNDA:0,(anonymous_278)
FNDA:0,(anonymous_279)
FNDA:0,(anonymous_280)
FNDA:0,(anonymous_281)
FNDA:0,(anonymous_282)
FNDA:0,(anonymous_283)
FNDA:0,(anonymous_284)
FNDA:0,(anonymous_285)
FNDA:0,(anonymous_286)
FNDA:0,(anonymous_287)
FNDA:0,(anonymous_288)
FNDA:0,(anonymous_289)
FNDA:0,(anonymous_290)
FNDA:0,(anonymous_291)
FNDA:0,(anonymous_292)
FNDA:0,(anonymous_293)
FNDA:0,(anonymous_294)
FNDA:0,(anonymous_295)
FNDA:0,(anonymous_296)
FNDA:0,(anonymous_297)
FNDA:0,(anonymous_298)
FNDA:0,(anonymous_299)
FNDA:0,(anonymous_300)
FNDA:0,(anonymous_301)
FNDA:0,(anonymous_302)
FNDA:0,(anonymous_303)
FNDA:0,(anonymous_304)
FNDA:0,(anonymous_305)
FNDA:0,(anonymous_306)
FNDA:0,(anonymous_307)
FNDA:0,(anonymous_308)
FNDA:0,(anonymous_309)
FNDA:0,(anonymous_310)
FNDA:0,(anonymous_311)
FNDA:0,(anonymous_312)
FNDA:0,(anonymous_313)
FNDA:0,(anonymous_314)
FNDA:0,(anonymous_315)
FNDA:0,(anonymous_316)
FNDA:0,(anonymous_317)
FNDA:0,(anonymous_318)
FNDA:0,(anonymous_319)
FNDA:0,(anonymous_320)
FNDA:0,db
FNDA:0,ub
FNDA:0,vb
FNDA:0,wb
FNDA:0,xb
FNDA:0,yb
FNDA:0,zb
FNDA:0,Ab
FNDA:0,Bb
FNDA:0,(anonymous_330)
FNDA:0,(anonymous_331)
FNDA:0,(anonymous_332)
FNDA:0,(anonymous_333)
FNDA:0,(anonymous_334)
FNDA:0,(anonymous_335)
FNDA:0,(anonymous_336)
FNDA:0,(anonymous_337)
FNDA:0,(anonymous_338)
FNDA:0,(anonymous_339)
FNDA:0,(anonymous_340)
FNDA:0,(anonymous_341)
FNDA:0,(anonymous_342)
FNDA:0,(anonymous_343)
FNDA:0,(anonymous_344)
FNDA:0,(anonymous_345)
FNDA:0,(anonymous_346)
FNDA:0,(anonymous_347)
FNDA:0,(anonymous_348)
FNDA:0,(anonymous_349)
FNDA:0,(anonymous_350)
FNDA:0,(anonymous_351)
FNDA:0,(anonymous_352)
FNDA:0,(anonymous_353)
FNDA:0,(anonymous_354)
FNDA:0,(anonymous_355)
FNDA:0,Eb
FNDA:0,Fb
FNDA:0,(anonymous_358)
FNDA:0,(anonymous_359)
FNDA:0,(anonymous_360)
FNDA:0,(anonymous_361)
FNDA:0,(anonymous_362)
FNDA:0,(anonymous_363)
FNDA:0,Lb
FNDA:0,(anonymous_365)
FNDA:0,(anonymous_366)
FNDA:0,(anonymous_367)
FNDA:0,(anonymous_368)
FNDA:0,(anonymous_369)
FNDA:0,(anonymous_370)
FNDA:0,i
FNDA:0,(anonymous_372)
FNDA:0,Ub
FNDA:0,Vb
FNDA:0,Wb
FNDA:0,Xb
FNDA:0,Yb
FNDA:0,(anonymous_378)
FNDA:0,(anonymous_379)
FNDA:0,(anonymous_380)
FNDA:0,(anonymous_381)
FNDA:0,(anonymous_382)
FNDA:0,(anonymous_383)
FNDA:0,(anonymous_384)
FNDA:0,(anonymous_385)
FNDA:0,(anonymous_386)
FNDA:0,(anonymous_387)
FNDA:0,(anonymous_388)
FNDA:0,(anonymous_389)
FNDA:0,(anonymous_390)
FNDA:0,(anonymous_391)
FNDA:0,(anonymous_392)
FNDA:0,(anonymous_393)
FNDA:0,(anonymous_394)
FNDA:0,(anonymous_395)
FNDA:0,Zb
FNDA:0,(anonymous_397)
FNDA:0,(anonymous_398)
FNDA:0,(anonymous_399)
FNDA:0,(anonymous_400)
FNDA:0,(anonymous_401)
FNDA:0,(anonymous_402)
FNDA:0,(anonymous_403)
FNDA:0,(anonymous_404)
FNDA:0,(anonymous_405)
FNDA:0,fc
FNDA:0,(anonymous_407)
FNDA:0,gc
FNDA:0,hc
FNDA:0,ic
FNDA:0,(anonymous_411)
FNDA:0,(anonymous_412)
FNDA:0,(anonymous_413)
FNDA:0,(anonymous_414)
FNDA:0,(anonymous_415)
FNDA:0,(anonymous_416)
FNDA:0,jc
FNDA:0,kc
FNDA:0,(anonymous_419)
FNDA:0,(anonymous_420)
FNDA:0,(anonymous_421)
FNDA:0,(anonymous_422)
FNDA:0,(anonymous_423)
FNDA:0,(anonymous_424)
FNDA:0,(anonymous_425)
FNDA:0,(anonymous_426)
FNDA:0,(anonymous_427)
FNDA:0,(anonymous_428)
FNDA:0,(anonymous_429)
FNDA:0,(anonymous_430)
FNDA:0,(anonymous_431)
FNDA:0,(anonymous_432)
FNDA:0,(anonymous_433)
FNDA:0,(anonymous_434)
FNDA:0,(anonymous_435)
FNDA:0,(anonymous_436)
FNDA:0,(anonymous_437)
FNDA:0,(anonymous_438)
FNDA:0,(anonymous_439)
FNDA:0,(anonymous_440)
FNDA:0,(anonymous_441)
FNDA:0,(anonymous_442)
FNDA:0,(anonymous_443)
FNDA:0,(anonymous_444)
FNDA:0,(anonymous_445)
FNDA:0,(anonymous_446)
FNDA:0,(anonymous_447)
FNDA:0,(anonymous_448)
FNDA:0,(anonymous_449)
FNDA:0,(anonymous_450)
FNDA:0,(anonymous_451)
FNDA:0,(anonymous_452)
FNDA:0,(anonymous_453)
FNDA:0,(anonymous_454)
FNDA:0,(anonymous_455)
FNDA:0,(anonymous_456)
FNDA:0,(anonymous_457)
FNDA:0,(anonymous_458)
FNDA:0,(anonymous_459)
FNDA:0,(anonymous_460)
FNDA:0,(anonymous_461)
FNDA:0,(anonymous_462)
FNDA:0,(anonymous_463)
FNDA:0,(anonymous_464)
FNDA:0,(anonymous_465)
FNDA:0,(anonymous_466)
FNDA:0,(anonymous_467)
FNDA:0,(anonymous_468)
FNDA:0,(anonymous_469)
FNDA:0,(anonymous_470)
FNDA:0,(anonymous_471)
FNDA:0,(anonymous_472)
FNDA:0,(anonymous_473)
FNDA:0,(anonymous_474)
FNDA:0,(anonymous_475)
FNDA:0,(anonymous_476)
FNDA:0,(anonymous_477)
FNDA:0,(anonymous_478)
FNDA:0,(anonymous_479)
FNDA:0,(anonymous_480)
FNDA:0,(anonymous_481)
FNDA:0,(anonymous_482)
FNDA:0,(anonymous_483)
FNDA:0,(anonymous_484)
FNDA:0,(anonymous_485)
FNDA:0,(anonymous_486)
FNDA:0,(anonymous_487)
FNDA:0,(anonymous_488)
FNDA:0,(anonymous_489)
FNDA:0,(anonymous_490)
FNDA:0,(anonymous_491)
FNDA:0,(anonymous_492)
FNDA:0,(anonymous_493)
FNDA:0,(anonymous_494)
FNDA:0,(anonymous_495)
FNDA:0,(anonymous_496)
FNDA:0,(anonymous_497)
FNDA:0,(anonymous_498)
FNDA:0,(anonymous_499)
FNDA:0,(anonymous_500)
FNDA:0,(anonymous_501)
FNDA:0,Lc
FNDA:0,(anonymous_503)
FNDA:0,Mc
FNDA:0,g
FNDA:0,(anonymous_506)
FNDA:0,Nc
FNDA:0,Oc
FNDA:0,Pc
FNDA:0,(anonymous_510)
FNDA:0,(anonymous_511)
FNDA:0,(anonymous_512)
FNDA:0,(anonymous_513)
FNDA:0,(anonymous_514)
FNDA:0,(anonymous_515)
FNDA:0,(anonymous_516)
FNDA:0,(anonymous_517)
FNDA:0,(anonymous_518)
FNDA:0,x
FNDA:0,(anonymous_520)
FNDA:0,(anonymous_521)
FNDA:0,(anonymous_522)
FNDA:0,(anonymous_523)
FNDA:0,(anonymous_524)
FNDA:0,(anonymous_525)
FNDA:0,(anonymous_526)
FNDA:0,(anonymous_527)
FNDA:0,(anonymous_528)
FNDA:0,(anonymous_529)
FNDA:0,(anonymous_530)
FNDA:0,(anonymous_531)
FNDA:0,(anonymous_532)
FNDA:0,(anonymous_533)
FNDA:0,(anonymous_534)
FNDA:0,(anonymous_535)
FNDA:0,(anonymous_536)
FNDA:0,Vc
FNDA:0,(anonymous_538)
FNDA:0,(anonymous_539)
FNDA:0,(anonymous_540)
FNDA:0,(anonymous_541)
FNDA:0,(anonymous_542)
FNDA:0,(anonymous_543)
FNDA:0,(anonymous_544)
FNDA:0,(anonymous_545)
FNDA:0,(anonymous_546)
FNDA:0,(anonymous_547)
FNDA:0,(anonymous_548)
FNDA:0,(anonymous_549)
FNDA:0,(anonymous_550)
FNDA:0,(anonymous_551)
FNDA:0,(anonymous_552)
FNDA:0,(anonymous_553)
FNDA:0,Zc
FNDA:0,$c
FNDA:0,(anonymous_556)
FNDA:0,(anonymous_557)
FNDA:0,(anonymous_558)
FNDA:0,(anonymous_559)
FNDA:0,(anonymous_560)
FNDA:0,(anonymous_561)
FNDA:0,(anonymous_562)
FNDA:0,(anonymous_563)
FNDA:0,(anonymous_564)
FNDA:0,(anonymous_565)
FNDA:0,(anonymous_566)
FNDA:0,(anonymous_567)
FNDA:0,(anonymous_568)
FNDA:0,(anonymous_569)
FNDA:0,(anonymous_570)
FNDA:0,(anonymous_571)
FNDA:0,(anonymous_572)
FNDA:0,(anonymous_573)
FNDA:0,(anonymous_574)
FNDA:0,dd
FNDA:0,(anonymous_576)
FNDA:0,(anonymous_577)
FNDA:0,(anonymous_578)
FNDA:0,(anonymous_579)
FNDA:0,(anonymous_580)
FNDA:0,(anonymous_581)
FNDA:0,(anonymous_582)
FNDA:0,(anonymous_583)
FNDA:0,(anonymous_584)
FNDA:0,(anonymous_585)
FNDA:0,(anonymous_586)
FNDA:0,(anonymous_587)
FNDA:0,(anonymous_588)
FNDA:0,(anonymous_589)
FNDA:0,(anonymous_590)
FNDA:0,(anonymous_591)
FNDA:0,(anonymous_592)
FNDA:0,(anonymous_593)
DA:2,0
DA:3,0
DA:4,0
LF:3
LH:0
BRDA:2,1,0,0
BRDA:2,1,1,0
BRDA:2,2,0,0
BRDA:2,2,1,0
BRDA:2,3,0,0
BRDA:2,3,1,0
BRDA:2,4,0,0
BRDA:2,4,1,0
BRDA:2,5,0,0
BRDA:2,5,1,0
BRDA:2,6,0,0
BRDA:2,6,1,0
BRDA:2,7,0,0
BRDA:2,7,1,0
BRDA:2,8,0,0
BRDA:2,8,1,0
BRDA:2,9,0,0
BRDA:2,9,1,0
BRDA:2,10,0,0
BRDA:2,10,1,0
BRDA:2,11,0,0
BRDA:2,11,1,0
BRDA:2,12,0,0
BRDA:2,12,1,0
BRDA:2,13,0,0
BRDA:2,13,1,0
BRDA:2,14,0,0
BRDA:2,14,1,0
BRDA:2,15,0,0
BRDA:2,15,1,0
BRDA:2,16,0,0
BRDA:2,16,1,0
BRDA:2,16,2,0
BRDA:2,16,3,0
BRDA:2,17,0,0
BRDA:2,17,1,0
BRDA:2,18,0,0
BRDA:2,18,1,0
BRDA:2,19,0,0
BRDA:2,19,1,0
BRDA:2,20,0,0
BRDA:2,20,1,0
BRDA:2,21,0,0
BRDA:2,21,1,0
BRDA:2,22,0,0
BRDA:2,22,1,0
BRDA:2,23,0,0
BRDA:2,23,1,0
BRDA:2,24,0,0
BRDA:2,24,1,0
BRDA:2,25,0,0
BRDA:2,25,1,0
BRDA:2,26,0,0
BRDA:2,26,1,0
BRDA:2,27,0,0
BRDA:2,27,1,0
BRDA:2,27,2,0
BRDA:2,27,3,0
BRDA:2,28,0,0
BRDA:2,28,1,0
BRDA:2,29,0,0
BRDA:2,29,1,0
BRDA:2,29,2,0
BRDA:2,30,0,0
BRDA:2,30,1,0
BRDA:2,31,0,0
BRDA:2,31,1,0
BRDA:2,32,0,0
BRDA:2,32,1,0
BRDA:2,33,0,0
BRDA:2,33,1,0
BRDA:2,34,0,0
BRDA:2,34,1,0
BRDA:2,35,0,0
BRDA:2,35,1,0
BRDA:2,36,0,0
BRDA:2,36,1,0
BRDA:2,36,2,0
BRDA:2,37,0,0
BRDA:2,37,1,0
BRDA:2,38,0,0
BRDA:2,38,1,0
BRDA:2,39,0,0
BRDA:2,39,1,0
BRDA:2,40,0,0
BRDA:2,40,1,0
BRDA:2,41,0,0
BRDA:2,41,1,0
BRDA:2,42,0,0
BRDA:2,42,1,0
BRDA:2,43,0,0
BRDA:2,43,1,0
BRDA:2,44,0,0
BRDA:2,44,1,0
BRDA:2,45,0,0
BRDA:2,45,1,0
BRDA:2,46,0,0
BRDA:2,46,1,0
BRDA:2,47,0,0
BRDA:2,47,1,0
BRDA:2,48,0,0
BRDA:2,48,1,0
BRDA:2,49,0,0
BRDA:2,49,1,0
BRDA:2,50,0,0
BRDA:2,50,1,0
BRDA:2,51,0,0
BRDA:2,51,1,0
BRDA:2,52,0,0
BRDA:2,52,1,0
BRDA:2,53,0,0
BRDA:2,53,1,0
BRDA:2,54,0,0
BRDA:2,54,1,0
BRDA:2,55,0,0
BRDA:2,55,1,0
BRDA:2,56,0,0
BRDA:2,56,1,0
BRDA:2,57,0,0
BRDA:2,57,1,0
BRDA:2,58,0,0
BRDA:2,58,1,0
BRDA:2,59,0,0
BRDA:2,59,1,0
BRDA:2,60,0,0
BRDA:2,60,1,0
BRDA:2,61,0,0
BRDA:2,61,1,0
BRDA:2,62,0,0
BRDA:2,62,1,0
BRDA:2,63,0,0
BRDA:2,63,1,0
BRDA:2,64,0,0
BRDA:2,64,1,0
BRDA:2,65,0,0
BRDA:2,65,1,0
BRDA:2,66,0,0
BRDA:2,66,1,0
BRDA:2,67,0,0
BRDA:2,67,1,0
BRDA:2,68,0,0
BRDA:2,68,1,0
BRDA:2,68,2,0
BRDA:2,68,3,0
BRDA:2,68,4,0
BRDA:2,69,0,0
BRDA:2,69,1,0
BRDA:2,70,0,0
BRDA:2,70,1,0
BRDA:2,71,0,0
BRDA:2,71,1,0
BRDA:2,72,0,0
BRDA:2,72,1,0
BRDA:2,73,0,0
BRDA:2,73,1,0
BRDA:2,74,0,0
BRDA:2,74,1,0
BRDA:2,75,0,0
BRDA:2,75,1,0
BRDA:2,76,0,0
BRDA:2,76,1,0
BRDA:2,77,0,0
BRDA:2,77,1,0
BRDA:2,78,0,0
BRDA:2,78,1,0
BRDA:2,79,0,0
BRDA:2,79,1,0
BRDA:2,80,0,0
BRDA:2,80,1,0
BRDA:2,81,0,0
BRDA:2,81,1,0
BRDA:2,81,2,0
BRDA:2,81,3,0
BRDA:2,81,4,0
BRDA:2,82,0,0
BRDA:2,82,1,0
BRDA:2,83,0,0
BRDA:2,83,1,0
BRDA:2,84,0,0
BRDA:2,84,1,0
BRDA:2,85,0,0
BRDA:2,85,1,0
BRDA:2,86,0,0
BRDA:2,86,1,0
BRDA:2,87,0,0
BRDA:2,87,1,0
BRDA:2,88,0,0
BRDA:2,88,1,0
BRDA:2,89,0,0
BRDA:2,89,1,0
BRDA:2,90,0,0
BRDA:2,90,1,0
BRDA:2,91,0,0
BRDA:2,91,1,0
BRDA:2,92,0,0
BRDA:2,92,1,0
BRDA:2,92,2,0
BRDA:2,92,3,0
BRDA:2,93,0,0
BRDA:2,93,1,0
BRDA:2,94,0,0
BRDA:2,94,1,0
BRDA:2,95,0,0
BRDA:2,95,1,0
BRDA:2,96,0,0
BRDA:2,96,1,0
BRDA:2,97,0,0
BRDA:2,97,1,0
BRDA:2,97,2,0
BRDA:2,98,0,0
BRDA:2,98,1,0
BRDA:2,99,0,0
BRDA:2,99,1,0
BRDA:2,100,0,0
BRDA:2,100,1,0
BRDA:2,101,0,0
BRDA:2,101,1,0
BRDA:2,102,0,0
BRDA:2,102,1,0
BRDA:2,102,2,0
BRDA:2,103,0,0
BRDA:2,103,1,0
BRDA:2,104,0,0
BRDA:2,104,1,0
BRDA:2,105,0,0
BRDA:2,105,1,0
BRDA:2,106,0,0
BRDA:2,106,1,0
BRDA:2,107,0,0
BRDA:2,107,1,0
BRDA:2,108,0,0
BRDA:2,108,1,0
BRDA:2,108,2,0
BRDA:2,108,3,0
BRDA:2,109,0,0
BRDA:2,109,1,0
BRDA:2,110,0,0
BRDA:2,110,1,0
BRDA:2,111,0,0
BRDA:2,111,1,0
BRDA:2,112,0,0
BRDA:2,112,1,0
BRDA:2,113,0,0
BRDA:2,113,1,0
BRDA:2,114,0,0
BRDA:2,114,1,0
BRDA:2,115,0,0
BRDA:2,115,1,0
BRDA:2,116,0,0
BRDA:2,116,1,0
BRDA:2,116,2,0
BRDA:2,117,0,0
BRDA:2,117,1,0
BRDA:2,118,0,0
BRDA:2,118,1,0
BRDA:2,118,2,0
BRDA:2,119,0,0
BRDA:2,119,1,0
BRDA:2,120,0,0
BRDA:2,120,1,0
BRDA:2,121,0,0
BRDA:2,121,1,0
BRDA:2,122,0,0
BRDA:2,122,1,0
BRDA:2,123,0,0
BRDA:2,123,1,0
BRDA:2,124,0,0
BRDA:2,124,1,0
BRDA:2,125,0,0
BRDA:2,125,1,0
BRDA:2,125,2,0
BRDA:2,126,0,0
BRDA:2,126,1,0
BRDA:2,126,2,0
BRDA:2,127,0,0
BRDA:2,127,1,0
BRDA:2,128,0,0
BRDA:2,128,1,0
BRDA:2,129,0,0
BRDA:2,129,1,0
BRDA:2,130,0,0
BRDA:2,130,1,0
BRDA:2,131,0,0
BRDA:2,131,1,0
BRDA:2,132,0,0
BRDA:2,132,1,0
BRDA:2,133,0,0
BRDA:2,133,1,0
BRDA:2,134,0,0
BRDA:2,134,1,0
BRDA:2,135,0,0
BRDA:2,135,1,0
BRDA:2,136,0,0
BRDA:2,136,1,0
BRDA:2,137,0,0
BRDA:2,137,1,0
BRDA:2,138,0,0
BRDA:2,138,1,0
BRDA:2,139,0,0
BRDA:2,139,1,0
BRDA:2,140,0,0
BRDA:2,140,1,0
BRDA:2,141,0,0
BRDA:2,141,1,0
BRDA:2,142,0,0
BRDA:2,142,1,0
BRDA:2,143,0,0
BRDA:2,143,1,0
BRDA:2,144,0,0
BRDA:2,144,1,0
BRDA:2,145,0,0
BRDA:2,145,1,0
BRDA:2,146,0,0
BRDA:2,146,1,0
BRDA:2,147,0,0
BRDA:2,147,1,0
BRDA:2,148,0,0
BRDA:2,148,1,0
BRDA:2,149,0,0
BRDA:2,149,1,0
BRDA:2,150,0,0
BRDA:2,150,1,0
BRDA:2,151,0,0
BRDA:2,151,1,0
BRDA:2,152,0,0
BRDA:2,152,1,0
BRDA:2,153,0,0
BRDA:2,153,1,0
BRDA:2,153,2,0
BRDA:2,153,3,0
BRDA:2,153,4,0
BRDA:2,154,0,0
BRDA:2,154,1,0
BRDA:2,155,0,0
BRDA:2,155,1,0
BRDA:2,156,0,0
BRDA:2,156,1,0
BRDA:2,157,0,0
BRDA:2,157,1,0
BRDA:2,158,0,0
BRDA:2,158,1,0
BRDA:2,159,0,0
BRDA:2,159,1,0
BRDA:2,160,0,0
BRDA:2,160,1,0
BRDA:2,161,0,0
BRDA:2,161,1,0
BRDA:2,161,2,0
BRDA:2,162,0,0
BRDA:2,162,1,0
BRDA:2,163,0,0
BRDA:2,163,1,0
BRDA:2,164,0,0
BRDA:2,164,1,0
BRDA:2,165,0,0
BRDA:2,165,1,0
BRDA:2,166,0,0
BRDA:2,166,1,0
BRDA:2,167,0,0
BRDA:2,167,1,0
BRDA:2,168,0,0
BRDA:2,168,1,0
BRDA:2,169,0,0
BRDA:2,169,1,0
BRDA:2,170,0,0
BRDA:2,170,1,0
BRDA:2,171,0,0
BRDA:2,171,1,0
BRDA:2,172,0,0
BRDA:2,172,1,0
BRDA:2,173,0,0
BRDA:2,173,1,0
BRDA:2,173,2,0
BRDA:2,174,0,0
BRDA:2,174,1,0
BRDA:2,175,0,0
BRDA:2,175,1,0
BRDA:2,175,2,0
BRDA:2,176,0,0
BRDA:2,176,1,0
BRDA:2,177,0,0
BRDA:2,177,1,0
BRDA:2,177,2,0
BRDA:2,178,0,0
BRDA:2,178,1,0
BRDA:2,179,0,0
BRDA:2,179,1,0
BRDA:2,180,0,0
BRDA:2,180,1,0
BRDA:2,181,0,0
BRDA:2,181,1,0
BRDA:2,182,0,0
BRDA:2,182,1,0
BRDA:2,183,0,0
BRDA:2,183,1,0
BRDA:2,184,0,0
BRDA:2,184,1,0
BRDA:2,185,0,0
BRDA:2,185,1,0
BRDA:2,186,0,0
BRDA:2,186,1,0
BRDA:2,187,0,0
BRDA:2,187,1,0
BRDA:2,188,0,0
BRDA:2,188,1,0
BRDA:2,189,0,0
BRDA:2,189,1,0
BRDA:2,190,0,0
BRDA:2,190,1,0
BRDA:2,191,0,0
BRDA:2,191,1,0
BRDA:2,192,0,0
BRDA:2,192,1,0
BRDA:2,193,0,0
BRDA:2,193,1,0
BRDA:2,194,0,0
BRDA:2,194,1,0
BRDA:2,195,0,0
BRDA:2,195,1,0
BRDA:2,195,2,0
BRDA:2,195,3,0
BRDA:2,195,4,0
BRDA:2,195,5,0
BRDA:2,196,0,0
BRDA:2,196,1,0
BRDA:2,197,0,0
BRDA:2,197,1,0
BRDA:2,197,2,0
BRDA:2,197,3,0
BRDA:2,198,0,0
BRDA:2,198,1,0
BRDA:2,199,0,0
BRDA:2,199,1,0
BRDA:2,200,0,0
BRDA:2,200,1,0
BRDA:2,201,0,0
BRDA:2,201,1,0
BRDA:2,202,0,0
BRDA:2,202,1,0
BRDA:2,203,0,0
BRDA:2,203,1,0
BRDA:2,204,0,0
BRDA:2,204,1,0
BRDA:2,205,0,0
BRDA:2,205,1,0
BRDA:2,206,0,0
BRDA:2,206,1,0
BRDA:2,207,0,0
BRDA:2,207,1,0
BRDA:2,208,0,0
BRDA:2,208,1,0
BRDA:2,209,0,0
BRDA:2,209,1,0
BRDA:2,210,0,0
BRDA:2,210,1,0
BRDA:2,211,0,0
BRDA:2,211,1,0
BRDA:2,212,0,0
BRDA:2,212,1,0
BRDA:2,213,0,0
BRDA:2,213,1,0
BRDA:2,214,0,0
BRDA:2,214,1,0
BRDA:2,214,2,0
BRDA:2,215,0,0
BRDA:2,215,1,0
BRDA:2,216,0,0
BRDA:2,216,1,0
BRDA:2,217,0,0
BRDA:2,217,1,0
BRDA:2,218,0,0
BRDA:2,218,1,0
BRDA:2,218,2,0
BRDA:2,218,3,0
BRDA:2,219,0,0
BRDA:2,219,1,0
BRDA:2,220,0,0
BRDA:2,220,1,0
BRDA:2,221,0,0
BRDA:2,221,1,0
BRDA:2,222,0,0
BRDA:2,222,1,0
BRDA:2,223,0,0
BRDA:2,223,1,0
BRDA:2,224,0,0
BRDA:2,224,1,0
BRDA:2,225,0,0
BRDA:2,225,1,0
BRDA:2,226,0,0
BRDA:2,226,1,0
BRDA:2,227,0,0
BRDA:2,227,1,0
BRDA:2,228,0,0
BRDA:2,228,1,0
BRDA:2,229,0,0
BRDA:2,229,1,0
BRDA:2,230,0,0
BRDA:2,230,1,0
BRDA:2,230,2,0
BRDA:2,231,0,0
BRDA:2,231,1,0
BRDA:2,231,2,0
BRDA:2,231,3,0
BRDA:2,231,4,0
BRDA:2,232,0,0
BRDA:2,232,1,0
BRDA:2,233,0,0
BRDA:2,233,1,0
BRDA:2,234,0,0
BRDA:2,234,1,0
BRDA:2,234,2,0
BRDA:2,235,0,0
BRDA:2,235,1,0
BRDA:2,235,2,0
BRDA:2,235,3,0
BRDA:2,235,4,0
BRDA:2,236,0,0
BRDA:2,236,1,0
BRDA:2,237,0,0
BRDA:2,237,1,0
BRDA:2,238,0,0
BRDA:2,238,1,0
BRDA:2,239,0,0
BRDA:2,239,1,0
BRDA:2,240,0,0
BRDA:2,240,1,0
BRDA:2,241,0,0
BRDA:2,241,1,0
BRDA:2,242,0,0
BRDA:2,242,1,0
BRDA:2,243,0,0
BRDA:2,243,1,0
BRDA:2,244,0,0
BRDA:2,244,1,0
BRDA:2,245,0,0
BRDA:2,245,1,0
BRDA:2,246,0,0
BRDA:2,246,1,0
BRDA:2,247,0,0
BRDA:2,247,1,0
BRDA:2,248,0,0
BRDA:2,248,1,0
BRDA:2,249,0,0
BRDA:2,249,1,0
BRDA:2,250,0,0
BRDA:2,250,1,0
BRDA:2,251,0,0
BRDA:2,251,1,0
BRDA:2,252,0,0
BRDA:2,252,1,0
BRDA:2,253,0,0
BRDA:2,253,1,0
BRDA:2,254,0,0
BRDA:2,254,1,0
BRDA:2,255,0,0
BRDA:2,255,1,0
BRDA:2,256,0,0
BRDA:2,256,1,0
BRDA:2,257,0,0
BRDA:2,257,1,0
BRDA:2,258,0,0
BRDA:2,258,1,0
BRDA:2,258,2,0
BRDA:2,259,0,0
BRDA:2,259,1,0
BRDA:2,260,0,0
BRDA:2,260,1,0
BRDA:2,261,0,0
BRDA:2,261,1,0
BRDA:2,262,0,0
BRDA:2,262,1,0
BRDA:2,263,0,0
BRDA:2,263,1,0
BRDA:2,264,0,0
BRDA:2,264,1,0
BRDA:2,265,0,0
BRDA:2,265,1,0
BRDA:2,266,0,0
BRDA:2,266,1,0
BRDA:2,267,0,0
BRDA:2,267,1,0
BRDA:2,267,2,0
BRDA:2,267,3,0
BRDA:2,267,4,0
BRDA:2,268,0,0
BRDA:2,268,1,0
BRDA:2,269,0,0
BRDA:2,269,1,0
BRDA:2,269,2,0
BRDA:2,270,0,0
BRDA:2,270,1,0
BRDA:2,271,0,0
BRDA:2,271,1,0
BRDA:2,271,2,0
BRDA:2,272,0,0
BRDA:2,272,1,0
BRDA:2,273,0,0
BRDA:2,273,1,0
BRDA:2,273,2,0
BRDA:2,273,3,0
BRDA:2,273,4,0
BRDA:2,274,0,0
BRDA:2,274,1,0
BRDA:2,275,0,0
BRDA:2,275,1,0
BRDA:2,275,2,0
BRDA:2,276,0,0
BRDA:2,276,1,0
BRDA:2,277,0,0
BRDA:2,277,1,0
BRDA:2,278,0,0
BRDA:2,278,1,0
BRDA:2,279,0,0
BRDA:2,279,1,0
BRDA:2,279,2,0
BRDA:2,280,0,0
BRDA:2,280,1,0
BRDA:2,280,2,0
BRDA:2,281,0,0
BRDA:2,281,1,0
BRDA:2,282,0,0
BRDA:2,282,1,0
BRDA:2,283,0,0
BRDA:2,283,1,0
BRDA:2,284,0,0
BRDA:2,284,1,0
BRDA:2,285,0,0
BRDA:2,285,1,0
BRDA:2,286,0,0
BRDA:2,286,1,0
BRDA:2,286,2,0
BRDA:2,287,0,0
BRDA:2,287,1,0
BRDA:2,288,0,0
BRDA:2,288,1,0
BRDA:2,289,0,0
BRDA:2,289,1,0
BRDA:2,290,0,0
BRDA:2,290,1,0
BRDA:2,291,0,0
BRDA:2,291,1,0
BRDA:2,292,0,0
BRDA:2,292,1,0
BRDA:2,293,0,0
BRDA:2,293,1,0
BRDA:2,294,0,0
BRDA:2,294,1,0
BRDA:2,295,0,0
BRDA:2,295,1,0
BRDA:2,296,0,0
BRDA:2,296,1,0
BRDA:2,296,2,0
BRDA:2,296,3,0
BRDA:2,297,0,0
BRDA:2,297,1,0
BRDA:2,297,2,0
BRDA:2,298,0,0
BRDA:2,298,1,0
BRDA:2,298,2,0
BRDA:2,298,3,0
BRDA:2,299,0,0
BRDA:2,299,1,0
BRDA:2,300,0,0
BRDA:2,300,1,0
BRDA:2,301,0,0
BRDA:2,301,1,0
BRDA:2,301,2,0
BRDA:2,302,0,0
BRDA:2,302,1,0
BRDA:2,302,2,0
BRDA:2,302,3,0
BRDA:2,303,0,0
BRDA:2,303,1,0
BRDA:2,304,0,0
BRDA:2,304,1,0
BRDA:2,305,0,0
BRDA:2,305,1,0
BRDA:2,306,0,0
BRDA:2,306,1,0
BRDA:2,306,2,0
BRDA:2,307,0,0
BRDA:2,307,1,0
BRDA:2,308,0,0
BRDA:2,308,1,0
BRDA:2,309,0,0
BRDA:2,309,1,0
BRDA:2,310,0,0
BRDA:2,310,1,0
BRDA:2,310,2,0
BRDA:2,310,3,0
BRDA:2,311,0,0
BRDA:2,311,1,0
BRDA:2,312,0,0
BRDA:2,312,1,0
BRDA:2,313,0,0
BRDA:2,313,1,0
BRDA:2,314,0,0
BRDA:2,314,1,0
BRDA:2,315,0,0
BRDA:2,315,1,0
BRDA:2,316,0,0
BRDA:2,316,1,0
BRDA:2,317,0,0
BRDA:2,317,1,0
BRDA:2,318,0,0
BRDA:2,318,1,0
BRDA:2,319,0,0
BRDA:2,319,1,0
BRDA:2,320,0,0
BRDA:2,320,1,0
BRDA:2,320,2,0
BRDA:2,321,0,0
BRDA:2,321,1,0
BRDA:2,322,0,0
BRDA:2,322,1,0
BRDA:2,323,0,0
BRDA:2,323,1,0
BRDA:2,324,0,0
BRDA:2,324,1,0
BRDA:2,325,0,0
BRDA:2,325,1,0
BRDA:2,325,2,0
BRDA:2,326,0,0
BRDA:2,326,1,0
BRDA:2,327,0,0
BRDA:2,327,1,0
BRDA:2,328,0,0
BRDA:2,328,1,0
BRDA:2,329,0,0
BRDA:2,329,1,0
BRDA:2,329,2,0
BRDA:2,329,3,0
BRDA:2,330,0,0
BRDA:2,330,1,0
BRDA:2,331,0,0
BRDA:2,331,1,0
BRDA:2,331,2,0
BRDA:2,332,0,0
BRDA:2,332,1,0
BRDA:2,332,2,0
BRDA:2,333,0,0
BRDA:2,333,1,0
BRDA:2,334,0,0
BRDA:2,334,1,0
BRDA:2,335,0,0
BRDA:2,335,1,0
BRDA:2,336,0,0
BRDA:2,336,1,0
BRDA:2,337,0,0
BRDA:2,337,1,0
BRDA:2,337,2,0
BRDA:2,338,0,0
BRDA:2,338,1,0
BRDA:2,339,0,0
BRDA:2,339,1,0
BRDA:2,340,0,0
BRDA:2,340,1,0
BRDA:2,341,0,0
BRDA:2,341,1,0
BRDA:2,342,0,0
BRDA:2,342,1,0
BRDA:2,343,0,0
BRDA:2,343,1,0
BRDA:2,344,0,0
BRDA:2,344,1,0
BRDA:2,345,0,0
BRDA:2,345,1,0
BRDA:2,346,0,0
BRDA:2,346,1,0
BRDA:2,347,0,0
BRDA:2,347,1,0
BRDA:2,348,0,0
BRDA:2,348,1,0
BRDA:2,349,0,0
BRDA:2,349,1,0
BRDA:2,350,0,0
BRDA:2,350,1,0
BRDA:2,351,0,0
BRDA:2,351,1,0
BRDA:2,351,2,0
BRDA:2,352,0,0
BRDA:2,352,1,0
BRDA:2,353,0,0
BRDA:2,353,1,0
BRDA:2,354,0,0
BRDA:2,354,1,0
BRDA:2,355,0,0
BRDA:2,355,1,0
BRDA:2,356,0,0
BRDA:2,356,1,0
BRDA:2,357,0,0
BRDA:2,357,1,0
BRDA:2,358,0,0
BRDA:2,358,1,0
BRDA:2,359,0,0
BRDA:2,359,1,0
BRDA:2,360,0,0
BRDA:2,360,1,0
BRDA:2,361,0,0
BRDA:2,361,1,0
BRDA:2,362,0,0
BRDA:2,362,1,0
BRDA:2,363,0,0
BRDA:2,363,1,0
BRDA:2,364,0,0
BRDA:2,364,1,0
BRDA:2,365,0,0
BRDA:2,365,1,0
BRDA:2,365,2,0
BRDA:2,366,0,0
BRDA:2,366,1,0
BRDA:2,367,0,0
BRDA:2,367,1,0
BRDA:2,368,0,0
BRDA:2,368,1,0
BRDA:2,369,0,0
BRDA:2,369,1,0
BRDA:2,370,0,0
BRDA:2,370,1,0
BRDA:2,371,0,0
BRDA:2,371,1,0
BRDA:2,372,0,0
BRDA:2,372,1,0
BRDA:2,373,0,0
BRDA:2,373,1,0
BRDA:2,374,0,0
BRDA:2,374,1,0
BRDA:2,375,0,0
BRDA:2,375,1,0
BRDA:2,376,0,0
BRDA:2,376,1,0
BRDA:2,377,0,0
BRDA:2,377,1,0
BRDA:2,378,0,0
BRDA:2,378,1,0
BRDA:2,379,0,0
BRDA:2,379,1,0
BRDA:2,380,0,0
BRDA:2,380,1,0
BRDA:2,381,0,0
BRDA:2,381,1,0
BRDA:2,381,2,0
BRDA:2,382,0,0
BRDA:2,382,1,0
BRDA:2,382,2,0
BRDA:2,382,3,0
BRDA:2,382,4,0
BRDA:2,383,0,0
BRDA:2,383,1,0
BRDA:2,384,0,0
BRDA:2,384,1,0
BRDA:2,385,0,0
BRDA:2,385,1,0
BRDA:2,386,0,0
BRDA:2,386,1,0
BRDA:2,387,0,0
BRDA:2,387,1,0
BRDA:2,388,0,0
BRDA:2,388,1,0
BRDA:2,389,0,0
BRDA:2,389,1,0
BRDA:2,390,0,0
BRDA:2,390,1,0
BRDA:2,391,0,0
BRDA:2,391,1,0
BRDA:2,392,0,0
BRDA:2,392,1,0
BRDA:2,393,0,0
BRDA:2,393,1,0
BRDA:2,394,0,0
BRDA:2,394,1,0
BRDA:2,394,2,0
BRDA:2,394,3,0
BRDA:2,394,4,0
BRDA:2,394,5,0
BRDA:2,395,0,0
BRDA:2,395,1,0
BRDA:2,396,0,0
BRDA:2,396,1,0
BRDA:2,397,0,0
BRDA:2,397,1,0
BRDA:2,398,0,0
BRDA:2,398,1,0
BRDA:2,399,0,0
BRDA:2,399,1,0
BRDA:2,400,0,0
BRDA:2,400,1,0
BRDA:2,401,0,0
BRDA:2,401,1,0
BRDA:2,402,0,0
BRDA:2,402,1,0
BRDA:2,402,2,0
BRDA:2,403,0,0
BRDA:2,403,1,0
BRDA:2,404,0,0
BRDA:2,404,1,0
BRDA:2,405,0,0
BRDA:2,405,1,0
BRDA:2,406,0,0
BRDA:2,406,1,0
BRDA:2,406,2,0
BRDA:2,407,0,0
BRDA:2,407,1,0
BRDA:2,408,0,0
BRDA:2,408,1,0
BRDA:2,409,0,0
BRDA:2,409,1,0
BRDA:2,410,0,0
BRDA:2,410,1,0
BRDA:2,410,2,0
BRDA:2,411,0,0
BRDA:2,411,1,0
BRDA:2,412,0,0
BRDA:2,412,1,0
BRDA:2,413,0,0
BRDA:2,413,1,0
BRDA:2,414,0,0
BRDA:2,414,1,0
BRDA:2,415,0,0
BRDA:2,415,1,0
BRDA:2,416,0,0
BRDA:2,416,1,0
BRDA:2,417,0,0
BRDA:2,417,1,0
BRDA:2,418,0,0
BRDA:2,418,1,0
BRDA:2,419,0,0
BRDA:2,419,1,0
BRDA:2,420,0,0
BRDA:2,420,1,0
BRDA:2,421,0,0
BRDA:2,421,1,0
BRDA:2,422,0,0
BRDA:2,422,1,0
BRDA:2,423,0,0
BRDA:2,423,1,0
BRDA:2,424,0,0
BRDA:2,424,1,0
BRDA:2,425,0,0
BRDA:2,425,1,0
BRDA:2,426,0,0
BRDA:2,426,1,0
BRDA:2,427,0,0
BRDA:2,427,1,0
BRDA:2,428,0,0
BRDA:2,428,1,0
BRDA:2,429,0,0
BRDA:2,429,1,0
BRDA:2,430,0,0
BRDA:2,430,1,0
BRDA:2,431,0,0
BRDA:2,431,1,0
BRDA:2,432,0,0
BRDA:2,432,1,0
BRDA:2,433,0,0
BRDA:2,433,1,0
BRDA:2,434,0,0
BRDA:2,434,1,0
BRDA:2,435,0,0
BRDA:2,435,1,0
BRDA:2,436,0,0
BRDA:2,436,1,0
BRDA:2,437,0,0
BRDA:2,437,1,0
BRDA:2,438,0,0
BRDA:2,438,1,0
BRDA:2,439,0,0
BRDA:2,439,1,0
BRDA:2,439,2,0
BRDA:2,440,0,0
BRDA:2,440,1,0
BRDA:2,440,2,0
BRDA:2,441,0,0
BRDA:2,441,1,0
BRDA:2,442,0,0
BRDA:2,442,1,0
BRDA:2,443,0,0
BRDA:2,443,1,0
BRDA:2,444,0,0
BRDA:2,444,1,0
BRDA:2,445,0,0
BRDA:2,445,1,0
BRDA:2,446,0,0
BRDA:2,446,1,0
BRDA:2,447,0,0
BRDA:2,447,1,0
BRDA:2,448,0,0
BRDA:2,448,1,0
BRDA:2,449,0,0
BRDA:2,449,1,0
BRDA:2,450,0,0
BRDA:2,450,1,0
BRDA:2,451,0,0
BRDA:2,451,1,0
BRDA:2,452,0,0
BRDA:2,452,1,0
BRDA:2,453,0,0
BRDA:2,453,1,0
BRDA:2,454,0,0
BRDA:2,454,1,0
BRDA:2,455,0,0
BRDA:2,455,1,0
BRDA:2,456,0,0
BRDA:2,456,1,0
BRDA:2,457,0,0
BRDA:2,457,1,0
BRDA:2,458,0,0
BRDA:2,458,1,0
BRDA:2,459,0,0
BRDA:2,459,1,0
BRDA:2,459,2,0
BRDA:2,459,3,0
BRDA:2,459,4,0
BRDA:2,460,0,0
BRDA:2,460,1,0
BRDA:2,461,0,0
BRDA:2,461,1,0
BRDA:2,461,2,0
BRDA:2,462,0,0
BRDA:2,462,1,0
BRDA:2,463,0,0
BRDA:2,463,1,0
BRDA:2,464,0,0
BRDA:2,464,1,0
BRDA:2,465,0,0
BRDA:2,465,1,0
BRDA:2,466,0,0
BRDA:2,466,1,0
BRDA:2,467,0,0
BRDA:2,467,1,0
BRDA:2,468,0,0
BRDA:2,468,1,0
BRDA:2,469,0,0
BRDA:2,469,1,0
BRDA:2,470,0,0
BRDA:2,470,1,0
BRDA:2,471,0,0
BRDA:2,471,1,0
BRDA:2,472,0,0
BRDA:2,472,1,0
BRDA:2,473,0,0
BRDA:2,473,1,0
BRDA:2,474,0,0
BRDA:2,474,1,0
BRDA:2,475,0,0
BRDA:2,475,1,0
BRDA:2,476,0,0
BRDA:2,476,1,0
BRDA:2,477,0,0
BRDA:2,477,1,0
BRDA:2,478,0,0
BRDA:2,478,1,0
BRDA:2,479,0,0
BRDA:2,479,1,0
BRDA:2,480,0,0
BRDA:2,480,1,0
BRDA:2,481,0,0
BRDA:2,481,1,0
BRDA:2,482,0,0
BRDA:2,482,1,0
BRDA:2,482,2,0
BRDA:2,483,0,0
BRDA:2,483,1,0
BRDA:2,484,0,0
BRDA:2,484,1,0
BRDA:2,485,0,0
BRDA:2,485,1,0
BRDA:2,486,0,0
BRDA:2,486,1,0
BRDA:2,487,0,0
BRDA:2,487,1,0
BRDA:2,488,0,0
BRDA:2,488,1,0
BRDA:2,489,0,0
BRDA:2,489,1,0
BRDA:2,490,0,0
BRDA:2,490,1,0
BRDA:2,491,0,0
BRDA:2,491,1,0
BRDA:2,492,0,0
BRDA:2,492,1,0
BRDA:2,493,0,0
BRDA:2,493,1,0
BRDA:2,494,0,0
BRDA:2,494,1,0
BRDA:2,495,0,0
BRDA:2,495,1,0
BRDA:2,496,0,0
BRDA:2,496,1,0
BRDA:2,497,0,0
BRDA:2,497,1,0
BRDA:2,498,0,0
BRDA:2,498,1,0
BRDA:2,499,0,0
BRDA:2,499,1,0
BRDA:2,499,2,0
BRDA:2,500,0,0
BRDA:2,500,1,0
BRDA:2,500,2,0
BRDA:2,500,3,0
BRDA:2,501,0,0
BRDA:2,501,1,0
BRDA:2,502,0,0
BRDA:2,502,1,0
BRDA:2,503,0,0
BRDA:2,503,1,0
BRDA:2,504,0,0
BRDA:2,504,1,0
BRDA:2,505,0,0
BRDA:2,505,1,0
BRDA:2,506,0,0
BRDA:2,506,1,0
BRDA:2,507,0,0
BRDA:2,507,1,0
BRDA:2,508,0,0
BRDA:2,508,1,0
BRDA:2,509,0,0
BRDA:2,509,1,0
BRDA:2,510,0,0
BRDA:2,510,1,0
BRDA:2,510,2,0
BRDA:2,510,3,0
BRDA:2,511,0,0
BRDA:2,511,1,0
BRDA:2,512,0,0
BRDA:2,512,1,0
BRDA:2,513,0,0
BRDA:2,513,1,0
BRDA:2,514,0,0
BRDA:2,514,1,0
BRDA:2,515,0,0
BRDA:2,515,1,0
BRDA:2,516,0,0
BRDA:2,516,1,0
BRDA:2,517,0,0
BRDA:2,517,1,0
BRDA:2,518,0,0
BRDA:2,518,1,0
BRDA:2,519,0,0
BRDA:2,519,1,0
BRDA:2,520,0,0
BRDA:2,520,1,0
BRDA:2,521,0,0
BRDA:2,521,1,0
BRDA:2,522,0,0
BRDA:2,522,1,0
BRDA:2,523,0,0
BRDA:2,523,1,0
BRDA:2,524,0,0
BRDA:2,524,1,0
BRDA:2,525,0,0
BRDA:2,525,1,0
BRDA:2,525,2,0
BRDA:2,526,0,0
BRDA:2,526,1,0
BRDA:2,527,0,0
BRDA:2,527,1,0
BRDA:2,528,0,0
BRDA:2,528,1,0
BRDA:2,529,0,0
BRDA:2,529,1,0
BRDA:2,530,0,0
BRDA:2,530,1,0
BRDA:2,531,0,0
BRDA:2,531,1,0
BRDA:2,532,0,0
BRDA:2,532,1,0
BRDA:2,533,0,0
BRDA:2,533,1,0
BRDA:2,534,0,0
BRDA:2,534,1,0
BRDA:2,535,0,0
BRDA:2,535,1,0
BRDA:2,536,0,0
BRDA:2,536,1,0
BRDA:2,537,0,0
BRDA:2,537,1,0
BRDA:2,538,0,0
BRDA:2,538,1,0
BRDA:2,538,2,0
BRDA:2,539,0,0
BRDA:2,539,1,0
BRDA:2,540,0,0
BRDA:2,540,1,0
BRDA:2,541,0,0
BRDA:2,541,1,0
BRDA:2,541,2,0
BRDA:2,541,3,0
BRDA:2,542,0,0
BRDA:2,542,1,0
BRDA:2,543,0,0
BRDA:2,543,1,0
BRDA:2,544,0,0
BRDA:2,544,1,0
BRDA:2,545,0,0
BRDA:2,545,1,0
BRDA:2,546,0,0
BRDA:2,546,1,0
BRDA:2,546,2,0
BRDA:2,547,0,0
BRDA:2,547,1,0
BRDA:2,548,0,0
BRDA:2,548,1,0
BRDA:2,548,2,0
BRDA:2,549,0,0
BRDA:2,549,1,0
BRDA:2,550,0,0
BRDA:2,550,1,0
BRDA:2,551,0,0
BRDA:2,551,1,0
BRDA:2,552,0,0
BRDA:2,552,1,0
BRDA:2,553,0,0
BRDA:2,553,1,0
BRDA:2,554,0,0
BRDA:2,554,1,0
BRDA:2,555,0,0
BRDA:2,555,1,0
BRDA:2,555,2,0
BRDA:2,556,0,0
BRDA:2,556,1,0
BRDA:2,557,0,0
BRDA:2,557,1,0
BRDA:2,558,0,0
BRDA:2,558,1,0
BRDA:2,559,0,0
BRDA:2,559,1,0
BRDA:2,560,0,0
BRDA:2,560,1,0
BRDA:2,561,0,0
BRDA:2,561,1,0
BRDA:2,562,0,0
BRDA:2,562,1,0
BRDA:2,563,0,0
BRDA:2,563,1,0
BRDA:2,564,0,0
BRDA:2,564,1,0
BRDA:2,565,0,0
BRDA:2,565,1,0
BRDA:2,565,2,0
BRDA:3,566,0,0
BRDA:3,566,1,0
BRDA:3,567,0,0
BRDA:3,567,1,0
BRDA:3,568,0,0
BRDA:3,568,1,0
BRDA:3,569,0,0
BRDA:3,569,1,0
BRDA:3,570,0,0
BRDA:3,570,1,0
BRDA:3,571,0,0
BRDA:3,571,1,0
BRDA:3,571,2,0
BRDA:3,571,3,0
BRDA:3,571,4,0
BRDA:3,571,5,0
BRDA:3,572,0,0
BRDA:3,572,1,0
BRDA:3,573,0,0
BRDA:3,573,1,0
BRDA:3,574,0,0
BRDA:3,574,1,0
BRDA:3,575,0,0
BRDA:3,575,1,0
BRDA:3,576,0,0
BRDA:3,576,1,0
BRDA:3,577,0,0
BRDA:3,577,1,0
BRDA:3,577,2,0
BRDA:3,578,0,0
BRDA:3,578,1,0
BRDA:3,579,0,0
BRDA:3,579,1,0
BRDA:3,580,0,0
BRDA:3,580,1,0
BRDA:3,581,0,0
BRDA:3,581,1,0
BRDA:3,582,0,0
BRDA:3,582,1,0
BRDA:3,583,0,0
BRDA:3,583,1,0
BRDA:3,584,0,0
BRDA:3,584,1,0
BRDA:3,585,0,0
BRDA:3,585,1,0
BRDA:3,586,0,0
BRDA:3,586,1,0
BRDA:3,587,0,0
BRDA:3,587,1,0
BRDA:3,588,0,0
BRDA:3,588,1,0
BRDA:3,589,0,0
BRDA:3,589,1,0
BRDA:3,590,0,0
BRDA:3,590,1,0
BRDA:3,591,0,0
BRDA:3,591,1,0
BRDA:3,592,0,0
BRDA:3,592,1,0
BRDA:3,593,0,0
BRDA:3,593,1,0
BRDA:3,594,0,0
BRDA:3,594,1,0
BRDA:3,595,0,0
BRDA:3,595,1,0
BRDA:3,596,0,0
BRDA:3,596,1,0
BRDA:3,596,2,0
BRDA:3,597,0,0
BRDA:3,597,1,0
BRDA:3,598,0,0
BRDA:3,598,1,0
BRDA:3,599,0,0
BRDA:3,599,1,0
BRDA:3,600,0,0
BRDA:3,600,1,0
BRDA:3,601,0,0
BRDA:3,601,1,0
BRDA:3,602,0,0
BRDA:3,602,1,0
BRDA:3,603,0,0
BRDA:3,603,1,0
BRDA:3,604,0,0
BRDA:3,604,1,0
BRDA:3,605,0,0
BRDA:3,605,1,0
BRDA:3,606,0,0
BRDA:3,606,1,0
BRDA:3,607,0,0
BRDA:3,607,1,0
BRDA:3,608,0,0
BRDA:3,608,1,0
BRDA:3,609,0,0
BRDA:3,609,1,0
BRDA:3,610,0,0
BRDA:3,610,1,0
BRDA:3,611,0,0
BRDA:3,611,1,0
BRDA:3,612,0,0
BRDA:3,612,1,0
BRDA:3,613,0,0
BRDA:3,613,1,0
BRDA:3,614,0,0
BRDA:3,614,1,0
BRDA:3,615,0,0
BRDA:3,615,1,0
BRDA:3,616,0,0
BRDA:3,616,1,0
BRDA:3,617,0,0
BRDA:3,617,1,0
BRDA:3,618,0,0
BRDA:3,618,1,0
BRDA:3,619,0,0
BRDA:3,619,1,0
BRDA:3,620,0,0
BRDA:3,620,1,0
BRDA:3,621,0,0
BRDA:3,621,1,0
BRDA:3,622,0,0
BRDA:3,622,1,0
BRDA:3,622,2,0
BRDA:3,623,0,0
BRDA:3,623,1,0
BRDA:3,624,0,0
BRDA:3,624,1,0
BRDA:3,625,0,0
BRDA:3,625,1,0
BRDA:3,626,0,0
BRDA:3,626,1,0
BRDA:3,627,0,0
BRDA:3,627,1,0
BRDA:3,627,2,0
BRDA:3,628,0,0
BRDA:3,628,1,0
BRDA:3,629,0,0
BRDA:3,629,1,0
BRDA:3,630,0,0
BRDA:3,630,1,0
BRDA:3,631,0,0
BRDA:3,631,1,0
BRDA:3,632,0,0
BRDA:3,632,1,0
BRDA:3,632,2,0
BRDA:3,633,0,0
BRDA:3,633,1,0
BRDA:3,634,0,0
BRDA:3,634,1,0
BRDA:3,635,0,0
BRDA:3,635,1,0
BRDA:3,636,0,0
BRDA:3,636,1,0
BRDA:3,637,0,0
BRDA:3,637,1,0
BRDA:3,638,0,0
BRDA:3,638,1,0
BRDA:3,639,0,0
BRDA:3,639,1,0
BRDA:3,640,0,0
BRDA:3,640,1,0
BRDA:3,641,0,0
BRDA:3,641,1,0
BRDA:3,642,0,0
BRDA:3,642,1,0
BRDA:3,643,0,0
BRDA:3,643,1,0
BRDA:3,644,0,0
BRDA:3,644,1,0
BRDA:3,645,0,0
BRDA:3,645,1,0
BRDA:3,646,0,0
BRDA:3,646,1,0
BRDA:3,647,0,0
BRDA:3,647,1,0
BRDA:3,648,0,0
BRDA:3,648,1,0
BRDA:3,649,0,0
BRDA:3,649,1,0
BRDA:3,650,0,0
BRDA:3,650,1,0
BRDA:3,651,0,0
BRDA:3,651,1,0
BRDA:3,652,0,0
BRDA:3,652,1,0
BRDA:3,653,0,0
BRDA:3,653,1,0
BRDA:3,654,0,0
BRDA:3,654,1,0
BRDA:3,654,2,0
BRDA:3,655,0,0
BRDA:3,655,1,0
BRDA:3,656,0,0
BRDA:3,656,1,0
BRDA:3,657,0,0
BRDA:3,657,1,0
BRDA:3,658,0,0
BRDA:3,658,1,0
BRDA:3,659,0,0
BRDA:3,659,1,0
BRDA:3,660,0,0
BRDA:3,660,1,0
BRDA:3,661,0,0
BRDA:3,661,1,0
BRDA:3,662,0,0
BRDA:3,662,1,0
BRDA:3,663,0,0
BRDA:3,663,1,0
BRDA:3,664,0,0
BRDA:3,664,1,0
BRDA:3,665,0,0
BRDA:3,665,1,0
BRDA:3,666,0,0
BRDA:3,666,1,0
BRDA:3,666,2,0
BRDA:3,667,0,0
BRDA:3,667,1,0
BRDA:3,668,0,0
BRDA:3,668,1,0
BRDA:3,669,0,0
BRDA:3,669,1,0
BRDA:3,670,0,0
BRDA:3,670,1,0
BRDA:3,671,0,0
BRDA:3,671,1,0
BRDA:3,672,0,0
BRDA:3,672,1,0
BRDA:3,673,0,0
BRDA:3,673,1,0
BRDA:3,674,0,0
BRDA:3,674,1,0
BRDA:3,675,0,0
BRDA:3,675,1,0
BRDA:3,676,0,0
BRDA:3,676,1,0
BRDA:3,677,0,0
BRDA:3,677,1,0
BRDA:3,678,0,0
BRDA:3,678,1,0
BRDA:3,679,0,0
BRDA:3,679,1,0
BRDA:3,680,0,0
BRDA:3,680,1,0
BRDA:3,681,0,0
BRDA:3,681,1,0
BRDA:3,682,0,0
BRDA:3,682,1,0
BRDA:3,683,0,0
BRDA:3,683,1,0
BRDA:3,684,0,0
BRDA:3,684,1,0
BRDA:3,685,0,0
BRDA:3,685,1,0
BRDA:3,685,2,0
BRDA:3,685,3,0
BRDA:3,685,4,0
BRDA:3,685,5,0
BRDA:3,685,6,0
BRDA:3,685,7,0
BRDA:3,685,8,0
BRDA:3,685,9,0
BRDA:3,685,10,0
BRDA:3,686,0,0
BRDA:3,686,1,0
BRDA:3,687,0,0
BRDA:3,687,1,0
BRDA:3,688,0,0
BRDA:3,688,1,0
BRDA:3,688,2,0
BRDA:3,689,0,0
BRDA:3,689,1,0
BRDA:3,689,2,0
BRDA:3,690,0,0
BRDA:3,690,1,0
BRDA:3,691,0,0
BRDA:3,691,1,0
BRDA:3,692,0,0
BRDA:3,692,1,0
BRDA:3,693,0,0
BRDA:3,693,1,0
BRDA:3,694,0,0
BRDA:3,694,1,0
BRDA:3,695,0,0
BRDA:3,695,1,0
BRDA:3,696,0,0
BRDA:3,696,1,0
BRDA:3,696,2,0
BRDA:3,696,3,0
BRDA:3,697,0,0
BRDA:3,697,1,0
BRDA:3,698,0,0
BRDA:3,698,1,0
BRDA:3,699,0,0
BRDA:3,699,1,0
BRDA:3,700,0,0
BRDA:3,700,1,0
BRDA:3,701,0,0
BRDA:3,701,1,0
BRDA:3,702,0,0
BRDA:3,702,1,0
BRDA:3,703,0,0
BRDA:3,703,1,0
BRDA:3,704,0,0
BRDA:3,704,1,0
BRDA:3,705,0,0
BRDA:3,705,1,0
BRDA:3,706,0,0
BRDA:3,706,1,0
BRDA:3,706,2,0
BRDA:3,707,0,0
BRDA:3,707,1,0
BRDA:3,708,0,0
BRDA:3,708,1,0
BRDA:3,708,2,0
BRDA:3,709,0,0
BRDA:3,709,1,0
BRDA:3,710,0,0
BRDA:3,710,1,0
BRDA:3,711,0,0
BRDA:3,711,1,0
BRDA:3,711,2,0
BRDA:3,712,0,0
BRDA:3,712,1,0
BRDA:3,713,0,0
BRDA:3,713,1,0
BRDA:3,714,0,0
BRDA:3,714,1,0
BRDA:3,715,0,0
BRDA:3,715,1,0
BRDA:3,716,0,0
BRDA:3,716,1,0
BRDA:3,717,0,0
BRDA:3,717,1,0
BRDA:3,718,0,0
BRDA:3,718,1,0
BRDA:3,719,0,0
BRDA:3,719,1,0
BRDA:3,719,2,0
BRDA:3,719,3,0
BRDA:3,720,0,0
BRDA:3,720,1,0
BRDA:3,721,0,0
BRDA:3,721,1,0
BRDA:3,722,0,0
BRDA:3,722,1,0
BRDA:3,722,2,0
BRDA:3,722,3,0
BRDA:3,722,4,0
BRDA:3,722,5,0
BRDA:3,722,6,0
BRDA:3,722,7,0
BRDA:3,723,0,0
BRDA:3,723,1,0
BRDA:3,724,0,0
BRDA:3,724,1,0
BRDA:3,725,0,0
BRDA:3,725,1,0
BRDA:3,726,0,0
BRDA:3,726,1,0
BRDA:3,727,0,0
BRDA:3,727,1,0
BRDA:3,728,0,0
BRDA:3,728,1,0
BRDA:3,729,0,0
BRDA:3,729,1,0
BRDA:3,730,0,0
BRDA:3,730,1,0
BRDA:3,731,0,0
BRDA:3,731,1,0
BRDA:3,732,0,0
BRDA:3,732,1,0
BRDA:3,732,2,0
BRDA:3,733,0,0
BRDA:3,733,1,0
BRDA:3,734,0,0
BRDA:3,734,1,0
BRDA:3,735,0,0
BRDA:3,735,1,0
BRDA:3,735,2,0
BRDA:3,736,0,0
BRDA:3,736,1,0
BRDA:3,737,0,0
BRDA:3,737,1,0
BRDA:3,738,0,0
BRDA:3,738,1,0
BRDA:3,738,2,0
BRDA:3,738,3,0
BRDA:3,739,0,0
BRDA:3,739,1,0
BRDA:3,740,0,0
BRDA:3,740,1,0
BRDA:3,741,0,0
BRDA:3,741,1,0
BRDA:3,741,2,0
BRDA:3,742,0,0
BRDA:3,742,1,0
BRDA:3,743,0,0
BRDA:3,743,1,0
BRDA:3,744,0,0
BRDA:3,744,1,0
BRDA:3,745,0,0
BRDA:3,745,1,0
BRDA:3,746,0,0
BRDA:3,746,1,0
BRDA:3,747,0,0
BRDA:3,747,1,0
BRDA:3,748,0,0
BRDA:3,748,1,0
BRDA:3,749,0,0
BRDA:3,749,1,0
BRDA:3,750,0,0
BRDA:3,750,1,0
BRDA:3,751,0,0
BRDA:3,751,1,0
BRDA:3,752,0,0
BRDA:3,752,1,0
BRDA:3,753,0,0
BRDA:3,753,1,0
BRDA:3,754,0,0
BRDA:3,754,1,0
BRDA:3,755,0,0
BRDA:3,755,1,0
BRDA:3,756,0,0
BRDA:3,756,1,0
BRDA:3,757,0,0
BRDA:3,757,1,0
BRDA:3,758,0,0
BRDA:3,758,1,0
BRDA:3,758,2,0
BRDA:3,759,0,0
BRDA:3,759,1,0
BRDA:3,760,0,0
BRDA:3,760,1,0
BRDA:3,760,2,0
BRDA:3,760,3,0
BRDA:3,760,4,0
BRDA:3,761,0,0
BRDA:3,761,1,0
BRDA:3,761,2,0
BRDA:3,761,3,0
BRDA:3,761,4,0
BRDA:3,762,0,0
BRDA:3,762,1,0
BRDA:3,762,2,0
BRDA:3,762,3,0
BRDA:3,762,4,0
BRDA:3,763,0,0
BRDA:3,763,1,0
BRDA:3,763,2,0
BRDA:3,763,3,0
BRDA:3,763,4,0
BRDA:3,764,0,0
BRDA:3,764,1,0
BRDA:3,764,2,0
BRDA:3,765,0,0
BRDA:3,765,1,0
BRDA:3,766,0,0
BRDA:3,766,1,0
BRDA:3,766,2,0
BRDA:3,767,0,0
BRDA:3,767,1,0
BRDA:3,768,0,0
BRDA:3,768,1,0
BRDA:3,769,0,0
BRDA:3,769,1,0
BRDA:3,770,0,0
BRDA:3,770,1,0
BRDA:3,771,0,0
BRDA:3,771,1,0
BRDA:3,772,0,0
BRDA:3,772,1,0
BRDA:3,773,0,0
BRDA:3,773,1,0
BRDA:3,774,0,0
BRDA:3,774,1,0
BRDA:3,775,0,0
BRDA:3,775,1,0
BRDA:3,775,2,0
BRDA:3,776,0,0
BRDA:3,776,1,0
BRDA:3,776,2,0
BRDA:3,777,0,0
BRDA:3,777,1,0
BRDA:3,778,0,0
BRDA:3,778,1,0
BRDA:3,779,0,0
BRDA:3,779,1,0
BRDA:3,780,0,0
BRDA:3,780,1,0
BRDA:3,781,0,0
BRDA:3,781,1,0
BRDA:3,782,0,0
BRDA:3,782,1,0
[...]
BRDA:4,1410,1,0
BRDA:4,1410,2,0
BRDA:4,1410,3,0
BRDA:4,1411,0,0
BRDA:4,1411,1,0
BRDA:4,1412,0,0
BRDA:4,1412,1,0
BRDA:4,1413,0,0
BRDA:4,1413,1,0
BRDA:4,1414,0,0
BRDA:4,1414,1,0
BRDA:4,1415,0,0
BRDA:4,1415,1,0
BRDA:4,1415,2,0
BRDA:4,1415,3,0
BRDA:4,1416,0,0
BRDA:4,1416,1,0
BRDA:4,1417,0,0
BRDA:4,1417,1,0
BRDA:4,1417,2,0
BRDA:4,1418,0,0
BRDA:4,1418,1,0
BRDA:4,1419,0,0
BRDA:4,1419,1,0
BRDA:4,1420,0,0
BRDA:4,1420,1,0
BRDA:4,1421,0,0
BRDA:4,1421,1,0
BRDA:4,1422,0,0
BRDA:4,1422,1,0
BRDA:4,1423,0,0
BRDA:4,1423,1,0
BRDA:4,1424,0,0
BRDA:4,1424,1,0
BRDA:4,1425,0,0
BRDA:4,1425,1,0
BRDA:4,1426,0,0
BRDA:4,1426,1,0
BRDA:4,1427,0,0
BRDA:4,1427,1,0
BRDA:4,1427,2,0
BRDA:4,1427,3,0
BRDA:4,1427,4,0
BRDA:4,1428,0,0
BRDA:4,1428,1,0
BRDA:4,1429,0,0
BRDA:4,1429,1,0
BRDA:4,1430,0,0
BRDA:4,1430,1,0
BRDA:4,1431,0,0
BRDA:4,1431,1,0
BRDA:4,1432,0,0
BRDA:4,1432,1,0
BRDA:4,1432,2,0
BRDA:4,1433,0,0
BRDA:4,1433,1,0
BRDA:4,1434,0,0
BRDA:4,1434,1,0
BRDA:4,1435,0,0
BRDA:4,1435,1,0
BRDA:4,1435,2,0
BRDA:4,1436,0,0
BRDA:4,1436,1,0
BRDA:4,1437,0,0
BRDA:4,1437,1,0
BRDA:4,1438,0,0
BRDA:4,1438,1,0
BRDA:4,1439,0,0
BRDA:4,1439,1,0
BRDA:4,1440,0,0
BRDA:4,1440,1,0
BRDA:4,1441,0,0
BRDA:4,1441,1,0
BRDA:4,1441,2,0
BRDA:4,1442,0,0
BRDA:4,1442,1,0
BRDA:4,1443,0,0
BRDA:4,1443,1,0
BRDA:4,1444,0,0
BRDA:4,1444,1,0
BRDA:4,1445,0,0
BRDA:4,1445,1,0
BRDA:4,1446,0,0
BRDA:4,1446,1,0
BRDA:4,1447,0,0
BRDA:4,1447,1,0
BRDA:4,1448,0,0
BRDA:4,1448,1,0
BRDA:4,1449,0,0
BRDA:4,1449,1,0
BRDA:4,1450,0,0
BRDA:4,1450,1,0
BRDA:4,1450,2,0
BRDA:4,1451,0,0
BRDA:4,1451,1,0
BRDA:4,1452,0,0
BRDA:4,1452,1,0
BRDA:4,1453,0,0
BRDA:4,1453,1,0
BRDA:4,1454,0,0
BRDA:4,1454,1,0
BRDA:4,1455,0,0
BRDA:4,1455,1,0
BRDA:4,1456,0,0
BRDA:4,1456,1,0
BRDA:4,1457,0,0
BRDA:4,1457,1,0
BRDA:4,1458,0,0
BRDA:4,1458,1,0
BRDA:4,1459,0,0
BRDA:4,1459,1,0
BRDA:4,1460,0,0
BRDA:4,1460,1,0
BRDA:4,1461,0,0
BRDA:4,1461,1,0
BRDA:4,1462,0,0
BRDA:4,1462,1,0
BRDA:4,1463,0,0
BRDA:4,1463,1,0
BRDA:4,1464,0,0
BRDA:4,1464,1,0
BRDA:4,1465,0,0
BRDA:4,1465,1,0
BRDA:4,1466,0,0
BRDA:4,1466,1,0
BRDA:4,1467,0,0
BRDA:4,1467,1,0
BRDA:4,1468,0,0
BRDA:4,1468,1,0
BRDA:4,1469,0,0
BRDA:4,1469,1,0
BRDA:4,1469,2,0
BRDA:4,1469,3,0
BRDA:4,1470,0,0
BRDA:4,1470,1,0
BRDA:4,1470,2,0
BRDA:4,1471,0,0
BRDA:4,1471,1,0
BRDA:4,1472,0,0
BRDA:4,1472,1,0
BRDA:4,1473,0,0
BRDA:4,1473,1,0
BRDA:4,1474,0,0
BRDA:4,1474,1,0
BRDA:4,1475,0,0
BRDA:4,1475,1,0
BRDA:4,1476,0,0
BRDA:4,1476,1,0
BRDA:4,1477,0,0
BRDA:4,1477,1,0
BRDA:4,1478,0,0
BRDA:4,1478,1,0
BRDA:4,1479,0,0
BRDA:4,1479,1,0
BRDA:4,1480,0,0
BRDA:4,1480,1,0
BRDA:4,1481,0,0
BRDA:4,1481,1,0
BRDA:4,1482,0,0
BRDA:4,1482,1,0
BRDA:4,1482,2,0
BRDA:4,1483,0,0
BRDA:4,1483,1,0
BRDA:4,1484,0,0
BRDA:4,1484,1,0
BRDA:4,1484,2,0
BRDA:4,1484,3,0
BRDA:4,1484,4,0
BRDA:4,1484,5,0
BRDA:4,1485,0,0
BRDA:4,1485,1,0
BRDA:4,1486,0,0
BRDA:4,1486,1,0
BRDA:4,1487,0,0
BRDA:4,1487,1,0
BRDA:4,1488,0,0
BRDA:4,1488,1,0
BRDA:4,1488,2,0
BRDA:4,1488,3,0
BRDA:4,1489,0,0
BRDA:4,1489,1,0
BRDA:4,1490,0,0
BRDA:4,1490,1,0
BRDA:4,1491,0,0
BRDA:4,1491,1,0
BRDA:4,1492,0,0
BRDA:4,1492,1,0
BRDA:4,1493,0,0
BRDA:4,1493,1,0
BRDA:4,1494,0,0
BRDA:4,1494,1,0
BRDA:4,1495,0,0
BRDA:4,1495,1,0
BRDA:4,1495,2,0
BRDA:4,1496,0,0
BRDA:4,1496,1,0
BRDA:4,1496,2,0
BRDA:4,1497,0,0
BRDA:4,1497,1,0
BRDA:4,1498,0,0
BRDA:4,1498,1,0
BRDA:4,1498,2,0
BRDA:4,1499,0,0
BRDA:4,1499,1,0
BRDA:4,1500,0,0
BRDA:4,1500,1,0
BRDA:4,1500,2,0
BRDA:4,1501,0,0
BRDA:4,1501,1,0
BRDA:4,1502,0,0
BRDA:4,1502,1,0
BRDA:4,1503,0,0
BRDA:4,1503,1,0
BRDA:4,1504,0,0
BRDA:4,1504,1,0
BRDA:4,1505,0,0
BRDA:4,1505,1,0
BRDA:4,1505,2,0
BRDA:4,1506,0,0
BRDA:4,1506,1,0
BRDA:4,1507,0,0
BRDA:4,1507,1,0
BRDA:4,1508,0,0
BRDA:4,1508,1,0
BRDA:4,1509,0,0
BRDA:4,1509,1,0
BRDA:4,1510,0,0
BRDA:4,1510,1,0
BRDA:4,1511,0,0
BRDA:4,1511,1,0
BRDA:4,1512,0,0
BRDA:4,1512,1,0
BRDA:4,1513,0,0
BRDA:4,1513,1,0
BRDA:4,1514,0,0
BRDA:4,1514,1,0
BRDA:4,1515,0,0
BRDA:4,1515,1,0
BRDA:4,1515,2,0
BRDA:4,1516,0,0
BRDA:4,1516,1,0
BRDA:4,1517,0,0
BRDA:4,1517,1,0
BRDA:4,1517,2,0
BRDA:4,1517,3,0
BRDA:4,1518,0,0
BRDA:4,1518,1,0
BRDA:4,1519,0,0
BRDA:4,1519,1,0
BRDA:4,1520,0,0
BRDA:4,1520,1,0
BRDA:4,1521,0,0
BRDA:4,1521,1,0
BRDA:4,1522,0,0
BRDA:4,1522,1,0
BRDA:4,1523,0,0
BRDA:4,1523,1,0
BRDA:4,1524,0,0
BRDA:4,1524,1,0
BRDA:4,1524,2,0
BRDA:4,1524,3,0
BRDA:4,1525,0,0
BRDA:4,1525,1,0
BRDA:4,1526,0,0
BRDA:4,1526,1,0
BRDA:4,1527,0,0
BRDA:4,1527,1,0
BRDA:4,1528,0,0
BRDA:4,1528,1,0
BRDA:4,1529,0,0
BRDA:4,1529,1,0
BRDA:4,1530,0,0
BRDA:4,1530,1,0
BRDA:4,1531,0,0
BRDA:4,1531,1,0
BRDA:4,1532,0,0
BRDA:4,1532,1,0
BRDA:4,1533,0,0
BRDA:4,1533,1,0
BRDA:4,1534,0,0
BRDA:4,1534,1,0
BRDA:4,1534,2,0
BRDA:4,1535,0,0
BRDA:4,1535,1,0
BRDA:4,1536,0,0
BRDA:4,1536,1,0
BRDA:4,1537,0,0
BRDA:4,1537,1,0
BRDA:4,1538,0,0
BRDA:4,1538,1,0
BRDA:4,1539,0,0
BRDA:4,1539,1,0
BRDA:4,1540,0,0
BRDA:4,1540,1,0
BRDA:4,1541,0,0
BRDA:4,1541,1,0
BRDA:4,1541,2,0
BRDA:4,1542,0,0
BRDA:4,1542,1,0
BRDA:4,1543,0,0
BRDA:4,1543,1,0
BRDA:4,1544,0,0
BRDA:4,1544,1,0
BRDA:4,1545,0,0
BRDA:4,1545,1,0
BRDA:4,1546,0,0
BRDA:4,1546,1,0
BRDA:4,1546,2,0
BRDA:4,1547,0,0
BRDA:4,1547,1,0
BRDA:4,1548,0,0
BRDA:4,1548,1,0
BRDA:4,1549,0,0
BRDA:4,1549,1,0
BRDA:4,1550,0,0
BRDA:4,1550,1,0
BRDA:4,1551,0,0
BRDA:4,1551,1,0
BRDA:4,1552,0,0
BRDA:4,1552,1,0
BRDA:4,1553,0,0
BRDA:4,1553,1,0
BRDA:4,1554,0,0
BRDA:4,1554,1,0
BRDA:4,1555,0,0
BRDA:4,1555,1,0
BRDA:4,1555,2,0
BRDA:4,1556,0,0
BRDA:4,1556,1,0
BRDA:4,1557,0,0
BRDA:4,1557,1,0
BRDA:4,1558,0,0
BRDA:4,1558,1,0
BRDA:4,1559,0,0
BRDA:4,1559,1,0
BRDA:4,1560,0,0
BRDA:4,1560,1,0
BRDA:4,1561,0,0
BRDA:4,1561,1,0
BRDA:4,1562,0,0
BRDA:4,1562,1,0
BRDA:4,1563,0,0
BRDA:4,1563,1,0
BRDA:4,1564,0,0
BRDA:4,1564,1,0
BRDA:4,1565,0,0
BRDA:4,1565,1,0
BRDA:4,1566,0,0
BRDA:4,1566,1,0
BRDA:4,1567,0,0
BRDA:4,1567,1,0
BRDA:4,1568,0,0
BRDA:4,1568,1,0
BRDA:4,1569,0,0
BRDA:4,1569,1,0
BRDA:4,1570,0,0
BRDA:4,1570,1,0
BRDA:4,1571,0,0
BRDA:4,1571,1,0
BRDA:4,1572,0,0
BRDA:4,1572,1,0
BRDA:4,1573,0,0
BRDA:4,1573,1,0
BRDA:4,1574,0,0
BRDA:4,1574,1,0
BRDA:4,1575,0,0
BRDA:4,1575,1,0
BRDA:4,1576,0,0
BRDA:4,1576,1,0
BRDA:4,1577,0,0
BRDA:4,1577,1,0
BRDA:4,1577,2,0
BRDA:4,1578,0,0
BRDA:4,1578,1,0
BRDA:4,1579,0,0
BRDA:4,1579,1,0
BRDA:4,1580,0,0
BRDA:4,1580,1,0
BRDA:4,1581,0,0
BRDA:4,1581,1,0
BRDA:4,1582,0,0
BRDA:4,1582,1,0
BRDA:4,1583,0,0
BRDA:4,1583,1,0
BRDA:4,1584,0,0
BRDA:4,1584,1,0
BRDA:4,1585,0,0
BRDA:4,1585,1,0
BRDA:4,1586,0,0
BRDA:4,1586,1,0
BRDA:4,1587,0,0
BRDA:4,1587,1,0
BRDA:4,1587,2,0
BRDA:4,1588,0,0
BRDA:4,1588,1,0
BRDA:4,1589,0,0
BRDA:4,1589,1,0
BRDA:4,1590,0,0
BRDA:4,1590,1,0
BRDA:4,1591,0,0
BRDA:4,1591,1,0
BRDA:4,1592,0,0
BRDA:4,1592,1,0
BRDA:4,1593,0,0
BRDA:4,1593,1,0
BRDA:4,1594,0,0
BRDA:4,1594,1,0
BRDA:4,1595,0,0
BRDA:4,1595,1,0
BRDA:4,1595,2,0
BRDA:4,1596,0,0
BRDA:4,1596,1,0
BRDA:4,1597,0,0
BRDA:4,1597,1,0
BRDA:4,1597,2,0
BRDA:4,1598,0,0
BRDA:4,1598,1,0
BRF:3553
BRH:0
end_of_record
TN:
SF:C:\Users\s528926\44563\node-express-mvc-ejs-start\public\js\vendor\modernizr-2.8.3-respond-1.4.2.min.js
FN:4,(anonymous_1)
FN:4,D
FN:4,E
FN:4,F
FN:4,G
FN:4,H
FN:4,I
FN:4,J
FN:4,K
FN:4,(anonymous_10)
FN:4,(anonymous_11)
FN:4,(anonymous_12)
FN:4,(anonymous_13)
FN:4,(anonymous_14)
FN:4,(anonymous_15)
FN:4,d
FN:4,(anonymous_17)
FN:4,(anonymous_18)
FN:4,(anonymous_19)
FN:4,(anonymous_20)
FN:4,(anonymous_21)
FN:4,(anonymous_22)
FN:4,(anonymous_23)
FN:4,(anonymous_24)
FN:4,(anonymous_25)
FN:4,(anonymous_26)
FN:4,(anonymous_27)
FN:4,(anonymous_28)
FN:4,(anonymous_29)
FN:4,(anonymous_30)
FN:4,(anonymous_31)
FN:4,(anonymous_32)
FN:4,(anonymous_33)
FN:4,(anonymous_34)
FN:4,(anonymous_35)
FN:4,(anonymous_36)
FN:4,(anonymous_37)
FN:4,(anonymous_38)
FN:4,(anonymous_39)
FN:4,(anonymous_40)
FN:4,(anonymous_41)
FN:4,(anonymous_42)
FN:4,(anonymous_43)
FN:4,(anonymous_44)
FN:4,(anonymous_45)
FN:4,(anonymous_46)
FN:4,(anonymous_47)
FN:4,(anonymous_48)
FN:4,(anonymous_49)
FN:4,(anonymous_50)
FN:4,(anonymous_51)
FN:4,(anonymous_52)
FN:4,(anonymous_53)
FN:4,(anonymous_54)
FN:4,(anonymous_55)
FN:4,(anonymous_56)
FN:4,(anonymous_57)
FN:4,(anonymous_58)
FN:4,(anonymous_59)
FN:4,(anonymous_60)
FN:4,(anonymous_61)
FN:4,(anonymous_62)
FN:4,(anonymous_63)
FN:4,(anonymous_64)
FN:4,(anonymous_65)
FN:4,(anonymous_66)
FN:4,(anonymous_67)
FN:4,(anonymous_68)
FN:4,l
FN:4,m
FN:4,n
FN:4,o
FN:4,p
FN:4,q
FN:4,(anonymous_75)
FN:4,(anonymous_76)
FN:4,r
FN:4,(anonymous_78)
FN:4,(anonymous_79)
FN:4,(anonymous_80)
FN:4,(anonymous_81)
FN:4,(anonymous_82)
FN:4,d
FN:4,e
FN:4,f
FN:4,g
FN:4,h
FN:4,(anonymous_88)
FN:4,i
FN:4,k
FN:4,(anonymous_91)
FN:4,(anonymous_92)
FN:4,j
FN:4,k
FN:4,(anonymous_95)
FN:4,(anonymous_96)
FN:4,(anonymous_97)
FN:4,b
FN:4,g
FN:4,(anonymous_100)
FN:4,h
FN:4,c
FN:4,(anonymous_103)
FN:4,(anonymous_104)
FN:4,(anonymous_105)
FN:4,(anonymous_106)
FN:4,(anonymous_107)
FN:4,(anonymous_108)
FN:4,(anonymous_109)
FN:4,(anonymous_110)
FN:4,(anonymous_111)
FN:4,(anonymous_112)
FN:4,(anonymous_113)
FN:4,(anonymous_114)
FN:4,(anonymous_115)
FN:11,(anonymous_116)
FN:11,(anonymous_117)
FN:11,(anonymous_118)
FN:11,(anonymous_119)
FN:11,b
FN:11,(anonymous_121)
FN:11,(anonymous_122)
FN:11,(anonymous_123)
FN:11,(anonymous_124)
FN:11,(anonymous_125)
FN:11,(anonymous_126)
FN:11,(anonymous_127)
FN:11,(anonymous_128)
FN:11,(anonymous_129)
FN:11,(anonymous_130)
FN:11,(anonymous_131)
FN:11,(anonymous_132)
FN:11,(anonymous_133)
FN:11,(anonymous_134)
FNF:134
FNH:0
FNDA:0,(anonymous_1)
FNDA:0,D
FNDA:0,E
FNDA:0,F
FNDA:0,G
FNDA:0,H
FNDA:0,I
FNDA:0,J
FNDA:0,K
FNDA:0,(anonymous_10)
FNDA:0,(anonymous_11)
FNDA:0,(anonymous_12)
FNDA:0,(anonymous_13)
FNDA:0,(anonymous_14)
FNDA:0,(anonymous_15)
FNDA:0,d
FNDA:0,(anonymous_17)
FNDA:0,(anonymous_18)
FNDA:0,(anonymous_19)
FNDA:0,(anonymous_20)
FNDA:0,(anonymous_21)
FNDA:0,(anonymous_22)
FNDA:0,(anonymous_23)
FNDA:0,(anonymous_24)
FNDA:0,(anonymous_25)
FNDA:0,(anonymous_26)
FNDA:0,(anonymous_27)
FNDA:0,(anonymous_28)
FNDA:0,(anonymous_29)
FNDA:0,(anonymous_30)
FNDA:0,(anonymous_31)
FNDA:0,(anonymous_32)
FNDA:0,(anonymous_33)
FNDA:0,(anonymous_34)
FNDA:0,(anonymous_35)
FNDA:0,(anonymous_36)
FNDA:0,(anonymous_37)
FNDA:0,(anonymous_38)
FNDA:0,(anonymous_39)
FNDA:0,(anonymous_40)
FNDA:0,(anonymous_41)
FNDA:0,(anonymous_42)
FNDA:0,(anonymous_43)
FNDA:0,(anonymous_44)
FNDA:0,(anonymous_45)
FNDA:0,(anonymous_46)
FNDA:0,(anonymous_47)
FNDA:0,(anonymous_48)
FNDA:0,(anonymous_49)
FNDA:0,(anonymous_50)
FNDA:0,(anonymous_51)
FNDA:0,(anonymous_52)
FNDA:0,(anonymous_53)
FNDA:0,(anonymous_54)
FNDA:0,(anonymous_55)
FNDA:0,(anonymous_56)
FNDA:0,(anonymous_57)
FNDA:0,(anonymous_58)
FNDA:0,(anonymous_59)
FNDA:0,(anonymous_60)
FNDA:0,(anonymous_61)
FNDA:0,(anonymous_62)
FNDA:0,(anonymous_63)
FNDA:0,(anonymous_64)
FNDA:0,(anonymous_65)
FNDA:0,(anonymous_66)
FNDA:0,(anonymous_67)
FNDA:0,(anonymous_68)
FNDA:0,l
FNDA:0,m
FNDA:0,n
FNDA:0,o
FNDA:0,p
FNDA:0,q
FNDA:0,(anonymous_75)
FNDA:0,(anonymous_76)
FNDA:0,r
FNDA:0,(anonymous_78)
FNDA:0,(anonymous_79)
FNDA:0,(anonymous_80)
FNDA:0,(anonymous_81)
FNDA:0,(anonymous_82)
FNDA:0,d
FNDA:0,e
FNDA:0,f
FNDA:0,g
FNDA:0,h
FNDA:0,(anonymous_88)
FNDA:0,i
FNDA:0,k
FNDA:0,(anonymous_91)
FNDA:0,(anonymous_92)
FNDA:0,j
FNDA:0,k
FNDA:0,(anonymous_95)
FNDA:0,(anonymous_96)
FNDA:0,(anonymous_97)
FNDA:0,b
FNDA:0,g
FNDA:0,(anonymous_100)
FNDA:0,h
FNDA:0,c
FNDA:0,(anonymous_103)
FNDA:0,(anonymous_104)
FNDA:0,(anonymous_105)
FNDA:0,(anonymous_106)
FNDA:0,(anonymous_107)
FNDA:0,(anonymous_108)
FNDA:0,(anonymous_109)
FNDA:0,(anonymous_110)
FNDA:0,(anonymous_111)
FNDA:0,(anonymous_112)
FNDA:0,(anonymous_113)
FNDA:0,(anonymous_114)
FNDA:0,(anonymous_115)
FNDA:0,(anonymous_116)
FNDA:0,(anonymous_117)
FNDA:0,(anonymous_118)
FNDA:0,(anonymous_119)
FNDA:0,b
FNDA:0,(anonymous_121)
FNDA:0,(anonymous_122)
FNDA:0,(anonymous_123)
FNDA:0,(anonymous_124)
FNDA:0,(anonymous_125)
FNDA:0,(anonymous_126)
FNDA:0,(anonymous_127)
FNDA:0,(anonymous_128)
FNDA:0,(anonymous_129)
FNDA:0,(anonymous_130)
FNDA:0,(anonymous_131)
FNDA:0,(anonymous_132)
FNDA:0,(anonymous_133)
FNDA:0,(anonymous_134)
DA:4,0
DA:11,0
LF:2
LH:0
BRDA:4,1,0,0
BRDA:4,1,1,0
BRDA:4,2,0,0
BRDA:4,2,1,0
BRDA:4,3,0,0
BRDA:4,3,1,0
BRDA:4,4,0,0
BRDA:4,4,1,0
BRDA:4,5,0,0
BRDA:4,5,1,0
BRDA:4,6,0,0
BRDA:4,6,1,0
BRDA:4,7,0,0
BRDA:4,7,1,0
BRDA:4,8,0,0
BRDA:4,8,1,0
BRDA:4,9,0,0
BRDA:4,9,1,0
BRDA:4,10,0,0
BRDA:4,10,1,0
BRDA:4,11,0,0
BRDA:4,11,1,0
BRDA:4,12,0,0
BRDA:4,12,1,0
BRDA:4,13,0,0
BRDA:4,13,1,0
BRDA:4,14,0,0
BRDA:4,14,1,0
BRDA:4,15,0,0
BRDA:4,15,1,0
BRDA:4,16,0,0
BRDA:4,16,1,0
BRDA:4,16,2,0
BRDA:4,17,0,0
BRDA:4,17,1,0
BRDA:4,18,0,0
BRDA:4,18,1,0
BRDA:4,19,0,0
BRDA:4,19,1,0
BRDA:4,20,0,0
BRDA:4,20,1,0
BRDA:4,21,0,0
BRDA:4,21,1,0
BRDA:4,22,0,0
BRDA:4,22,1,0
BRDA:4,23,0,0
BRDA:4,23,1,0
BRDA:4,24,0,0
BRDA:4,24,1,0
BRDA:4,25,0,0
BRDA:4,25,1,0
BRDA:4,26,0,0
BRDA:4,26,1,0
BRDA:4,27,0,0
BRDA:4,27,1,0
BRDA:4,28,0,0
BRDA:4,28,1,0
BRDA:4,28,2,0
BRDA:4,29,0,0
BRDA:4,29,1,0
BRDA:4,30,0,0
BRDA:4,30,1,0
BRDA:4,31,0,0
BRDA:4,31,1,0
BRDA:4,32,0,0
BRDA:4,32,1,0
BRDA:4,33,0,0
BRDA:4,33,1,0
BRDA:4,34,0,0
BRDA:4,34,1,0
BRDA:4,34,2,0
BRDA:4,35,0,0
BRDA:4,35,1,0
BRDA:4,36,0,0
BRDA:4,36,1,0
BRDA:4,37,0,0
BRDA:4,37,1,0
BRDA:4,38,0,0
BRDA:4,38,1,0
BRDA:4,39,0,0
BRDA:4,39,1,0
BRDA:4,40,0,0
BRDA:4,40,1,0
BRDA:4,41,0,0
BRDA:4,41,1,0
BRDA:4,42,0,0
BRDA:4,42,1,0
BRDA:4,43,0,0
BRDA:4,43,1,0
BRDA:4,44,0,0
BRDA:4,44,1,0
BRDA:4,45,0,0
BRDA:4,45,1,0
BRDA:4,46,0,0
BRDA:4,46,1,0
BRDA:4,46,2,0
BRDA:4,47,0,0
BRDA:4,47,1,0
BRDA:4,47,2,0
BRDA:4,48,0,0
BRDA:4,48,1,0
BRDA:4,49,0,0
BRDA:4,49,1,0
BRDA:4,49,2,0
BRDA:4,50,0,0
BRDA:4,50,1,0
BRDA:4,51,0,0
BRDA:4,51,1,0
BRDA:4,52,0,0
BRDA:4,52,1,0
BRDA:4,52,2,0
BRDA:4,53,0,0
BRDA:4,53,1,0
BRDA:4,54,0,0
BRDA:4,54,1,0
BRDA:4,55,0,0
BRDA:4,55,1,0
BRDA:4,56,0,0
BRDA:4,56,1,0
BRDA:4,57,0,0
BRDA:4,57,1,0
BRDA:4,58,0,0
BRDA:4,58,1,0
BRDA:4,59,0,0
BRDA:4,59,1,0
BRDA:4,60,0,0
BRDA:4,60,1,0
BRDA:4,61,0,0
BRDA:4,61,1,0
BRDA:4,62,0,0
BRDA:4,62,1,0
BRDA:4,63,0,0
BRDA:4,63,1,0
BRDA:4,64,0,0
BRDA:4,64,1,0
BRDA:4,65,0,0
BRDA:4,65,1,0
BRDA:4,66,0,0
BRDA:4,66,1,0
BRDA:4,67,0,0
BRDA:4,67,1,0
BRDA:4,68,0,0
BRDA:4,68,1,0
BRDA:4,69,0,0
BRDA:4,69,1,0
BRDA:4,70,0,0
BRDA:4,70,1,0
BRDA:4,71,0,0
BRDA:4,71,1,0
BRDA:4,72,0,0
BRDA:4,72,1,0
BRDA:4,73,0,0
BRDA:4,73,1,0
BRDA:4,74,0,0
BRDA:4,74,1,0
BRDA:4,74,2,0
BRDA:4,75,0,0
BRDA:4,75,1,0
BRDA:4,76,0,0
BRDA:4,76,1,0
BRDA:4,77,0,0
BRDA:4,77,1,0
BRDA:4,78,0,0
BRDA:4,78,1,0
BRDA:4,79,0,0
BRDA:4,79,1,0
BRDA:4,80,0,0
BRDA:4,80,1,0
BRDA:4,81,0,0
BRDA:4,81,1,0
BRDA:4,82,0,0
BRDA:4,82,1,0
BRDA:4,83,0,0
BRDA:4,83,1,0
BRDA:4,84,0,0
BRDA:4,84,1,0
BRDA:4,85,0,0
BRDA:4,85,1,0
BRDA:4,85,2,0
BRDA:4,86,0,0
BRDA:4,86,1,0
BRDA:4,87,0,0
BRDA:4,87,1,0
BRDA:4,88,0,0
BRDA:4,88,1,0
BRDA:4,89,0,0
BRDA:4,89,1,0
BRDA:4,90,0,0
BRDA:4,90,1,0
BRDA:4,91,0,0
BRDA:4,91,1,0
BRDA:4,92,0,0
BRDA:4,92,1,0
BRDA:4,92,2,0
BRDA:4,92,3,0
BRDA:4,93,0,0
BRDA:4,93,1,0
BRDA:4,94,0,0
BRDA:4,94,1,0
BRDA:4,95,0,0
BRDA:4,95,1,0
BRDA:4,96,0,0
BRDA:4,96,1,0
BRDA:4,96,2,0
BRDA:4,97,0,0
BRDA:4,97,1,0
BRDA:4,98,0,0
BRDA:4,98,1,0
BRDA:4,99,0,0
BRDA:4,99,1,0
BRDA:4,100,0,0
BRDA:4,100,1,0
BRDA:4,100,2,0
BRDA:4,100,3,0
BRDA:4,101,0,0
BRDA:4,101,1,0
BRDA:4,102,0,0
BRDA:4,102,1,0
BRDA:4,103,0,0
BRDA:4,103,1,0
BRDA:4,104,0,0
BRDA:4,104,1,0
BRDA:4,105,0,0
BRDA:4,105,1,0
BRDA:4,105,2,0
BRDA:4,106,0,0
BRDA:4,106,1,0
BRDA:4,107,0,0
BRDA:4,107,1,0
BRDA:4,108,0,0
BRDA:4,108,1,0
BRDA:4,109,0,0
BRDA:4,109,1,0
BRDA:4,110,0,0
BRDA:4,110,1,0
BRDA:4,111,0,0
BRDA:4,111,1,0
BRDA:4,112,0,0
BRDA:4,112,1,0
BRDA:4,113,0,0
BRDA:4,113,1,0
BRDA:4,114,0,0
BRDA:4,114,1,0
BRDA:4,115,0,0
BRDA:4,115,1,0
BRDA:4,116,0,0
BRDA:4,116,1,0
BRDA:4,117,0,0
BRDA:4,117,1,0
BRDA:4,118,0,0
BRDA:4,118,1,0
BRDA:4,119,0,0
BRDA:4,119,1,0
BRDA:4,120,0,0
BRDA:4,120,1,0
BRDA:4,121,0,0
BRDA:4,121,1,0
BRDA:4,122,0,0
BRDA:4,122,1,0
BRDA:4,123,0,0
BRDA:4,123,1,0
BRDA:4,124,0,0
BRDA:4,124,1,0
BRDA:4,125,0,0
BRDA:4,125,1,0
BRDA:4,126,0,0
BRDA:4,126,1,0
BRDA:4,127,0,0
BRDA:4,127,1,0
BRDA:4,128,0,0
BRDA:4,128,1,0
BRDA:4,129,0,0
BRDA:4,129,1,0
BRDA:4,130,0,0
BRDA:4,130,1,0
BRDA:4,131,0,0
BRDA:4,131,1,0
BRDA:4,132,0,0
BRDA:4,132,1,0
BRDA:4,133,0,0
BRDA:4,133,1,0
BRDA:4,133,2,0
BRDA:4,134,0,0
BRDA:4,134,1,0
BRDA:4,135,0,0
BRDA:4,135,1,0
BRDA:4,136,0,0
BRDA:4,136,1,0
BRDA:4,137,0,0
BRDA:4,137,1,0
BRDA:4,137,2,0
BRDA:4,138,0,0
BRDA:4,138,1,0
BRDA:4,138,2,0
BRDA:4,139,0,0
BRDA:4,139,1,0
BRDA:4,140,0,0
BRDA:4,140,1,0
BRDA:4,141,0,0
BRDA:4,141,1,0
BRDA:4,142,0,0
BRDA:4,142,1,0
BRDA:4,143,0,0
BRDA:4,143,1,0
BRDA:4,144,0,0
BRDA:4,144,1,0
BRDA:4,145,0,0
BRDA:4,145,1,0
BRDA:4,146,0,0
BRDA:4,146,1,0
BRDA:4,147,0,0
BRDA:4,147,1,0
BRDA:4,147,2,0
BRDA:4,148,0,0
BRDA:4,148,1,0
BRDA:4,149,0,0
BRDA:4,149,1,0
BRDA:4,150,0,0
BRDA:4,150,1,0
BRDA:4,151,0,0
BRDA:4,151,1,0
BRDA:4,152,0,0
BRDA:4,152,1,0
BRDA:4,153,0,0
BRDA:4,153,1,0
BRDA:4,154,0,0
BRDA:4,154,1,0
BRDA:4,155,0,0
BRDA:4,155,1,0
BRDA:4,156,0,0
BRDA:4,156,1,0
BRDA:4,157,0,0
BRDA:4,157,1,0
BRDA:4,158,0,0
BRDA:4,158,1,0
BRDA:4,159,0,0
BRDA:4,159,1,0
BRDA:4,160,0,0
BRDA:4,160,1,0
BRDA:4,161,0,0
BRDA:4,161,1,0
BRDA:4,162,0,0
BRDA:4,162,1,0
BRDA:4,162,2,0
BRDA:4,163,0,0
BRDA:4,163,1,0
BRDA:4,164,0,0
BRDA:4,164,1,0
BRDA:4,165,0,0
BRDA:4,165,1,0
BRDA:4,166,0,0
BRDA:4,166,1,0
BRDA:4,166,2,0
BRDA:4,167,0,0
BRDA:4,167,1,0
BRDA:4,168,0,0
BRDA:4,168,1,0
BRDA:4,169,0,0
BRDA:4,169,1,0
BRDA:4,170,0,0
BRDA:4,170,1,0
BRDA:4,171,0,0
BRDA:4,171,1,0
BRDA:11,172,0,0
BRDA:11,172,1,0
BRDA:11,173,0,0
BRDA:11,173,1,0
BRDA:11,174,0,0
BRDA:11,174,1,0
BRDA:11,175,0,0
BRDA:11,175,1,0
BRDA:11,175,2,0
BRDA:11,175,3,0
BRDA:11,176,0,0
BRDA:11,176,1,0
BRDA:11,177,0,0
BRDA:11,177,1,0
BRDA:11,178,0,0
BRDA:11,178,1,0
BRDA:11,178,2,0
BRDA:11,179,0,0
BRDA:11,179,1,0
BRDA:11,180,0,0
BRDA:11,180,1,0
BRDA:11,181,0,0
BRDA:11,181,1,0
BRDA:11,182,0,0
BRDA:11,182,1,0
BRDA:11,183,0,0
BRDA:11,183,1,0
BRDA:11,184,0,0
BRDA:11,184,1,0
BRDA:11,185,0,0
BRDA:11,185,1,0
BRDA:11,185,2,0
BRDA:11,185,3,0
BRDA:11,186,0,0
BRDA:11,186,1,0
BRDA:11,187,0,0
BRDA:11,187,1,0
BRDA:11,187,2,0
BRDA:11,188,0,0
BRDA:11,188,1,0
BRDA:11,189,0,0
BRDA:11,189,1,0
BRDA:11,190,0,0
BRDA:11,190,1,0
BRDA:11,191,0,0
BRDA:11,191,1,0
BRDA:11,192,0,0
BRDA:11,192,1,0
BRDA:11,193,0,0
BRDA:11,193,1,0
BRDA:11,194,0,0
BRDA:11,194,1,0
BRDA:11,195,0,0
BRDA:11,195,1,0
BRDA:11,195,2,0
BRDA:11,195,3,0
BRDA:11,195,4,0
BRDA:11,195,5,0
BRDA:11,196,0,0
BRDA:11,196,1,0
BRDA:11,197,0,0
BRDA:11,197,1,0
BRDA:11,198,0,0
BRDA:11,198,1,0
BRDA:11,199,0,0
BRDA:11,199,1,0
BRDA:11,199,2,0
BRDA:11,199,3,0
BRDA:11,200,0,0
BRDA:11,200,1,0
BRDA:11,201,0,0
BRDA:11,201,1,0
BRDA:11,202,0,0
BRDA:11,202,1,0
BRDA:11,202,2,0
BRDA:11,203,0,0
BRDA:11,203,1,0
BRDA:11,204,0,0
BRDA:11,204,1,0
BRDA:11,205,0,0
BRDA:11,205,1,0
BRDA:11,206,0,0
BRDA:11,206,1,0
BRDA:11,207,0,0
BRDA:11,207,1,0
BRDA:11,208,0,0
BRDA:11,208,1,0
BRDA:11,209,0,0
BRDA:11,209,1,0
BRDA:11,210,0,0
BRDA:11,210,1,0
BRDA:11,210,2,0
BRDA:11,211,0,0
BRDA:11,211,1,0
BRDA:11,212,0,0
BRDA:11,212,1,0
BRDA:11,213,0,0
BRDA:11,213,1,0
BRDA:11,214,0,0
BRDA:11,214,1,0
BRDA:11,215,0,0
BRDA:11,215,1,0
BRDA:11,216,0,0
BRDA:11,216,1,0
BRDA:11,217,0,0
BRDA:11,217,1,0
BRDA:11,217,2,0
BRDA:11,217,3,0
BRDA:11,218,0,0
BRDA:11,218,1,0
BRDA:11,219,0,0
BRDA:11,219,1,0
BRDA:11,220,0,0
BRDA:11,220,1,0
BRDA:11,220,2,0
BRDA:11,220,3,0
BRDA:11,221,0,0
BRDA:11,221,1,0
BRDA:11,222,0,0
BRDA:11,222,1,0
BRDA:11,223,0,0
BRDA:11,223,1,0
BRF:485
BRH:0
end_of_record
TN:
SF:C:\Users\s528926\44563\node-express-mvc-ejs-start\routes\index.js
FNF:0
FNH:0
DA:10,0
DA:11,0
DA:13,0
DA:14,0
DA:17,0
DA:18,0
DA:19,0
DA:23,0
DA:24,0
DA:25,0
DA:26,0
DA:27,0
DA:28,0
DA:29,0
DA:30,0
DA:31,0
DA:33,0
DA:34,0
LF:18
LH:0
BRF:0
BRH:0
end_of_record
TN:
SF:C:\Users\s528926\44563\node-express-mvc-ejs-start\utils\logger.js
FNF:0
FNH:0
DA:1,0
DA:2,0
DA:3,0
DA:5,0
DA:7,0
DA:8,0
DA:11,0
DA:24,0
LF:8
LH:0
BRDA:7,1,0,0
BRDA:7,1,1,0
BRF:2
BRH:0
end_of_record
TN:
SF:C:\Users\s528926\44563\node-express-mvc-ejs-start\utils\seeder.js
FNF:0
FNH:0
DA:2,0
DA:3,0
DA:7,0
DA:8,0
DA:9,0
DA:10,0
DA:11,0
DA:12,0
DA:13,0
DA:14,0
DA:19,0
DA:20,0
DA:21,0
DA:25,0
DA:26,0
DA:29,0
DA:33,0
DA:34,0
DA:38,0
DA:39,0
DA:42,0
DA:46,0
DA:47,0
DA:50,0
DA:53,0
DA:54,0
DA:58,0
DA:59,0
DA:62,0
DA:65,0
DA:66,0
DA:70,0
DA:71,0
DA:74,0
DA:77,0
DA:78,0
DA:81,0
DA:82,0
DA:85,0
DA:88,0
DA:89,0
DA:93,0
DA:94,0
DA:97,0
DA:100,0
DA:101,0
DA:104,0
DA:105,0
DA:108,0
DA:112,0
DA:113,0
DA:117,0
LF:52
LH:0
BRF:0
BRH:0
end_of_record
